# every column is followed by the variance. Then you have the following: 
#g(0, 0), different atom index: 4
#g(0, 0), same atom index: 10
#g(0, 1), different atom index: 0
#g(0, 1), same atom index: 6
#g(1, 1), different atom index: 2
#g(1, 1), same atom index: 8
0 0 0 0 0 0 0 0 0 0 125 0 250 0
0 1 0 0 0 0 0 0 0 0 0 0 0 0
0 2 0 0 0 0 0 0 0 0 0 0 0 0
0 3 0 0 0 0 0 0 0 0 0 0 0 0
0 4 0 0 0 0 0 0 0 0 0 0 0 0
0 5 0 0 0 0 0 0 0 0 0 0 0 0
0 6 0 0 0 0 0 0 0 0 0 0 0 0
0 7 0 0 0 0 0 0 0 0 0 0 0 0
0 8 0 0 0 0 0 0 0 0 0 0 0 0
0 9 0 0 0 0 0 0 0 0 0 0 0 0
0 10 0 0 0 0 0 0 0 0 0 0 0 0
0 11 0 0 0 0 0 0 0 0 0 0 0 0
0 12 0 0 0 0 0 0 0 0 0 0 0 0
0 13 0 0 0 0 0 0 0 0 0 0 0 0
0 14 0 0 0 0 0 0 0 0 0 0 0 0
0 15 0 0 0 0 0 0 0 0 0 0 0 0
0 16 0 0 0 0 0 0 0 0 0 0 0 0
0 17 0 0 0 0 0 0 0 0 0 0 0 0
0 18 0 0 0 0 0 0 0 0 0 0 0 0
0 19 0 0 0 0 0 0 0 0 0 0 0 0
0 20 0 0 0 0 0 0 0 0 0 0 0 0
0 21 0 0 0 0 0 0 0 0 0 0 0 0
0 22 0 0 0 0 0 0 0 0 0 0 0 0
0 23 0 0 0 0 0 0 0 0 0 0 0 0
0 24 0 0 0 0 0 0 0 0 0 0 0 0
0 25 0 0 0 0 0 0 0 0 0 0 0 0
0 26 0 0 0 0 0 0 0 0 0 0 0 0
0 27 0 0 0 0 0 0 0 0 0 0 0 0
0 28 0 0 0 0 0 0 0 0 0 0 0 0
0 29 0 0 0 0 0 0 0 0 0 0 0 0
0 30 0 0 0 0 0 0 0 0 0 0 0 0
0 31 0 0 0 0 0 0 0 0 0 0 0 0
0 32 0 0 0 0 0 0 0 0 0 0 0 0
0 33 0 0 0 0 0 0 0 0 0 0 0 0
0 34 0 0 0 0 0 0 0 0 0 0 0 0
0 35 0 0 0 0 0 0 0 0 0 0 0 0
0 36 0 0 0 0 0 0 0 0 0 0 0 0
0 37 0 0 0 0 0 0 0 0 0 0 0 0
0 38 0 0 0 0 0 0 0 0 0 0 0 0
0 39 0 0 0 0 0 0 0 0 0 0 0 0
0 40 0 0 0 0 0 0 0 0 0 0 0 0
0 41 0 0 0 0 0 0 0 0 0 0 0 0
0 42 0 0 0 0 0 0 0 0 0 0 0 0
0 43 0 0 0 0 0 0 0 0 0 0 0 0
0 44 0 0 0 0 0 0 0 0 0 0 0 0
0 45 0 0 0 0 0 0 0 0 0 0 0 0
0 46 0 0 0 0 0 0 0 0 0 0 0 0
0 47 0 0 0 0 0 0 0 0 0 0 0 0
0 48 0 0 0 0 0 0 0 0 0 0 0 0
0 49 0 0 0 0 0 0 0 0 0 0 0 0
0 50 0 0 0 0 0 0 0 0 0 0 0 0
0 51 0 0 0 0 0 0 0 0 0 0 0 0
0 52 0 0 0 0 0 0 0 0 0 0 0 0
0 53 0 0 0 0 0 0 0 0 0 0 0 0
0 54 0 0 0 0 0 0 0 0 0 0 0 0
0 55 0 0 0 0 0 0 0 0 0 0 0 0
0 56 4.8e-05 2.304e-09 0 0 0 0 0 0 0 0 0 0
0 57 0.000736 1.59403e-07 0 0 0 0 0 0 0 0 0 0
0 58 0.013504 5.082e-06 0 0 0 0 0 0 0 0 0 0
0 59 0.151344 5.88268e-05 0 0 0 0 0 0 0 0 0 0
0 60 1.10093 0.000707989 0 0 0 0 0 0 0 0 0 0
0 61 5.35366 0.00544597 0 0 0 0 0 0 0 0 0 0
0 62 17.77 0.0120164 0 0 0 0 0 0 0 0 0 0
0 63 41.1576 0.0148591 0 0 0 0 0 0 0 0 0 0
0 64 69.7994 0.0468136 0 0 0 0 0 0 0 0 0 0
0 65 90.2444 0.110407 0 0 0 0 0 0 0 0 0 0
0 66 91.2948 0.0605348 0 0 0 0 0 0 0 0 0 0
0 67 74.7668 0.00946351 0 0 0 0 0 0 0 0 0 0
0 68 51.0477 0.0264458 0 0 0 0 0 0 0 0 0 0
0 69 29.8103 0.0255042 0 0 0 0 0 0 0 0 0 0
0 70 15.2944 0.0222321 0 0 0 0 0 0 0 0 0 0
0 71 7.15446 0.0121188 0 0 0 0 0 0 0 0 0 0
0 72 3.05891 0.00545899 0 0 0 0 0 0 0 0 0 0
0 73 1.21858 0.00135277 0 0 0 0 0 0 0 0 0 0
0 74 0.469008 0.000312858 0 0 0 0 0 0 0 0 0 0
0 75 0.178048 8.32824e-05 0 0 0 0 0 0 0 0 0 0
0 76 0.07104 1.97973e-05 0 0 0 0 0 0 0 0 0 0
0 77 0.0268 6.61234e-06 0 0 0 0 0 0 0 0 0 0
0 78 0.010128 1.10367e-06 0 0 0 0 0 0 0 0 0 0
0 79 0.00408 3.84711e-07 0 0 0 0 0 0 0 0 0 0
0 80 0.00232 1.15627e-07 0 0 0 0 0 0 0 0 0 0
0 81 0.001616 5.54382e-08 0 0 0 0 0 0 0 0 0 0
0 82 0.001488 1.10393e-07 0 0 1.6e-05 2.56e-10 0 0 0 0 0 0
0 83 0.001792 1.34144e-07 0 0 0.000192 6.71289e-09 0 0 0 0 0 0
0 84 0.00256 1.68391e-07 0 0 0.000384 8.07822e-09 0 0 0 0 0 0
0 85 0.004704 1.42905e-07 0 0 0.00096 5.29067e-08 0 0 0 0 0 0
0 86 0.008816 5.52647e-07 0 0 0.00248 1.01973e-07 0 0 0 0 0 0
0 87 0.016352 5.85273e-07 0 0 0.006064 2.0278e-07 0 0 0 0 0 0
0 88 0.025648 1.35114e-06 0 0 0.01568 5.80836e-07 0 0 0 0 0 0
0 89 0.040576 2.11695e-06 0 0 0.034672 1.95132e-06 0 0 0 0 0 0
0 90 0.066016 4.7492e-06 0 0 0.078592 2.5468e-06 0 0 0 0 0 0
0 91 0.103216 4.38753e-06 0 0 0.170624 6.65839e-06 0 0 0 0 0 0
0 92 0.158752 1.10921e-05 0 0 0.340624 1.61334e-05 0 0 0 0 0 0
0 93 0.233136 2.32149e-05 0 0 0.648864 6.58683e-05 0 0 0 0 0 0
0 94 0.339536 4.25258e-05 0 0 1.15622 0.000126003 0 0 0 0 0 0
0 95 0.484352 0.0001465 0 0 1.96886 0.000110497 0 0 0 0 0 0
0 96 0.676976 0.000129397 0 0 3.18651 0.000318201 0 0 0 0 0 0
0 97 0.921344 0.000117803 0 0 4.87243 0.000417833 0 0 0 0 0 0
0 98 1.22394 0.000215544 0 0 7.06541 0.000535813 0 0 0 0 0 0
0 99 1.5953 0.000496542 0 0 9.68518 0.00103858 0 0 0 0 0 0
0 100 2.04475 0.000709301 0 0 12.6317 0.00152616 0 0 0 0 0 0
0 101 2.57208 0.000567659 0 0 15.5766 0.00256234 0 0 0 0 0 0
0 102 3.15354 0.00109156 0 0 18.2977 0.00383862 0 0 0 0 0 0
0 103 3.81227 0.00104873 0 0 20.3998 0.0029575 0 0 0 0 0 0
0 104 4.57141 0.00112451 0 0 21.6519 0.00211822 0 0 0 0 0 0
0 105 5.36944 0.00216556 0 0 21.888 0.00180943 0 0 0 0 0 0
0 106 6.17909 0.00195978 0 0 21.0431 0.00104256 0 0 0 0 0 0
0 107 7.03584 0.00225981 0 0 19.3442 0.00163933 0 0 0 0 0 0
0 108 7.89635 0.00384925 0 0 16.9764 0.00151622 0 0 0 0 0 0
0 109 8.73883 0.00388329 0 0 14.2106 0.00123224 0 0 0 0 0 0
0 110 9.56984 0.00356354 0 0 11.4428 0.00175187 0 0 0 0 0 0
0 111 10.3552 0.00582042 0 0 8.80922 0.00166771 0 0 0 0 0 0
0 112 11.0459 0.00482583 0 0 6.5463 0.00146748 0 0 0 0 0 0
0 113 11.6438 0.00418773 0 0 4.70926 0.00105461 0 0 0 0 0 0
0 114 12.1911 0.00277519 0 0 3.33046 0.000979537 0 0 0 0 0 0
0 115 12.5965 0.00325333 0 0 2.34734 0.000810123 0 0 0 0 0 0
0 116 12.9236 0.00375438 0 0 1.71818 0.000603899 0 0 0 0 0 0
0 117 13.1409 0.00210012 0 0 1.34835 0.000572971 0 0 0 0 0 0
0 118 13.2389 0.00130234 0 0 1.1776 0.000485608 0 0 0 0 0 0
0 119 13.2359 0.00267661 0 0 1.17408 0.000223342 0 0 0 0 0 0
0 120 13.2166 0.00185821 0 0 1.2753 0.000381123 0 0 0 0 0 0
0 121 13.0768 0.00115919 0 0 1.45933 0.000381452 0 0 0 0 0 0
0 122 12.9082 0.000951745 0 0 1.71992 0.00032934 0 0 0 0 0 0
0 123 12.6156 0.000685912 0 0 2.02907 0.000685284 0 0 0 0 0 0
0 124 12.3237 0.000285121 0 0 2.40134 0.00050914 0 0 0 0 0 0
0 125 11.9556 0.000542066 0 0 2.81984 0.000868887 0 0 0 0 0 0
0 126 11.5462 0.000490317 0 0 3.2847 0.00135205 0 0 0 0 0 0
0 127 11.11 0.000252688 0 0 3.83253 0.00222042 0 0 0 0 0 0
0 128 10.6483 0.000892045 0 0 4.4261 0.00249468 0 0 0 0 0 0
0 129 10.2115 0.000938427 0 0 5.04784 0.00207163 0 0 0 0 0 0
0 130 9.76584 0.00109535 0 0 5.73862 0.00218834 0 0 0 0 0 0
0 131 9.31696 0.00083493 0 0 6.49192 0.00201174 0 0 0 0 0 0
0 132 8.85707 0.00079771 0 0 7.29763 0.00340581 0 0 0 0 0 0
0 133 8.436 0.000576764 0 0 8.13664 0.00414229 0 0 0 0 0 0
0 134 8.00843 0.000662128 0 0 9.01256 0.00472269 0 0 0 0 0 0
0 135 7.62782 0.00035009 0 0 9.91344 0.0054165 0 0 0 0 0 0
0 136 7.23781 0.000866646 0 0 10.848 0.00513749 0 0 0 0 0 0
0 137 6.88856 0.000757364 0 0 11.8137 0.00633287 0 0 0 0 0 0
0 138 6.51786 0.000718324 0 0 12.7788 0.00615175 0 0 0 0 0 0
0 139 6.22421 0.000687724 0 0 13.7306 0.00665589 0 0 0 0 0 0
0 140 5.93091 0.000791652 0 0 14.7311 0.00694301 0 0 0 0 0 0
0 141 5.66576 0.00103349 0 0 15.6813 0.00865531 0 0 0 0 0 0
0 142 5.36656 0.00121392 0 0 16.6014 0.00761887 0 0 0 0 0 0
0 143 5.12624 0.000701677 0 0 17.5265 0.0083285 0 0 0 0 0 0
0 144 4.88702 0.000481884 0 0 18.4143 0.00750377 0 0 0 0 0 0
0 145 4.66179 0.000799678 0 0 19.266 0.00695518 0 0 0 0 0 0
0 146 4.45346 0.00071405 0 0 20.0439 0.00765751 0 0 0 0 0 0
0 147 4.2668 0.000978789 0 0 20.7381 0.00886164 0 0 0 0 0 0
0 148 4.10603 0.000550758 0 0 21.3669 0.00670357 0 0 0 0 0 0
0 149 3.92832 0.000534501 0 0 21.9776 0.00758545 0 0 0 0 0 0
0 150 3.80021 0.000607989 8e-05 6.4e-09 22.48 0.00985048 0 0 0 0 0 0
0 151 3.65453 0.000579399 0.000192 1.6384e-08 22.8999 0.00781035 0 0 0 0 0 0
0 152 3.56074 0.00055665 0.000144 9.35822e-09 23.2927 0.00630602 0 0 0 0 0 0
0 153 3.47038 0.00040554 0.000752 6.77262e-08 23.6419 0.00442241 0 0 0 0 0 0
0 154 3.37811 0.00034999 0.003024 4.83243e-07 23.8389 0.00587138 0 0 0 0 0 0
0 155 3.31706 0.000409056 0.006432 1.12526e-07 23.9712 0.0051221 0 0 0 0 0 0
0 156 3.25413 0.000527968 0.015776 1.21014e-06 23.9642 0.00355038 0 0 0 0 0 0
0 157 3.19549 0.000436626 0.030928 2.48721e-06 23.9846 0.00307437 0 0 0 0 0 0
0 158 3.16296 0.000322943 0.056832 8.22204e-06 23.9509 0.00285082 0 0 0 0 0 0
0 159 3.13678 0.000436215 0.106368 1.38995e-05 23.802 0.00359835 0 0 0 0 0 0
0 160 3.14971 0.000354197 0.187376 3.52725e-05 23.6313 0.00222318 0 0 0 0 0 0
0 161 3.16525 0.000476889 0.31456 2.04919e-05 23.4352 0.00195122 0 0 0 0 0 0
0 162 3.20726 0.000384927 0.499232 7.43548e-05 23.1445 0.000903666 0 0 0 0 0 0
0 163 3.22934 0.00058336 0.7608 0.000207413 22.8854 0.00110886 0 0 0 0 0 0
0 164 3.26008 0.000649206 1.11918 0.000293595 22.5608 0.00217081 0 0 0 0 0 0
0 165 3.34386 0.00047192 1.56005 0.00022192 22.1957 0.00358847 0 0 0 0 0 0
0 166 3.43706 0.000309833 2.1455 0.000557791 21.849 0.00567894 0 0 0 0 0 0
0 167 3.53557 0.000552021 2.81869 0.00100895 21.395 0.00539848 0 0 0 0 0 0
0 168 3.67256 0.00044159 3.62627 0.00150781 20.9926 0.00638685 0 0 0 0 0 0
0 169 3.8472 0.000813204 4.54027 0.00201436 20.5805 0.00435759 0 0 0 0 0 0
0 170 3.99614 0.000657284 5.55715 0.00192999 20.1876 0.0047698 0 0 0 0 0 0
0 171 4.22366 0.000438851 6.70027 0.00216219 19.7643 0.00669099 0 0 0 0 0 0
0 172 4.47547 0.000339857 7.91674 0.00206937 19.4043 0.00641905 0 0 0 0 0 0
0 173 4.73134 0.000309682 9.1659 0.00321039 19.0128 0.00781704 0 0 0 0 0 0
0 174 5.04147 0.000701719 10.2625 0.00430225 18.6407 0.00630653 0 0 0 0 0 0
0 175 5.4012 0.000651458 11.3507 0.00478194 18.3272 0.00703478 0 0 0 0 0 0
0 176 5.80218 0.000409541 12.3409 0.00672765 17.9828 0.00924799 0 0 0 0 0 0
0 177 6.2253 0.000314584 13.2836 0.0045964 17.6904 0.00566626 0 0 0 0 0 0
0 178 6.7288 0.000448714 14.0912 0.00516218 17.4684 0.00661592 0 0 0 0 0 0
0 179 7.24261 0.000664074 14.7467 0.00536863 17.2271 0.00780302 0 0 0 0 0 0
0 180 7.82466 0.000360229 15.2887 0.00769023 17.0284 0.00566408 0 0 0 0 0 0
0 181 8.48851 0.000461489 15.6133 0.00467245 16.8301 0.00846133 0 0 0 0 0 0
0 182 9.22946 0.000566113 15.7634 0.003828 16.7126 0.00613879 0 0 0 0 0 0
0 183 9.95547 0.000820045 15.7521 0.00359569 16.6021 0.00676429 0 0 0 0 0 0
0 184 10.8264 0.00113407 15.7218 0.00458106 16.5088 0.00660497 0 0 0 0 0 0
0 185 11.7154 0.00146524 15.5367 0.00344845 16.4518 0.00757301 0 0 0 0 0 0
0 186 12.7464 0.00296505 15.2121 0.00200513 16.4118 0.00650658 0 0 0 0 0 0
0 187 13.8455 0.00233554 14.7896 0.0021734 16.4192 0.00857508 0 0 0 0 0 0
0 188 14.9429 0.00248906 14.3914 0.000942994 16.497 0.00849729 0 0 0 0 0 0
0 189 16.1375 0.00396271 13.964 0.000678483 16.5336 0.00699193 0 0 0 0 0 0
0 190 17.352 0.00396164 13.4397 0.000826596 16.6576 0.00703588 0 0 0 0 0 0
0 191 18.6662 0.00382512 12.9131 0.00158993 16.7734 0.00466061 0 0 0 0 0 0
0 192 20.0758 0.00570148 12.3598 0.00184201 16.9151 0.0062111 0 0 0 0 0 0
0 193 21.5229 0.00560223 11.7518 0.00266713 17.0619 0.0061475 0 0 0 0 0 0
0 194 23.0003 0.00414672 11.2324 0.00130615 17.3227 0.00610203 0 0 0 0 0 0
0 195 24.5372 0.00593392 10.7321 0.00117941 17.5334 0.00432117 0 0 0 0 0 0
0 196 26.1287 0.00657723 10.2342 0.0011322 17.8084 0.00347425 0 0 0 0 0 0
0 197 27.6857 0.00660594 9.73558 0.00103693 18.0659 0.00314259 0 0 0 0 0 0
0 198 29.3441 0.00605544 9.26789 0.00116108 18.3801 0.0039681 0 0 0 0 0 0
0 199 31.0498 0.00649695 8.8873 0.000871129 18.7317 0.00297622 0 0 0 0 0 0
0 200 32.7026 0.00616231 8.52912 0.000995781 19.0501 0.00323718 0 0 0 0 0 0
0 201 34.3473 0.00740346 8.18722 0.00145413 19.4175 0.00305782 0 0 0 0 0 0
0 202 36.0225 0.00597212 7.85154 0.00146251 19.8269 0.00303993 0 0 0 0 0 0
0 203 37.5991 0.00802362 7.59582 0.00111796 20.2675 0.00378271 0 0 0 0 0 0
0 204 39.1447 0.00513598 7.34461 0.00163089 20.7142 0.00377278 0 0 0 0 0 0
0 205 40.6859 0.0107268 7.07472 0.00128829 21.1952 0.00375828 0 0 0 0 0 0
0 206 42.1165 0.00717265 6.90443 0.00135685 21.6651 0.00144096 0 0 0 0 0 0
0 207 43.361 0.00604054 6.71262 0.000830825 22.1638 0.00216858 0 0 0 0 0 0
0 208 44.6694 0.00681502 6.56426 0.000702914 22.7161 0.00181582 0 0 0 0 0 0
0 209 45.8234 0.00569298 6.39837 0.000804838 23.2513 0.00380465 0 0 0 0 0 0
0 210 46.9301 0.0100565 6.29571 0.00224136 23.7855 0.00278262 0 0 0 0 0 0
0 211 47.9547 0.0084509 6.18069 0.0019827 24.3864 0.00266726 0 0 0 0 0 0
0 212 48.8371 0.00593869 6.11557 0.00142305 24.974 0.0021486 0 0 0 0 0 0
0 213 49.6162 0.00417384 6.0873 0.00247364 25.5913 0.00318529 0 0 0 0 0 0
0 214 50.2924 0.00398922 6.01173 0.00217133 26.2334 0.00335306 0 0 0 0 0 0
0 215 50.9013 0.00502945 5.95114 0.00143869 26.863 0.00252411 0 0 0 0 0 0
0 216 51.3601 0.00496169 5.94245 0.00146332 27.5843 0.00201096 0 0 0 0 0 0
0 217 51.6608 0.0037574 5.95454 0.00156768 28.2388 0.00103524 0 0 0 0 0 0
0 218 51.9647 0.00617734 5.92842 0.00186776 28.9428 0.00149158 0 0 0 0 0 0
0 219 52.2201 0.00592419 5.97118 0.00242031 29.649 0.0010031 0 0 0 0 0 0
0 220 52.3369 0.00465067 6.01709 0.00259546 30.3969 0.00149139 0 0 0 0 0 0
0 221 52.397 0.00710789 6.09434 0.0018657 31.1212 0.0010223 0 0 0 0 0 0
0 222 52.4175 0.00774656 6.1467 0.00117848 31.8789 0.00217505 0 0 0 0 0 0
0 223 52.3262 0.0115862 6.22384 0.0012974 32.6717 0.0018637 0 0 0 0 0 0
0 224 52.1548 0.00632519 6.3109 0.00153367 33.4836 0.0018267 0 0 0 0 0 0
0 225 51.9252 0.00831032 6.39824 0.00210327 34.2501 0.0032303 0 0 0 0 0 0
0 226 51.7206 0.00642721 6.4837 0.00296109 35.0398 0.00228697 0 0 0 0 0 0
0 227 51.4846 0.00968877 6.55082 0.0025399 35.898 0.00166169 0 0 0 0 0 0
0 228 51.1277 0.0135904 6.59315 0.00178421 36.7154 0.0031215 0 0 0 0 0 0
0 229 50.9004 0.0130721 6.7171 0.00142338 37.5204 0.00418684 0 0 0 0 0 0
0 230 50.4983 0.0185756 6.85018 0.00198201 38.2878 0.00356242 0 0 0 0 0 0
0 231 50.2566 0.0214307 7.03797 0.00409472 39.1988 0.00319478 0 0 0 0 0 0
0 232 50.016 0.0214233 7.14277 0.00391103 40.092 0.00398747 0 0 0 0 0 0
0 233 49.6801 0.0234271 7.29701 0.0028806 40.9756 0.00400709 0 0 0 0 0 0
0 234 49.426 0.0180862 7.39899 0.00321497 41.7938 0.00326063 0 0 0 0 0 0
0 235 49.0792 0.0185379 7.52538 0.00486902 42.6064 0.00292443 0 0 0 0 0 0
0 236 48.9093 0.0185423 7.68781 0.00223286 43.4764 0.00236196 0 0 0 0 0 0
0 237 48.6283 0.0200453 7.80874 0.00322649 44.3223 0.00367494 0 0 0 0 0 0
0 238 48.3933 0.0217308 7.96888 0.00229311 45.17 0.00487613 0 0 0 0 0 0
0 239 48.1191 0.0135501 8.13498 0.00251469 45.9403 0.00400744 0 0 0 0 0 0
0 240 48.048 0.0165425 8.31275 0.00445899 46.742 0.00577484 0 0 0 0 0 0
0 241 47.9035 0.0193991 8.44493 0.00350692 47.5206 0.00603747 0 0 0 0 0 0
0 242 47.7837 0.020296 8.64741 0.00394702 48.2858 0.0041225 0 0 0 0 0 0
0 243 47.7724 0.0151932 8.82552 0.00482612 49.0148 0.00373838 0 0 0 0 0 0
0 244 47.6689 0.0182384 8.97898 0.00300055 49.7847 0.00322443 0 0 0 0 0 0
0 245 47.659 0.0212421 9.18712 0.0040001 50.4331 0.00414634 0 0 0 0 0 0
0 246 47.6334 0.0155394 9.36038 0.00240729 51.1329 0.00395105 0 0 0 0 0 0
0 247 47.6118 0.0215558 9.55464 0.00246614 51.7982 0.00837698 0 0 0 0 0 0
0 248 47.6577 0.0180859 9.7448 0.00154384 52.3923 0.00308407 0 0 0 0 0 0
0 249 47.7457 0.0205958 9.93968 0.00191898 53.0147 0.00451556 0 0 0 0 0 0
0 250 47.8888 0.0211446 10.1549 0.00270667 53.558 0.00205646 0 0 0 0 0 0
0 251 48.0192 0.0241485 10.3328 0.00361696 53.9948 0.00281002 0 0 0 0 0 0
0 252 48.1152 0.0217667 10.5613 0.00288284 54.4977 0.00456347 0 0 0 0 0 0
0 253 48.2724 0.0240012 10.7595 0.00302471 54.9192 0.00470066 0 0 0 0 0 0
0 254 48.4181 0.0226041 10.9996 0.00283266 55.3202 0.00349212 0 0 0 0 0 0
0 255 48.5986 0.0151095 11.1709 0.00338673 55.695 0.00307463 0 0 0 0 0 0
0 256 48.841 0.0126128 11.4087 0.00319771 56.0569 0.00368268 0 0 0 0 0 0
0 257 49.0814 0.0118263 11.6081 0.00234271 56.3155 0.00285547 0 0 0 0 0 0
0 258 49.1964 0.0143378 11.787 0.00180514 56.6739 0.00475675 0 0 0 0 0 0
0 259 49.4089 0.0157059 12.0171 0.00278063 56.9426 0.00501916 0 0 0 0 0 0
0 260 49.7077 0.0131539 12.2264 0.00378185 57.163 0.00944895 0 0 0 0 0 0
0 261 49.8358 0.010236 12.4894 0.00358164 57.4368 0.00706793 0 0 0 0 0 0
0 262 50.1023 0.00584513 12.7196 0.00200628 57.6309 0.00749383 0 0 0 0 0 0
0 263 50.4205 0.01171 12.9266 0.00264863 57.8707 0.00526447 0 0 0 0 0 0
0 264 50.7045 0.0172004 13.1918 0.00384939 58.0517 0.00839812 0 0 0 0 0 0
0 265 51.0435 0.0165835 13.3903 0.00327037 58.2475 0.00734502 0 0 0 0 0 0
0 266 51.3343 0.0164403 13.6465 0.00375729 58.4612 0.0106183 0 0 0 0 0 0
0 267 51.6482 0.0193305 13.8315 0.00390257 58.5748 0.0120994 0 0 0 0 0 0
0 268 51.8195 0.0149611 14.0242 0.00290057 58.7618 0.0127214 0 0 0 0 0 0
0 269 52.138 0.0191006 14.2048 0.00329168 58.9275 0.00863534 0 0 0 0 0 0
0 270 52.458 0.0136343 14.4965 0.00257022 59.147 0.0105523 0 0 0 0 0 0
0 271 52.6988 0.0122834 14.6362 0.00328735 59.2932 0.00748171 0 0 0 0 0 0
0 272 52.9614 0.0138242 14.8804 0.00203444 59.536 0.00512913 0 0 0 0 0 0
0 273 53.336 0.0172815 15.1021 0.00379707 59.6884 0.00737178 0 0 0 0 0 0
0 274 53.5953 0.0216417 15.2553 0.0024585 59.9041 0.00770471 0 0 0 0 0 0
0 275 53.9219 0.0136717 15.5348 0.0026111 60.1037 0.00607705 0 0 0 0 0 0
0 276 54.2397 0.0193834 15.7783 0.00252222 60.313 0.00653842 0 0 0 0 0 0
0 277 54.6067 0.0251189 15.8869 0.00306349 60.4973 0.00421844 0 0 0 0 0 0
0 278 54.9008 0.0205765 16.0897 0.00206737 60.7163 0.00470338 0 0 0 0 0 0
0 279 55.2045 0.0184739 16.2878 0.00346335 60.9627 0.00721828 0 0 0 0 0 0
0 280 55.5705 0.0112584 16.4704 0.00258015 61.279 0.00948533 0 0 0 0 0 0
0 281 55.8835 0.0127943 16.7488 0.00378632 61.4194 0.00571357 0 0 0 0 0 0
0 282 56.232 0.0121008 16.8914 0.00383025 61.6562 0.00529205 0 0 0 0 0 0
0 283 56.559 0.01292 17.1008 0.00702235 61.9623 0.00571843 0 0 0 0 0 0
0 284 56.8652 0.0119029 17.2944 0.0097404 62.281 0.00391622 0 0 0 0 0 0
0 285 57.2732 0.0140272 17.4364 0.00728935 62.5101 0.00319367 0 0 0 0 0 0
0 286 57.5767 0.0136611 17.5866 0.00599429 62.7889 0.00452407 0 0 0 0 0 0
0 287 57.9921 0.0136605 17.7547 0.00529833 63.0768 0.00605824 0 0 0 0 0 0
0 288 58.3213 0.0160973 18.0304 0.00552938 63.3327 0.00940181 0 0 0 0 0 0
0 289 58.7052 0.0145357 18.163 0.00473002 63.6375 0.00528638 0 0 0 0 0 0
0 290 59.0917 0.0102545 18.2786 0.00399055 63.8997 0.0069502 0 0 0 0 0 0
0 291 59.4308 0.0106005 18.4532 0.00549105 64.2232 0.00851202 0 0 0 0 0 0
0 292 59.7323 0.014049 18.6048 0.0104695 64.5331 0.00667624 0 0 0 0 0 0
0 293 60.1924 0.0234931 18.747 0.0116021 64.8175 0.00431888 0 0 0 0 0 0
0 294 60.5831 0.018859 18.8732 0.00682446 65.0739 0.00824361 0 0 0 0 0 0
0 295 61.0371 0.0204416 18.9766 0.00642086 65.4064 0.00885348 0 0 0 0 0 0
0 296 61.4707 0.0180541 19.1283 0.00776954 65.6867 0.00594817 0 0 0 0 0 0
0 297 61.8557 0.0176518 19.2749 0.00433674 66.0063 0.00903993 0 0 0 0 0 0
0 298 62.331 0.0205565 19.3409 0.00523138 66.279 0.0126541 0 0 0 0 0 0
0 299 62.5751 0.0181292 19.4359 0.00372224 66.5632 0.0149008 0 0 0 0 0 0
0 300 63.0523 0.0147014 19.5175 0.00419033 66.8288 0.0126658 0 0 0 0 0 0
0 301 63.4582 0.020259 19.5613 0.00364625 67.1755 0.0151875 0 0 0 0 0 0
0 302 63.9451 0.0275278 19.7 0.00416669 67.4083 0.0115894 0 0 0 0 0 0
0 303 64.3964 0.0267973 19.7998 0.00391461 67.735 0.0139381 0 0 0 0 0 0
0 304 64.808 0.0243715 19.911 0.00428488 68.0456 0.00853065 0 0 0 0 0 0
0 305 65.3156 0.0193439 19.9502 0.0045457 68.3739 0.00962048 0 0 0 0 0 0
0 306 65.7561 0.0149494 19.9882 0.00779378 68.6561 0.0100019 0 0 0 0 0 0
0 307 66.3247 0.0236042 20.0795 0.00569767 68.9083 0.0140811 0 0 0 0 0 0
0 308 66.8515 0.0190908 20.1788 0.00738986 69.1325 0.00948262 0 0 0 0 0 0
0 309 67.3208 0.0145728 20.21 0.00831393 69.3597 0.00706686 0 0 0 0 0 0
0 310 67.7402 0.022628 20.2548 0.00514142 69.5977 0.00936058 0 0 0 0 0 0
0 311 68.3167 0.0277634 20.3154 0.00469264 69.8805 0.0101606 0 0 0 0 0 0
0 312 68.7273 0.0270643 20.3695 0.00366696 70.1696 0.0100743 0 0 0 0 0 0
0 313 69.3466 0.0152229 20.4284 0.00650733 70.3932 0.00676335 0 0 0 0 0 0
0 314 69.8329 0.0169894 20.4449 0.00430157 70.6878 0.0049798 0 0 0 0 0 0
0 315 70.3631 0.0242086 20.4594 0.00600461 70.9592 0.00696827 0 0 0 0 0 0
0 316 70.8324 0.0215394 20.4663 0.00570769 71.245 0.00788762 0 0 0 0 0 0
0 317 71.399 0.0208609 20.4528 0.0037487 71.4706 0.00563611 0 0 0 0 0 0
0 318 71.8909 0.0230325 20.408 0.00473687 71.7941 0.00371805 0 0 0 0 0 0
0 319 72.4131 0.0297854 20.398 0.00594704 72.0968 0.00786319 0 0 0 0 0 0
0 320 72.882 0.020849 20.3495 0.00508869 72.3459 0.00867635 0 0 0 0 0 0
0 321 73.4558 0.0204236 20.3022 0.0048777 72.5398 0.0147594 0 0 0 0 0 0
0 322 73.9906 0.0223288 20.3242 0.0109693 72.9553 0.0113804 0 0 0 0 0 0
0 323 74.457 0.0274354 20.3259 0.00768436 73.3169 0.0058435 0 0 0 0 0 0
0 324 75.028 0.0177209 20.3817 0.00518464 73.5032 0.00738802 0 0 0 0 0 0
0 325 75.5882 0.0227746 20.3564 0.00630459 73.8054 0.00675244 0 0 0 0 0 0
0 326 76.1126 0.024394 20.2695 0.00685796 74.162 0.00470783 0 0 0 0 0 0
0 327 76.6965 0.0205656 20.3046 0.0070686 74.3867 0.00591326 0 0 0 0 0 0
0 328 77.1752 0.0154125 20.2832 0.00235257 74.7862 0.00502777 0 0 0 0 0 0
0 329 77.6391 0.0178294 20.2117 0.00527973 75.1026 0.00890974 0 0 0 0 0 0
0 330 78.2669 0.0249555 20.2086 0.00647352 75.503 0.010317 0 0 0 0 0 0
0 331 78.9018 0.0241416 20.228 0.00549654 75.7509 0.0178224 0 0 0 0 0 0
0 332 79.4806 0.0182924 20.1066 0.00464123 76.0856 0.0123361 0 0 0 0 0 0
0 333 80.0785 0.0274543 20.1123 0.0052847 76.3719 0.00955371 0 0 0 0 0 0
0 334 80.5543 0.0200134 20.0063 0.00668165 76.7429 0.0118625 0 0 0 0 0 0
0 335 81.0756 0.0229261 19.9677 0.00287211 77.0764 0.00904937 0 0 0 0 0 0
0 336 81.5666 0.0295497 19.8849 0.00356689 77.4562 0.0146715 0 0 0 0 0 0
0 337 82.1068 0.0320018 19.8893 0.00116878 77.8324 0.00866311 0 0 0 0 0 0
0 338 82.6018 0.0396072 19.8758 0.00371632 78.195 0.0127913 0 0 0 0 0 0
0 339 83.183 0.0447463 19.8486 0.00615646 78.6429 0.0105822 0 0 0 0 0 0
0 340 83.6923 0.045965 19.7382 0.00352597 79.044 0.00873612 0 0 0 0 0 0
0 341 84.1101 0.0312716 19.6905 0.00124535 79.427 0.0136834 0 0 0 0 0 0
0 342 84.6132 0.0268285 19.7203 0.0016652 79.8786 0.0122869 0 0 0 0 0 0
0 343 85.1215 0.0383858 19.6941 0.00316597 80.3019 0.0100317 0 0 0 0 0 0
0 344 85.5993 0.0356649 19.5951 0.00531261 80.7527 0.0174411 0 0 0 0 0 0
0 345 86.1136 0.0440975 19.6402 0.00465705 81.261 0.0133364 0 0 0 0 0 0
0 346 86.4972 0.0450848 19.699 0.00427739 81.6049 0.0112503 0 0 0 0 0 0
0 347 87.0094 0.0492113 19.6066 0.00358894 82.0483 0.0114866 0 0 0 0 0 0
0 348 87.4251 0.0317077 19.4969 0.00267393 82.5337 0.0172534 0 0 0 0 0 0
0 349 87.9076 0.0423423 19.5071 0.00435408 82.9656 0.0158036 0 0 0 0 0 0
0 350 88.2756 0.0478461 19.5068 0.00237247 83.5057 0.0166527 0 0 0 0 0 0
0 351 88.7815 0.0391163 19.5044 0.00325139 83.9072 0.0115041 0 0 0 0 0 0
0 352 89.2989 0.0360707 19.5076 0.0015594 84.3127 0.0221867 0 0 0 0 0 0
0 353 89.6365 0.0320759 19.5206 0.00458883 84.9263 0.0166767 0 0 0 0 0 0
0 354 90.0418 0.0353001 19.488 0.00197629 85.3819 0.0170299 0 0 0 0 0 0
0 355 90.4562 0.0337538 19.478 0.0047351 85.8774 0.022254 0 0 0 0 0 0
0 356 90.9312 0.0275947 19.5105 0.00420475 86.4319 0.0226074 0 0 0 0 0 0
0 357 91.3292 0.0352742 19.5714 0.00891438 86.956 0.019175 0 0 0 0 0 0
0 358 91.688 0.0277453 19.5929 0.00503652 87.4321 0.0112985 0 0 0 0 0 0
0 359 92.1425 0.0290521 19.6358 0.00400984 87.9985 0.0171887 0 0 0 0 0 0
0 360 92.5354 0.0172706 19.6948 0.00651429 88.5714 0.0122802 0 0 0 0 0 0
0 361 92.9015 0.0187998 19.7266 0.00357173 89.317 0.0103225 0 0 0 0 0 0
0 362 93.3546 0.0226112 19.7769 0.0026425 89.7428 0.0181721 0 0 0 0 0 0
0 363 93.7221 0.0273844 19.8852 0.00487142 90.3176 0.0188571 0 0 0 0 0 0
0 364 94.0099 0.0185713 19.8498 0.00415495 90.9093 0.0226145 0 0 0 0 0 0
0 365 94.3308 0.024925 19.9111 0.00400433 91.3754 0.0204675 0 0 0 0 0 0
0 366 94.6389 0.0185258 20.0431 0.00675133 91.989 0.0210215 0 0 0 0 0 0
0 367 94.9145 0.0179831 20.0835 0.0101038 92.608 0.0179421 0 0 0 0 0 0
0 368 95.1796 0.0173611 20.1739 0.00633081 93.1353 0.0192284 0 0 0 0 0 0
0 369 95.5792 0.016513 20.3619 0.00473787 93.7584 0.0137966 0 0 0 0 0 0
0 370 95.9241 0.0192949 20.5402 0.00307406 94.396 0.0140612 0 0 0 0 0 0
0 371 96.2875 0.0224274 20.5133 0.0076537 95.0223 0.0135519 0 0 0 0 0 0
0 372 96.6447 0.0186355 20.6383 0.00695478 95.5555 0.0104353 0 0 0 0 0 0
0 373 97.0792 0.0215104 20.8165 0.00570773 96.1658 0.0117867 0 0 0 0 0 0
0 374 97.4146 0.0253636 20.9567 0.0105504 96.7622 0.0102764 0 0 0 0 0 0
0 375 97.8395 0.0243673 21.1147 0.0071472 97.4279 0.00634048 0 0 0 0 0 0
0 376 98.1287 0.0186199 21.2272 0.00445734 98.0864 0.0122546 0 0 0 0 0 0
0 377 98.5862 0.0244184 21.3566 0.00325788 98.7462 0.0175775 0 0 0 0 0 0
0 378 98.8194 0.0298029 21.4923 0.00442558 99.3866 0.011053 0 0 0 0 0 0
0 379 99.2179 0.029871 21.722 0.00237948 99.9464 0.0128412 0 0 0 0 0 0
0 380 99.7299 0.0269878 21.8179 0.00412372 100.532 0.0134936 0 0 0 0 0 0
0 381 100.004 0.0218779 21.9949 0.00589172 101.235 0.0206849 0 0 0 0 0 0
0 382 100.26 0.0204737 22.2156 0.00504444 101.727 0.0198977 0 0 0 0 0 0
0 383 100.718 0.0342407 22.4311 0.0037954 102.468 0.0196023 0 0 0 0 0 0
0 384 101.058 0.0182141 22.5917 0.00475263 103.13 0.0164405 0 0 0 0 0 0
0 385 101.35 0.0187687 22.8104 0.00169486 103.656 0.0197166 0 0 0 0 0 0
0 386 101.72 0.0176435 23.0222 0.00112089 104.25 0.0135046 0 0 0 0 0 0
0 387 102.165 0.0145873 23.2128 0.00176722 104.947 0.0112896 0 0 0 0 0 0
0 388 102.556 0.0136482 23.4401 0.00352441 105.487 0.0134938 0 0 0 0 0 0
0 389 102.877 0.014711 23.5744 0.00326658 106.118 0.00653836 0 0 0 0 0 0
0 390 103.439 0.0138719 23.7724 0.00807237 106.719 0.00822168 0 0 0 0 0 0
0 391 103.844 0.0160388 23.9503 0.00264666 107.282 0.00749887 0 0 0 0 0 0
0 392 104.195 0.021476 24.217 0.00504904 108.012 0.00672943 0 0 0 0 0 0
0 393 104.7 0.0175199 24.4745 0.00614323 108.523 0.00611202 0 0 0 0 0 0
0 394 105.1 0.0134061 24.7302 0.00482054 109.176 0.00401104 0 0 0 0 0 0
0 395 105.619 0.0270257 24.9752 0.00558405 109.714 0.0109766 0 0 0 0 0 0
0 396 106.068 0.0317953 25.2001 0.00514358 110.254 0.00946011 0 0 0 0 0 0
0 397 106.619 0.017465 25.3931 0.00749564 110.894 0.00456711 0 0 0 0 0 0
0 398 107.074 0.0187857 25.682 0.00751649 111.451 0.00602805 0 0 0 0 0 0
0 399 107.513 0.026769 25.9743 0.00455295 111.983 0.0101323 0 0 0 0 0 0
0 400 108.045 0.0190555 26.1557 0.00434274 112.684 0.00607551 0 0 0 0 0 0
0 401 108.539 0.0161407 26.3683 0.00410055 113.242 0.0144174 0 0 0 0 0 0
0 402 108.964 0.00872695 26.5991 0.00614726 113.831 0.0145772 0 0 0 0 0 0
0 403 109.517 0.0110158 26.8212 0.00339919 114.345 0.0160959 0 0 0 0 0 0
0 404 110.059 0.00805138 27.0126 0.00462828 114.925 0.0267979 0 0 0 0 0 0
0 405 110.758 0.00919847 27.2519 0.00912299 115.571 0.0274301 0 0 0 0 0 0
0 406 111.295 0.0103687 27.5438 0.00679314 116.128 0.0239696 0 0 0 0 0 0
0 407 111.899 0.005962 27.8593 0.00525838 116.78 0.020998 0 0 0 0 0 0
0 408 112.462 0.0082594 28.206 0.00864292 117.34 0.020527 0 0 0 0 0 0
0 409 113.001 0.010125 28.4923 0.0116246 117.887 0.0251876 0 0 0 0 0 0
0 410 113.644 0.0119492 28.7876 0.00724734 118.506 0.0158877 0 0 0 0 0 0
0 411 114.399 0.0102563 29.0244 0.00961177 118.987 0.0157475 0 0 0 0 0 0
0 412 114.82 0.0176614 29.3222 0.00751286 119.539 0.0162542 0 0 0 0 0 0
0 413 115.417 0.0268838 29.5733 0.00553502 120.134 0.0220364 0 0 0 0 0 0
0 414 116.049 0.0233107 29.8742 0.00534861 120.792 0.0221677 0 0 0 0 0 0
0 415 116.658 0.0189689 30.2475 0.00577121 121.378 0.0286798 0 0 0 0 0 0
0 416 117.357 0.0170692 30.6063 0.00552894 121.972 0.0217478 0 0 0 0 0 0
0 417 118.039 0.0121274 30.7956 0.0104955 122.491 0.018372 0 0 0 0 0 0
0 418 118.71 0.0140194 31.0653 0.00844698 123.1 0.0123722 0 0 0 0 0 0
0 419 119.419 0.0291332 31.327 0.0115943 123.715 0.0159688 0 0 0 0 0 0
0 420 120.263 0.0303429 31.584 0.00926755 124.277 0.016649 0 0 0 0 0 0
0 421 120.92 0.0281055 31.8574 0.00917386 124.789 0.0305615 0 0 0 0 0 0
0 422 121.673 0.0353695 32.1012 0.00555168 125.27 0.02964 0 0 0 0 0 0
0 423 122.26 0.0205006 32.3567 0.00672113 125.913 0.0290142 0 0 0 0 0 0
0 424 122.996 0.0338747 32.7395 0.00597263 126.632 0.0186765 0 0 0 0 0 0
0 425 123.781 0.0446624 32.9524 0.0111416 127.232 0.0272266 0 0 0 0 0 0
0 426 124.661 0.029714 33.2609 0.0093234 127.893 0.0213333 0 0 0 0 0 0
0 427 125.445 0.0302734 33.575 0.0070409 128.581 0.0372659 0 0 0 0 0 0
0 428 126.223 0.030668 33.8361 0.0045483 129.075 0.0390511 0 0 0 0 0 0
0 429 126.865 0.0277797 34.1023 0.00611969 129.792 0.0226469 0 0 0 0 0 0
0 430 127.73 0.0270474 34.2521 0.0068098 130.338 0.0175376 0 0 0 0 0 0
0 431 128.58 0.0225317 34.5868 0.0062534 131.049 0.0207314 0 0 0 0 0 0
0 432 129.264 0.0244135 34.8999 0.002245 131.612 0.0189263 0 0 0 0 0 0
0 433 129.911 0.00804571 35.0639 0.00336461 132.153 0.0151966 0 0 0 0 0 0
0 434 130.886 0.0129934 35.2939 0.00543037 132.833 0.0187628 0 0 0 0 0 0
0 435 131.725 0.0238613 35.5327 0.00562393 133.482 0.0203605 0 0 0 0 0 0
0 436 132.501 0.0263587 35.8018 0.00552895 134.047 0.0282518 0 0 0 0 0 0
0 437 133.361 0.0224759 35.9999 0.00647689 134.693 0.0246557 0 0 0 0 0 0
0 438 134.097 0.0191055 36.4176 0.0113122 135.373 0.030677 0 0 0 0 0 0
0 439 134.966 0.0221684 36.5801 0.0112201 136.009 0.0254408 0 0 0 0 0 0
0 440 135.895 0.0253539 36.77 0.0107569 136.74 0.021319 0 0 0 0 0 0
0 441 136.687 0.0396061 37.0451 0.00912245 137.282 0.0231494 0 0 0 0 0 0
0 442 137.584 0.0334907 37.209 0.0137179 137.97 0.0255456 0 0 0 0 0 0
0 443 138.421 0.0378274 37.4796 0.0124029 138.552 0.0174562 0 0 0 0 0 0
0 444 139.205 0.0271639 37.6632 0.0097694 139.266 0.0129258 0 0 0 0 0 0
0 445 140.009 0.0258718 37.8231 0.00891272 140.042 0.0167282 0 0 0 0 0 0
0 446 140.922 0.0211771 37.9707 0.00840633 140.57 0.0283185 0 0 0 0 0 0
0 447 141.751 0.0136453 38.1462 0.0108523 141.297 0.0247587 0 0 0 0 0 0
0 448 142.622 0.024438 38.2968 0.0128037 141.903 0.028238 0 0 0 0 0 0
0 449 143.492 0.0172298 38.4402 0.0221897 142.597 0.0285536 0 0 0 0 0 0
0 450 144.362 0.0140477 38.6233 0.0106153 143.337 0.0367469 0 0 0 0 0 0
0 451 145.175 0.0142284 38.848 0.0135368 144.043 0.0260348 0 0 0 0 0 0
0 452 146.049 0.0103322 39.0493 0.0113532 144.67 0.0191466 0 0 0 0 0 0
0 453 146.813 0.018054 39.2155 0.0068852 145.477 0.0255342 0 0 0 0 0 0
0 454 147.785 0.0178528 39.339 0.00551971 146.043 0.0160095 0 0 0 0 0 0
0 455 148.675 0.0198019 39.4422 0.00622403 146.795 0.0388932 0 0 0 0 0 0
0 456 149.491 0.0227659 39.6656 0.00918351 147.488 0.0301746 0 0 0 0 0 0
0 457 150.151 0.017819 39.6979 0.0121156 148.147 0.0386011 0 0 0 0 0 0
0 458 151.036 0.0192395 39.8038 0.00684008 149.005 0.0287538 0 0 0 0 0 0
0 459 152.116 0.0332883 39.9125 0.00577757 149.607 0.0206939 0 0 0 0 0 0
0 460 152.932 0.0253641 40.0784 0.00290285 150.215 0.0234996 0 0 0 0 0 0
0 461 153.802 0.0160768 40.2341 0.00543936 151.06 0.0147669 0 0 0 0 0 0
0 462 154.654 0.0256524 40.2791 0.00999998 151.716 0.0124435 0 0 0 0 0 0
0 463 155.497 0.0295346 40.4736 0.0115311 152.461 0.0139498 0 0 0 0 0 0
0 464 156.226 0.0406854 40.6688 0.00453926 153.097 0.0159039 0 0 0 0 0 0
0 465 157.249 0.036413 40.6633 0.00538736 153.751 0.0122759 0 0 0 0 0 0
0 466 157.96 0.0346083 40.7595 0.00297193 154.43 0.0193396 0 0 0 0 0 0
0 467 158.926 0.0481505 40.9152 0.0120418 155.226 0.0234252 0 0 0 0 0 0
0 468 159.708 0.0316439 41.0627 0.00623077 155.961 0.0201548 0 0 0 0 0 0
0 469 160.45 0.0230712 41.0463 0.00665356 156.645 0.0248303 0 0 0 0 0 0
0 470 161.197 0.0530906 41.1065 0.00516912 157.323 0.014817 0 0 0 0 0 0
0 471 162.104 0.0457393 41.3216 0.0126211 158.148 0.0137078 0 0 0 0 0 0
0 472 162.984 0.026289 41.4966 0.00945555 158.832 0.0110641 0 0 0 0 0 0
0 473 163.855 0.0189934 41.6852 0.00858271 159.522 0.0118598 0 0 0 0 0 0
0 474 164.668 0.0420085 41.7138 0.0082917 160.252 0.0132232 0 0 0 0 0 0
0 475 165.465 0.0367717 41.908 0.00853281 161.035 0.0198048 0 0 0 0 0 0
0 476 166.177 0.0417962 41.9434 0.00613978 161.846 0.013652 0 0 0 0 0 0
0 477 167.132 0.0396165 41.9412 0.00396673 162.504 0.0102689 0 0 0 0 0 0
0 478 167.738 0.0277827 42.0863 0.00441596 163.237 0.0125159 0 0 0 0 0 0
0 479 168.58 0.0247186 42.1266 0.0082045 164.148 0.0110194 0 0 0 0 0 0
0 480 169.213 0.0271079 42.1454 0.0105624 165.013 0.0163909 0 0 0 0 0 0
0 481 170.167 0.0170776 42.2468 0.00531845 165.669 0.0167013 0 0 0 0 0 0
0 482 170.822 0.0154104 42.3288 0.0077598 166.48 0.0207398 0 0 0 0 0 0
0 483 171.49 0.0228647 42.4259 0.00703565 167.078 0.0284302 0 0 0 0 0 0
0 484 172.39 0.02113 42.5595 0.0101226 167.879 0.0158977 0 0 0 0 0 0
0 485 173.019 0.0287322 42.66 0.00635334 168.692 0.0145887 0 0 0 0 0 0
0 486 173.552 0.0444352 42.7699 0.00608654 169.467 0.0337149 0 0 0 0 0 0
0 487 174.326 0.0316871 42.8948 0.0086201 170.149 0.0328549 0 0 0 0 0 0
0 488 175.118 0.0322161 43.0039 0.0177624 171.006 0.0463206 0 0 0 0 0 0
0 489 175.638 0.0411556 43.0619 0.0139177 171.638 0.0274141 0 0 0 0 0 0
0 490 176.444 0.0505418 43.0938 0.0190518 172.402 0.0270039 0 0 0 0 0 0
0 491 177.142 0.0402395 43.1476 0.0184884 173.166 0.030654 0 0 0 0 0 0
0 492 177.842 0.0516085 43.2686 0.0115469 174.051 0.0300397 0 0 0 0 0 0
0 493 178.395 0.0417099 43.3619 0.0131593 174.646 0.0265533 0 0 0 0 0 0
0 494 179.089 0.0285457 43.432 0.0263851 175.358 0.0177681 0 0 0 0 0 0
0 495 179.8 0.0215678 43.5623 0.0214472 176.071 0.0277034 0 0 0 0 0 0
0 496 180.469 0.0242756 43.7359 0.0229913 176.883 0.0214743 0 0 0 0 0 0
0 497 181.059 0.0391742 43.8495 0.0102064 177.798 0.0307513 0 0 0 0 0 0
0 498 181.558 0.0350202 43.8275 0.0065792 178.408 0.0262699 0 0 0 0 0 0
0 499 182.248 0.048903 44.0605 0.00981158 179.086 0.0255565 0 0 0 0 0 0


