# every column is followed by the variance. Then you have the following: 
#g(0, 0), different atom index: 4
#g(0, 0), same atom index: 10
#g(0, 1), different atom index: 0
#g(0, 1), same atom index: 6
#g(1, 1), different atom index: 2
#g(1, 1), same atom index: 8
0 0 0 0 0 0 0 0 0 0 125 0 250 0
0 1 0 0 0 0 0 0 0 0 0 0 0 0
0 2 0 0 0 0 0 0 0 0 0 0 0 0
0 3 0 0 0 0 0 0 0 0 0 0 0 0
0 4 0 0 0 0 0 0 0 0 0 0 0 0
0 5 0 0 0 0 0 0 0 0 0 0 0 0
0 6 0 0 0 0 0 0 0 0 0 0 0 0
0 7 0 0 0 0 0 0 0 0 0 0 0 0
0 8 0 0 0 0 0 0 0 0 0 0 0 0
0 9 0 0 0 0 0 0 0 0 0 0 0 0
0 10 0 0 0 0 0 0 0 0 0 0 0 0
0 11 0 0 0 0 0 0 0 0 0 0 0 0
0 12 0 0 0 0 0 0 0 0 0 0 0 0
0 13 0 0 0 0 0 0 0 0 0 0 0 0
0 14 0 0 0 0 0 0 0 0 0 0 0 0
0 15 0 0 0 0 0 0 0 0 0 0 0 0
0 16 0 0 0 0 0 0 0 0 0 0 0 0
0 17 0 0 0 0 0 0 0 0 0 0 0 0
0 18 0 0 0 0 0 0 0 0 0 0 0 0
0 19 0 0 0 0 0 0 0 0 0 0 0 0
0 20 0 0 0 0 0 0 0 0 0 0 0 0
0 21 0 0 0 0 0 0 0 0 0 0 0 0
0 22 0 0 0 0 0 0 0 0 0 0 0 0
0 23 0 0 0 0 0 0 0 0 0 0 0 0
0 24 0 0 0 0 0 0 0 0 0 0 0 0
0 25 0 0 0 0 0 0 0 0 0 0 0 0
0 26 0 0 0 0 0 0 0 0 0 0 0 0
0 27 0 0 0 0 0 0 0 0 0 0 0 0
0 28 0 0 0 0 0 0 0 0 0 0 0 0
0 29 0 0 0 0 0 0 0 0 0 0 0 0
0 30 0 0 0 0 0 0 0 0 0 0 0 0
0 31 0 0 0 0 0 0 0 0 0 0 0 0
0 32 0 0 0 0 0 0 0 0 0 0 0 0
0 33 0 0 0 0 0 0 0 0 0 0 0 0
0 34 0 0 0 0 0 0 0 0 0 0 0 0
0 35 0 0 0 0 0 0 0 0 0 0 0 0
0 36 0 0 0 0 0 0 0 0 0 0 0 0
0 37 0 0 0 0 0 0 0 0 0 0 0 0
0 38 0 0 0 0 0 0 0 0 0 0 0 0
0 39 0 0 0 0 0 0 0 0 0 0 0 0
0 40 0 0 0 0 0 0 0 0 0 0 0 0
0 41 0 0 0 0 0 0 0 0 0 0 0 0
0 42 0 0 0 0 0 0 0 0 0 0 0 0
0 43 0 0 0 0 0 0 0 0 0 0 0 0
0 44 0 0 0 0 0 0 0 0 0 0 0 0
0 45 0 0 0 0 0 0 0 0 0 0 0 0
0 46 0 0 0 0 0 0 0 0 0 0 0 0
0 47 0 0 0 0 0 0 0 0 0 0 0 0
0 48 0 0 0 0 0 0 0 0 0 0 0 0
0 49 0 0 0 0 0 0 0 0 0 0 0 0
0 50 0 0 0 0 0 0 0 0 0 0 0 0
0 51 0 0 0 0 0 0 0 0 0 0 0 0
0 52 0 0 0 0 0 0 0 0 0 0 0 0
0 53 0 0 0 0 0 0 0 0 0 0 0 0
0 54 0 0 0 0 0 0 0 0 0 0 0 0
0 55 0 0 0 0 0 0 0 0 0 0 0 0
0 56 0.000144 1.61849e-08 0 0 0 0 0 0 0 0 0 0
0 57 0.001712 1.03996e-06 0 0 0 0 0 0 0 0 0 0
0 58 0.014816 4.17576e-06 0 0 0 0 0 0 0 0 0 0
0 59 0.153856 0.000108806 0 0 0 0 0 0 0 0 0 0
0 60 1.11277 0.00163797 0 0 0 0 0 0 0 0 0 0
0 61 5.29302 0.00843188 0 0 0 0 0 0 0 0 0 0
0 62 17.4409 0.0158971 0 0 0 0 0 0 0 0 0 0
0 63 40.7592 0.00994619 0 0 0 0 0 0 0 0 0 0
0 64 70.1492 0.0494956 0 0 0 0 0 0 0 0 0 0
0 65 90.8477 0.190636 0 0 0 0 0 0 0 0 0 0
0 66 91.7159 0.131272 0 0 0 0 0 0 0 0 0 0
0 67 74.7157 0.0180612 0 0 0 0 0 0 0 0 0 0
0 68 50.6705 0.0285091 0 0 0 0 0 0 0 0 0 0
0 69 29.5829 0.0399244 0 0 0 0 0 0 0 0 0 0
0 70 15.2686 0.0350747 0 0 0 0 0 0 0 0 0 0
0 71 7.0939 0.0178344 0 0 0 0 0 0 0 0 0 0
0 72 3.07357 0.00573256 0 0 0 0 0 0 0 0 0 0
0 73 1.27026 0.00209253 0 0 0 0 0 0 0 0 0 0
0 74 0.509104 0.000529777 0 0 0 0 0 0 0 0 0 0
0 75 0.198208 0.000109725 0 0 0 0 0 0 0 0 0 0
0 76 0.078928 2.09061e-05 0 0 0 0 0 0 0 0 0 0
0 77 0.029248 2.67651e-06 0 0 0 0 0 0 0 0 0 0
0 78 0.01096 5.73582e-07 0 0 0 0 0 0 0 0 0 0
0 79 0.00496 4.02773e-07 0 0 0 0 0 0 0 0 0 0
0 80 0.002496 1.48594e-07 0 0 1.6e-05 2.56e-10 0 0 0 0 0 0
0 81 0.001376 5.18827e-08 0 0 4.8e-05 2.304e-09 0 0 0 0 0 0
0 82 0.001488 9.38951e-08 0 0 1.6e-05 2.56e-10 0 0 0 0 0 0
0 83 0.001776 2.18738e-08 0 0 6.4e-05 2.38933e-09 0 0 0 0 0 0
0 84 0.00248 1.46916e-07 0 0 0.000176 4.80711e-09 0 0 0 0 0 0
0 85 0.004832 1.25611e-07 0 0 0.000576 2.40071e-08 0 0 0 0 0 0
0 86 0.009296 4.59918e-07 0 0 0.00208 6.54222e-08 0 0 0 0 0 0
0 87 0.014912 4.56704e-07 0 0 0.00552 2.35662e-07 0 0 0 0 0 0
0 88 0.024912 6.98055e-07 0 0 0.014064 9.16167e-07 0 0 0 0 0 0
0 89 0.040048 2.09411e-06 0 0 0.03272 1.35524e-06 0 0 0 0 0 0
0 90 0.063904 8.29167e-06 0 0 0.076528 4.57902e-06 0 0 0 0 0 0
0 91 0.100848 1.31021e-05 0 0 0.16168 2.15121e-05 0 0 0 0 0 0
0 92 0.153568 1.49867e-05 0 0 0.322752 4.59132e-05 0 0 0 0 0 0
0 93 0.233632 3.33692e-05 0 0 0.623872 8.73619e-05 0 0 0 0 0 0
0 94 0.336768 3.87736e-05 0 0 1.13723 0.00015376 0 0 0 0 0 0
0 95 0.474672 6.06874e-05 0 0 1.93629 0.000184779 0 0 0 0 0 0
0 96 0.6688 7.92377e-05 0 0 3.13749 0.000264118 0 0 0 0 0 0
0 97 0.922128 0.000200648 0 0 4.78294 0.000288436 0 0 0 0 0 0
0 98 1.21962 0.000250597 0 0 6.94979 0.000572668 0 0 0 0 0 0
0 99 1.59938 0.000441462 0 0 9.59654 0.000545851 0 0 0 0 0 0
0 100 2.04053 0.000724555 0 0 12.5589 0.00150584 0 0 0 0 0 0
0 101 2.55954 0.000882815 0 0 15.5539 0.00425879 0 0 0 0 0 0
0 102 3.16298 0.00119535 0 0 18.2956 0.00683385 0 0 0 0 0 0
0 103 3.82648 0.00106196 0 0 20.4345 0.00488275 0 0 0 0 0 0
0 104 4.55944 0.0014881 0 0 21.764 0.00462026 0 0 0 0 0 0
0 105 5.32794 0.00137228 0 0 22.0097 0.00377275 0 0 0 0 0 0
0 106 6.13664 0.00131829 0 0 21.2146 0.00244552 0 0 0 0 0 0
0 107 7.0156 0.00248839 0 0 19.4688 0.000996951 0 0 0 0 0 0
0 108 7.88544 0.00285319 0 0 17.054 0.000690764 0 0 0 0 0 0
0 109 8.70906 0.00300286 0 0 14.266 0.00178837 0 0 0 0 0 0
0 110 9.56128 0.00328608 0 0 11.4595 0.00474442 0 0 0 0 0 0
0 111 10.3437 0.00411966 0 0 8.80698 0.0026732 0 0 0 0 0 0
0 112 11.0213 0.00449319 0 0 6.51622 0.00250881 0 0 0 0 0 0
0 113 11.6529 0.00360596 0 0 4.69077 0.00265717 0 0 0 0 0 0
0 114 12.1877 0.00450371 0 0 3.29394 0.00139259 0 0 0 0 0 0
0 115 12.6438 0.00338405 0 0 2.29586 0.000840488 0 0 0 0 0 0
0 116 12.9549 0.00489023 0 0 1.66094 0.000411548 0 0 0 0 0 0
0 117 13.2239 0.00447581 0 0 1.31061 0.000300763 0 0 0 0 0 0
0 118 13.3311 0.00355447 0 0 1.14834 0.000136741 0 0 0 0 0 0
0 119 13.3692 0.00300591 0 0 1.13872 0.000129534 0 0 0 0 0 0
0 120 13.3024 0.00222891 0 0 1.23326 7.16399e-05 0 0 0 0 0 0
0 121 13.1242 0.0017346 0 0 1.41726 0.000189544 0 0 0 0 0 0
0 122 12.8996 0.00255436 0 0 1.66531 0.000239539 0 0 0 0 0 0
0 123 12.6628 0.00238247 0 0 1.97304 0.000341197 0 0 0 0 0 0
0 124 12.3492 0.00180928 0 0 2.34203 0.000509181 0 0 0 0 0 0
0 125 11.9436 0.00226323 0 0 2.76589 0.000536378 0 0 0 0 0 0
0 126 11.5166 0.00150046 0 0 3.23523 0.00078969 0 0 0 0 0 0
0 127 11.1239 0.000717998 0 0 3.7525 0.000810805 0 0 0 0 0 0
0 128 10.7165 0.00135204 0 0 4.34939 0.000634822 0 0 0 0 0 0
0 129 10.2524 0.00192034 0 0 4.97766 0.000791293 0 0 0 0 0 0
0 130 9.81291 0.00172733 0 0 5.6855 0.0010686 0 0 0 0 0 0
0 131 9.36066 0.00142568 0 0 6.41493 0.00125158 0 0 0 0 0 0
0 132 8.91715 0.000893823 0 0 7.19147 0.00126406 0 0 0 0 0 0
0 133 8.51246 0.000782002 0 0 8.03667 0.00199423 0 0 0 0 0 0
0 134 8.08261 0.00101004 0 0 8.92056 0.00147734 0 0 0 0 0 0
0 135 7.6832 0.00079089 0 0 9.83483 0.00232012 0 0 0 0 0 0
0 136 7.31501 0.000591122 0 0 10.7783 0.00212462 0 0 0 0 0 0
0 137 6.92187 0.000942644 0 0 11.7542 0.0028558 0 0 0 0 0 0
0 138 6.5815 0.000893872 0 0 12.7255 0.00218351 0 0 0 0 0 0
0 139 6.22261 0.00127043 0 0 13.7131 0.00391427 0 0 0 0 0 0
0 140 5.95018 0.000725272 0 0 14.6722 0.00217207 0 0 0 0 0 0
0 141 5.63282 0.000894014 0 0 15.6613 0.00334769 0 0 0 0 0 0
0 142 5.37843 0.000912378 0 0 16.5948 0.00264659 0 0 0 0 0 0
0 143 5.10589 0.000934937 0 0 17.5377 0.00306681 0 0 0 0 0 0
0 144 4.85461 0.000903387 0 0 18.4329 0.00322009 0 0 0 0 0 0
0 145 4.62832 0.00164086 0 0 19.2438 0.00507767 0 0 0 0 0 0
0 146 4.45014 0.0019305 0 0 19.9994 0.0058059 0 0 0 0 0 0
0 147 4.22986 0.00117281 0 0 20.6995 0.00435036 0 0 0 0 0 0
0 148 4.06546 0.000963001 0 0 21.3535 0.00405302 0 0 0 0 0 0
0 149 3.90139 0.000911303 0 0 21.9592 0.00626585 0 0 0 0 0 0
0 150 3.75099 0.00171069 0 0 22.4928 0.0062458 0 0 0 0 0 0
0 151 3.61254 0.00117211 0.00024 2.688e-08 22.9685 0.0068961 0 0 0 0 0 0
0 152 3.50498 0.00111415 0.000688 1.09824e-07 23.2882 0.00549305 0 0 0 0 0 0
0 153 3.39949 0.00125252 0.001744 1.64096e-07 23.5788 0.00554124 0 0 0 0 0 0
0 154 3.3144 0.00119941 0.002768 1.98002e-07 23.817 0.00631839 0 0 0 0 0 0
0 155 3.24136 0.000895581 0.006608 3.78908e-07 23.9584 0.00780865 0 0 0 0 0 0
0 156 3.20301 0.000709272 0.013712 2.19822e-06 24.0273 0.00572653 0 0 0 0 0 0
0 157 3.14626 0.00074845 0.02856 3.88679e-06 24.0324 0.0049951 0 0 0 0 0 0
0 158 3.12198 0.000741336 0.060032 1.00305e-05 23.9742 0.00322717 0 0 0 0 0 0
0 159 3.10322 0.000748567 0.105472 1.38774e-05 23.8673 0.00280023 0 0 0 0 0 0
0 160 3.09526 0.000883163 0.188576 2.99248e-05 23.7194 0.00199226 0 0 0 0 0 0
0 161 3.09917 0.000842385 0.3076 6.85393e-05 23.4181 0.00250944 0 0 0 0 0 0
0 162 3.12371 0.000964494 0.485328 7.53619e-05 23.1972 0.00382992 0 0 0 0 0 0
0 163 3.15502 0.00129442 0.748 0.000132016 22.9288 0.00340627 0 0 0 0 0 0
0 164 3.20237 0.00171439 1.09902 0.000179679 22.6074 0.0031888 0 0 0 0 0 0
0 165 3.28803 0.00162991 1.54773 0.000739389 22.2344 0.00232489 0 0 0 0 0 0
0 166 3.37421 0.00112608 2.10886 0.000700178 21.8615 0.00280817 0 0 0 0 0 0
0 167 3.49568 0.00165936 2.83376 0.000787945 21.4596 0.00313942 0 0 0 0 0 0
0 168 3.61509 0.00173548 3.62077 0.00179507 21.0738 0.00194392 0 0 0 0 0 0
0 169 3.76197 0.00205133 4.55698 0.00279895 20.7172 0.00213178 0 0 0 0 0 0
0 170 3.93998 0.0020777 5.57374 0.00182502 20.315 0.00331303 0 0 0 0 0 0
0 171 4.14854 0.00214727 6.65826 0.00345562 19.8631 0.00238273 0 0 0 0 0 0
0 172 4.36094 0.00247218 7.80414 0.00323711 19.4091 0.004224 0 0 0 0 0 0
0 173 4.63067 0.00218209 9.01251 0.00304659 19.0861 0.00314258 0 0 0 0 0 0
0 174 4.93746 0.00283541 10.156 0.00432777 18.6933 0.00400632 0 0 0 0 0 0
0 175 5.25472 0.00277865 11.2832 0.0043125 18.3281 0.00271008 0 0 0 0 0 0
0 176 5.63923 0.00236638 12.3225 0.00512081 17.9898 0.00425773 0 0 0 0 0 0
0 177 6.08451 0.0036909 13.2456 0.00625514 17.6892 0.00330508 0 0 0 0 0 0
0 178 6.56224 0.00434031 14.0307 0.00694807 17.4034 0.00400483 0 0 0 0 0 0
0 179 7.06106 0.0047551 14.7384 0.00624132 17.1873 0.00316031 0 0 0 0 0 0
0 180 7.64059 0.00419558 15.2493 0.00538569 16.9433 0.00317328 0 0 0 0 0 0
0 181 8.32506 0.00433972 15.526 0.00698563 16.8012 0.00473017 0 0 0 0 0 0
0 182 9.0271 0.00335339 15.7581 0.00732273 16.6723 0.00296889 0 0 0 0 0 0
0 183 9.80982 0.00284615 15.9355 0.00404033 16.5268 0.00317185 0 0 0 0 0 0
0 184 10.6364 0.00270681 15.8034 0.00241085 16.4615 0.00492922 0 0 0 0 0 0
0 185 11.5415 0.00454851 15.6202 0.00107152 16.4483 0.00447631 0 0 0 0 0 0
0 186 12.5186 0.00381425 15.2675 0.00113643 16.407 0.00547105 0 0 0 0 0 0
0 187 13.5603 0.00606442 14.9001 0.00140816 16.3919 0.00489177 0 0 0 0 0 0
0 188 14.6818 0.00614686 14.4359 0.000447722 16.4457 0.00511542 0 0 0 0 0 0
0 189 15.9072 0.00499635 13.9692 0.00123783 16.5273 0.00498247 0 0 0 0 0 0
0 190 17.1526 0.00579092 13.4169 0.00440055 16.6163 0.00468925 0 0 0 0 0 0
0 191 18.5119 0.00691084 12.9145 0.00219548 16.6913 0.00455136 0 0 0 0 0 0
0 192 19.8534 0.0060866 12.3576 0.00571745 16.8541 0.00545089 0 0 0 0 0 0
0 193 21.2721 0.00545218 11.8303 0.00359536 17.0174 0.00773747 0 0 0 0 0 0
0 194 22.8403 0.00512169 11.3367 0.00330062 17.2142 0.00478216 0 0 0 0 0 0
0 195 24.3954 0.00447188 10.7344 0.00277842 17.4286 0.00610555 0 0 0 0 0 0
0 196 25.977 0.0044575 10.3362 0.00210831 17.7076 0.0054805 0 0 0 0 0 0
0 197 27.6304 0.00308959 9.81181 0.00237543 18.0184 0.00617465 0 0 0 0 0 0
0 198 29.2627 0.00577234 9.38317 0.00272619 18.3343 0.00590621 0 0 0 0 0 0
0 199 30.8626 0.00378893 8.97621 0.00228832 18.669 0.0109724 0 0 0 0 0 0
0 200 32.5365 0.00426177 8.60176 0.00525178 19.0082 0.00921336 0 0 0 0 0 0
0 201 34.1915 0.00342939 8.22963 0.00334307 19.4115 0.00998127 0 0 0 0 0 0
0 202 35.8517 0.00316944 7.9156 0.00158657 19.7554 0.00749828 0 0 0 0 0 0
0 203 37.4576 0.00396054 7.59712 0.00204559 20.218 0.00767658 0 0 0 0 0 0
0 204 39.0372 0.00512948 7.3196 0.00217116 20.6318 0.00873104 0 0 0 0 0 0
0 205 40.5453 0.00433856 7.038 0.00327713 21.109 0.00702012 0 0 0 0 0 0
0 206 41.9928 0.00920257 6.83494 0.00314483 21.6169 0.0065469 0 0 0 0 0 0
0 207 43.4526 0.0104662 6.63322 0.00295569 22.1157 0.00586823 0 0 0 0 0 0
0 208 44.6868 0.0102083 6.44605 0.00365111 22.6137 0.00502089 0 0 0 0 0 0
0 209 45.8369 0.0112778 6.29674 0.00318947 23.2127 0.00384776 0 0 0 0 0 0
0 210 46.9932 0.0117213 6.16651 0.00303758 23.7511 0.00506867 0 0 0 0 0 0
0 211 47.915 0.0116584 6.06462 0.00357983 24.3357 0.0035113 0 0 0 0 0 0
0 212 48.8262 0.010171 6.04717 0.00242306 24.9619 0.00311105 0 0 0 0 0 0
0 213 49.6732 0.0119698 5.95851 0.00205976 25.5731 0.00482611 0 0 0 0 0 0
0 214 50.3755 0.0120093 5.90523 0.00183875 26.2584 0.00436459 0 0 0 0 0 0
0 215 50.9105 0.00983588 5.86578 0.0018548 26.8878 0.0045004 0 0 0 0 0 0
0 216 51.4061 0.00923626 5.83683 0.00350361 27.5811 0.00633866 0 0 0 0 0 0
0 217 51.8648 0.0056773 5.80555 0.00565504 28.2624 0.00465225 0 0 0 0 0 0
0 218 52.129 0.00646469 5.84557 0.00392548 28.9279 0.00413539 0 0 0 0 0 0
0 219 52.3249 0.00304505 5.91494 0.00406364 29.7033 0.00622081 0 0 0 0 0 0
0 220 52.4205 0.00588734 5.93819 0.00448637 30.3471 0.00600902 0 0 0 0 0 0
0 221 52.4146 0.0114132 5.9773 0.00309044 31.1161 0.0108428 0 0 0 0 0 0
0 222 52.4644 0.0140995 6.06358 0.00305732 31.8678 0.00857776 0 0 0 0 0 0
0 223 52.4606 0.00953491 6.15074 0.00283271 32.6146 0.0079682 0 0 0 0 0 0
0 224 52.3683 0.0118479 6.24256 0.00180247 33.4215 0.00648637 0 0 0 0 0 0
0 225 52.1982 0.0104235 6.33266 0.00179203 34.2106 0.00578984 0 0 0 0 0 0
0 226 51.9791 0.0106205 6.44552 0.00197901 34.9894 0.00590915 0 0 0 0 0 0
0 227 51.6807 0.00688204 6.48973 0.00198333 35.8373 0.00457012 0 0 0 0 0 0
0 228 51.3243 0.00765489 6.63798 0.00162139 36.6407 0.00310858 0 0 0 0 0 0
0 229 51.1041 0.00762415 6.72283 0.00217953 37.5475 0.00440111 0 0 0 0 0 0
0 230 50.8018 0.00839163 6.84616 0.00218597 38.385 0.00449895 0 0 0 0 0 0
0 231 50.4588 0.00971162 6.95107 0.00197337 39.1862 0.00399142 0 0 0 0 0 0
0 232 50.1804 0.00936771 7.1161 0.00220028 40.0664 0.0057133 0 0 0 0 0 0
0 233 49.8664 0.00360202 7.24488 0.00142673 40.9282 0.00493344 0 0 0 0 0 0
0 234 49.6249 0.00474009 7.33646 0.00178656 41.7572 0.00383698 0 0 0 0 0 0
0 235 49.424 0.00630166 7.51352 0.00112375 42.6247 0.00334926 0 0 0 0 0 0
0 236 49.0843 0.00730083 7.66066 0.0019825 43.4558 0.00602144 0 0 0 0 0 0
0 237 48.8762 0.00458105 7.7799 0.00195388 44.3332 0.0062137 0 0 0 0 0 0
0 238 48.5429 0.00578657 7.97142 0.00195543 45.2354 0.00996488 0 0 0 0 0 0
0 239 48.4158 0.00816557 8.15624 0.00104122 45.992 0.00789296 0 0 0 0 0 0
0 240 48.1839 0.00442484 8.33541 0.00132197 46.8016 0.00534758 0 0 0 0 0 0
0 241 48.0424 0.00473008 8.47702 0.0026217 47.6092 0.0117232 0 0 0 0 0 0
0 242 47.9931 0.00388325 8.64664 0.00177478 48.4183 0.00885482 0 0 0 0 0 0
0 243 47.875 0.00813306 8.8288 0.00339586 49.1716 0.0101616 0 0 0 0 0 0
0 244 47.892 0.00847924 8.98234 0.0030827 49.8433 0.0118407 0 0 0 0 0 0
0 245 47.9337 0.00740444 9.16205 0.00215865 50.566 0.0140161 0 0 0 0 0 0
0 246 47.8608 0.0131029 9.40082 0.00238328 51.2199 0.0190383 0 0 0 0 0 0
0 247 47.8681 0.0111257 9.59904 0.00201473 51.8368 0.0114702 0 0 0 0 0 0
0 248 47.9315 0.00932103 9.77888 0.00226177 52.5036 0.01033 0 0 0 0 0 0
0 249 47.9189 0.00703484 9.97141 0.00395092 53.0239 0.0153013 0 0 0 0 0 0
0 250 48.0446 0.00634158 10.2004 0.00382306 53.6325 0.0211634 0 0 0 0 0 0
0 251 48.1984 0.00658128 10.3865 0.00249212 54.086 0.0133584 0 0 0 0 0 0
0 252 48.3215 0.00733636 10.5735 0.00113606 54.6357 0.0153474 0 0 0 0 0 0
0 253 48.4409 0.00625347 10.7471 0.00220321 55.0363 0.0159708 0 0 0 0 0 0
0 254 48.6692 0.00619708 10.9639 0.00137382 55.41 0.00908468 0 0 0 0 0 0
0 255 48.8274 0.00487506 11.1652 0.00187906 55.8729 0.0112512 0 0 0 0 0 0
0 256 49.0749 0.00902779 11.3855 0.00231652 56.1743 0.00585095 0 0 0 0 0 0
0 257 49.2184 0.00920721 11.6504 0.00133545 56.4756 0.00798528 0 0 0 0 0 0
0 258 49.3857 0.00969514 11.9135 0.00149285 56.7323 0.0157762 0 0 0 0 0 0
0 259 49.6238 0.00853076 12.1874 0.00120442 57.0256 0.0119896 0 0 0 0 0 0
0 260 49.8543 0.00528363 12.3468 0.00191645 57.2759 0.00826931 0 0 0 0 0 0
0 261 50.1779 0.00601963 12.5703 0.00209674 57.5634 0.00490045 0 0 0 0 0 0
0 262 50.3721 0.00705256 12.7398 0.00109896 57.7706 0.00766713 0 0 0 0 0 0
0 263 50.6639 0.00452825 12.9861 0.00157802 57.9885 0.00682249 0 0 0 0 0 0
0 264 50.9753 0.00459997 13.1828 0.0032858 58.2162 0.0063586 0 0 0 0 0 0
0 265 51.2314 0.00377068 13.4378 0.00228076 58.3134 0.00907201 0 0 0 0 0 0
0 266 51.4175 0.00326505 13.5992 0.00083707 58.5067 0.00869119 0 0 0 0 0 0
0 267 51.6923 0.00441668 13.8263 0.00139825 58.6692 0.00622499 0 0 0 0 0 0
0 268 51.957 0.0039532 14.0438 0.000854419 58.8892 0.00436357 0 0 0 0 0 0
0 269 52.2063 0.00683155 14.2279 0.00123052 59.0718 0.0068833 0 0 0 0 0 0
0 270 52.4942 0.0103284 14.4521 0.00164939 59.277 0.00732058 0 0 0 0 0 0
0 271 52.8037 0.0122942 14.75 0.000887403 59.4084 0.0111302 0 0 0 0 0 0
0 272 53.0843 0.00697756 14.9464 0.000742828 59.5744 0.00903306 0 0 0 0 0 0
0 273 53.4323 0.00741965 15.1866 0.00389509 59.7123 0.00641765 0 0 0 0 0 0
0 274 53.641 0.0069905 15.4308 0.00586033 59.8533 0.00860093 0 0 0 0 0 0
0 275 54.0278 0.00989127 15.6835 0.00696144 60.0428 0.00673986 0 0 0 0 0 0
0 276 54.3488 0.00597222 15.8914 0.0047827 60.3034 0.0104385 0 0 0 0 0 0
0 277 54.5861 0.00703049 16.042 0.00500902 60.5601 0.0121568 0 0 0 0 0 0
0 278 54.9137 0.00971728 16.2173 0.00381834 60.7279 0.0119473 0 0 0 0 0 0
0 279 55.1363 0.00693215 16.4321 0.00460326 61.021 0.0162743 0 0 0 0 0 0
0 280 55.4527 0.00863679 16.5816 0.00601144 61.3133 0.0176997 0 0 0 0 0 0
0 281 55.8116 0.00985165 16.8195 0.00204174 61.5397 0.0129091 0 0 0 0 0 0
0 282 56.1513 0.00724555 17.0646 0.00151584 61.8364 0.0173808 0 0 0 0 0 0
0 283 56.5643 0.00556138 17.1822 0.00429904 62.0989 0.0103505 0 0 0 0 0 0
0 284 56.8198 0.00935399 17.3465 0.00515879 62.425 0.0150194 0 0 0 0 0 0
0 285 57.1926 0.00548845 17.5398 0.00532723 62.7253 0.012971 0 0 0 0 0 0
0 286 57.4838 0.0026989 17.6737 0.00825157 62.8527 0.0115327 0 0 0 0 0 0
0 287 57.8846 0.0061004 17.8559 0.00569155 63.2099 0.0162885 0 0 0 0 0 0
0 288 58.2764 0.0079815 18.0155 0.00444456 63.4151 0.0113323 0 0 0 0 0 0
0 289 58.5516 0.00652938 18.2409 0.00483111 63.7083 0.0109775 0 0 0 0 0 0
0 290 58.9084 0.00594967 18.375 0.00326065 63.9784 0.00655689 0 0 0 0 0 0
0 291 59.2996 0.00748808 18.5213 0.00785548 64.3176 0.00764256 0 0 0 0 0 0
0 292 59.6094 0.0119634 18.6361 0.00742332 64.5942 0.00540092 0 0 0 0 0 0
0 293 59.9899 0.012211 18.7952 0.00904572 64.8402 0.00597258 0 0 0 0 0 0
0 294 60.4556 0.0106939 18.9778 0.00507442 65.2095 0.00458406 0 0 0 0 0 0
0 295 60.8969 0.00740359 19.1058 0.00879803 65.533 0.00588592 0 0 0 0 0 0
0 296 61.2813 0.0113541 19.2315 0.00742785 65.8338 0.00680585 0 0 0 0 0 0
0 297 61.5993 0.00846416 19.3407 0.00534947 66.0224 0.00904759 0 0 0 0 0 0
0 298 62.0578 0.00822173 19.4211 0.00750443 66.3176 0.007159 0 0 0 0 0 0
0 299 62.5092 0.0173762 19.479 0.00695639 66.5794 0.00759324 0 0 0 0 0 0
0 300 63.1218 0.0180787 19.604 0.00393522 66.899 0.00415816 0 0 0 0 0 0
0 301 63.5319 0.0216104 19.7487 0.00617162 67.171 0.00444761 0 0 0 0 0 0
0 302 63.8774 0.0208693 19.8798 0.00451659 67.4427 0.00550254 0 0 0 0 0 0
0 303 64.3373 0.0205568 19.885 0.00767953 67.7199 0.0128056 0 0 0 0 0 0
0 304 64.8243 0.0198887 19.9444 0.0086387 67.9743 0.00857333 0 0 0 0 0 0
0 305 65.3497 0.0203429 20.019 0.0127833 68.2641 0.0109874 0 0 0 0 0 0
0 306 65.8064 0.0210618 20.034 0.0109514 68.5322 0.00855735 0 0 0 0 0 0
0 307 66.1529 0.0222987 20.1297 0.00679023 68.8143 0.00791384 0 0 0 0 0 0
0 308 66.617 0.0174779 20.2476 0.00512613 69.1104 0.00627028 0 0 0 0 0 0
0 309 67.1825 0.0203472 20.2979 0.00689298 69.3444 0.00569916 0 0 0 0 0 0
0 310 67.6743 0.0224459 20.301 0.00725031 69.6163 0.00665286 0 0 0 0 0 0
0 311 68.154 0.0132729 20.3324 0.00812239 69.8493 0.00618924 0 0 0 0 0 0
0 312 68.6429 0.0206597 20.387 0.00645837 70.2054 0.00608141 0 0 0 0 0 0
0 313 69.1609 0.0247531 20.3762 0.00729544 70.4084 0.00870696 0 0 0 0 0 0
0 314 69.6759 0.0257795 20.4264 0.00825228 70.7052 0.00642598 0 0 0 0 0 0
0 315 70.117 0.0245003 20.3693 0.00405495 70.9994 0.00770235 0 0 0 0 0 0
0 316 70.5996 0.0172728 20.3682 0.00511898 71.2195 0.00533124 0 0 0 0 0 0
0 317 71.156 0.0242347 20.3912 0.00828466 71.5547 0.00568535 0 0 0 0 0 0
0 318 71.6578 0.0270012 20.4216 0.00660325 71.8116 0.00558838 0 0 0 0 0 0
0 319 72.2162 0.028692 20.4222 0.0081465 72.0667 0.00427867 0 0 0 0 0 0
0 320 72.8804 0.0212881 20.3918 0.00832267 72.3018 0.00817695 0 0 0 0 0 0
0 321 73.3852 0.0184732 20.4068 0.00713746 72.5622 0.00445968 0 0 0 0 0 0
0 322 73.9164 0.0252234 20.2978 0.00263206 72.931 0.00739622 0 0 0 0 0 0
0 323 74.4015 0.0225372 20.3326 0.00408708 73.2714 0.00674914 0 0 0 0 0 0
0 324 75.0312 0.0133125 20.3567 0.0040962 73.4298 0.00788817 0 0 0 0 0 0
0 325 75.4785 0.0172973 20.3329 0.00444143 73.808 0.00770764 0 0 0 0 0 0
0 326 76.0404 0.0158676 20.3293 0.00596842 74.0723 0.00959565 0 0 0 0 0 0
0 327 76.6815 0.0180274 20.3387 0.00560745 74.43 0.00611769 0 0 0 0 0 0
0 328 77.1841 0.0224631 20.2731 0.00199204 74.7173 0.0110494 0 0 0 0 0 0
0 329 77.7541 0.0184748 20.1968 0.0037126 74.9922 0.0112735 0 0 0 0 0 0
0 330 78.2548 0.0210775 20.1759 0.00873932 75.332 0.00829952 0 0 0 0 0 0
0 331 78.8118 0.0200643 20.0439 0.00653209 75.6494 0.0134443 0 0 0 0 0 0
0 332 79.358 0.0300126 20.0089 0.00702767 76.0617 0.00950587 0 0 0 0 0 0
0 333 79.9065 0.0322922 19.9354 0.00593818 76.2955 0.00795143 0 0 0 0 0 0
0 334 80.4798 0.0292029 19.895 0.00705642 76.6377 0.0120723 0 0 0 0 0 0
0 335 80.9571 0.0218524 19.8798 0.00414261 76.9952 0.00993183 0 0 0 0 0 0
0 336 81.5635 0.0214497 19.7633 0.00486478 77.3273 0.0101551 0 0 0 0 0 0
0 337 82.1923 0.0272774 19.7352 0.00445433 77.8089 0.00750203 0 0 0 0 0 0
0 338 82.6703 0.0236344 19.6545 0.00373748 78.16 0.00643885 0 0 0 0 0 0
0 339 83.1685 0.030315 19.653 0.00412258 78.5972 0.0108904 0 0 0 0 0 0
0 340 83.7492 0.029802 19.645 0.00507613 79.0045 0.0114643 0 0 0 0 0 0
0 341 84.2307 0.0305212 19.5617 0.00627834 79.3939 0.0137792 0 0 0 0 0 0
0 342 84.628 0.0278024 19.6088 0.00665172 79.6915 0.0111657 0 0 0 0 0 0
0 343 85.1759 0.0273429 19.5684 0.00375628 80.2139 0.00826968 0 0 0 0 0 0
0 344 85.6596 0.0225564 19.5565 0.0060526 80.5404 0.0119041 0 0 0 0 0 0
0 345 86.1316 0.0102663 19.5377 0.00507514 80.9871 0.00951852 0 0 0 0 0 0
0 346 86.599 0.0184774 19.5628 0.00606066 81.4393 0.0103616 0 0 0 0 0 0
0 347 87.0782 0.0159019 19.5263 0.0048056 81.8465 0.0115639 0 0 0 0 0 0
0 348 87.5096 0.0135085 19.5296 0.00270091 82.2865 0.00898962 0 0 0 0 0 0
0 349 87.9673 0.0131615 19.4084 0.00392342 82.7478 0.010292 0 0 0 0 0 0
0 350 88.2936 0.0149892 19.4003 0.00607388 83.248 0.00996894 0 0 0 0 0 0
0 351 88.8095 0.0142292 19.4254 0.00336548 83.6677 0.00912973 0 0 0 0 0 0
0 352 89.2307 0.0118684 19.4928 0.00238242 84.1024 0.00828148 0 0 0 0 0 0
0 353 89.7799 0.0141655 19.5018 0.00216733 84.6695 0.0113391 0 0 0 0 0 0
0 354 90.1188 0.00804762 19.4563 0.00251969 85.136 0.00969993 0 0 0 0 0 0
0 355 90.5575 0.00851368 19.5184 0.00233567 85.7999 0.00844547 0 0 0 0 0 0
0 356 91.0476 0.00693962 19.501 0.0030369 86.1732 0.00971676 0 0 0 0 0 0
0 357 91.3986 0.00760737 19.4608 0.00353296 86.743 0.0104871 0 0 0 0 0 0
0 358 91.7573 0.00580143 19.4923 0.00238105 87.2881 0.0111367 0 0 0 0 0 0
0 359 92.1426 0.00714045 19.5374 0.00484572 87.8618 0.010725 0 0 0 0 0 0
0 360 92.4723 0.00714316 19.5327 0.00529035 88.3667 0.00683004 0 0 0 0 0 0
0 361 92.8674 0.00709406 19.6996 0.00642585 88.9226 0.00945365 0 0 0 0 0 0
0 362 93.3336 0.00620108 19.777 0.00520977 89.5182 0.00822225 0 0 0 0 0 0
0 363 93.6255 0.00785927 19.8388 0.00324052 90.1489 0.0109994 0 0 0 0 0 0
0 364 93.879 0.00579977 19.9168 0.00455633 90.7345 0.0124252 0 0 0 0 0 0
0 365 94.3323 0.00768257 20.0029 0.00576194 91.3542 0.00906588 0 0 0 0 0 0
0 366 94.6978 0.0122772 20.017 0.00717389 91.8818 0.0126752 0 0 0 0 0 0
0 367 95.0095 0.00665231 20.097 0.00562716 92.519 0.0125775 0 0 0 0 0 0
0 368 95.3686 0.00740761 20.1768 0.00479595 93.0566 0.00942217 0 0 0 0 0 0
0 369 95.6551 0.0187825 20.2481 0.00546276 93.7158 0.0111107 0 0 0 0 0 0
0 370 96.0471 0.0196033 20.3936 0.0045735 94.3966 0.0138968 0 0 0 0 0 0
0 371 96.2528 0.0205207 20.5287 0.00718153 94.9391 0.00839655 0 0 0 0 0 0
0 372 96.6226 0.016177 20.5583 0.00610446 95.531 0.0136428 0 0 0 0 0 0
0 373 96.9536 0.0192436 20.7025 0.0066375 96.0756 0.0062792 0 0 0 0 0 0
0 374 97.3295 0.0266175 20.8886 0.00708016 96.7167 0.00899931 0 0 0 0 0 0
0 375 97.6965 0.0205163 21.0167 0.00742286 97.2302 0.00857318 0 0 0 0 0 0
0 376 97.9665 0.0173281 21.1395 0.00686509 97.9596 0.00849481 0 0 0 0 0 0
0 377 98.2612 0.0129486 21.2819 0.00710143 98.4902 0.0100102 0 0 0 0 0 0
0 378 98.591 0.0106766 21.4357 0.00871742 99.2508 0.00437981 0 0 0 0 0 0
0 379 99.0368 0.0107937 21.5202 0.0106653 99.9316 0.00641524 0 0 0 0 0 0
0 380 99.3419 0.0150654 21.7163 0.00930391 100.478 0.00334901 0 0 0 0 0 0
0 381 99.7677 0.020514 21.8845 0.0143956 101.11 0.00902827 0 0 0 0 0 0
0 382 100.058 0.0122199 22.0419 0.0162366 101.707 0.0071088 0 0 0 0 0 0
0 383 100.36 0.0152841 22.1834 0.0195243 102.352 0.0125298 0 0 0 0 0 0
0 384 100.693 0.0286389 22.3519 0.0210741 102.941 0.0132305 0 0 0 0 0 0
0 385 101.04 0.0213667 22.564 0.0181049 103.495 0.0112679 0 0 0 0 0 0
0 386 101.513 0.0177165 22.8173 0.0114192 104.133 0.00671206 0 0 0 0 0 0
0 387 101.917 0.0220074 22.9984 0.0113317 104.766 0.00541534 0 0 0 0 0 0
0 388 102.376 0.0214256 23.2154 0.0103257 105.379 0.00756874 0 0 0 0 0 0
0 389 102.79 0.0257947 23.5427 0.0133343 106.045 0.00272813 0 0 0 0 0 0
0 390 103.182 0.0216005 23.7163 0.0127806 106.615 0.00757324 0 0 0 0 0 0
0 391 103.541 0.033907 23.9939 0.00696678 107.152 0.0167483 0 0 0 0 0 0
0 392 104.093 0.0230197 24.2307 0.00630927 107.849 0.0110993 0 0 0 0 0 0
0 393 104.467 0.0213978 24.4353 0.00645559 108.463 0.0125837 0 0 0 0 0 0
0 394 104.961 0.02917 24.6001 0.00430582 109.09 0.00823308 0 0 0 0 0 0
0 395 105.503 0.0292659 24.9098 0.00636889 109.713 0.00833302 0 0 0 0 0 0
0 396 105.942 0.0355198 25.2166 0.00555952 110.313 0.0159009 0 0 0 0 0 0
0 397 106.333 0.0324345 25.4791 0.00342816 110.917 0.0161856 0 0 0 0 0 0
0 398 106.789 0.0171582 25.7284 0.00433485 111.458 0.0133065 0 0 0 0 0 0
0 399 107.327 0.0176258 26.0576 0.00521616 112.079 0.0104463 0 0 0 0 0 0
0 400 107.839 0.0197876 26.2461 0.00352631 112.598 0.0135996 0 0 0 0 0 0
0 401 108.387 0.0344775 26.4333 0.00384034 113.145 0.0165336 0 0 0 0 0 0
0 402 108.898 0.0391504 26.7065 0.00504821 113.716 0.00693826 0 0 0 0 0 0
0 403 109.342 0.0246891 26.9524 0.010505 114.369 0.011245 0 0 0 0 0 0
0 404 109.975 0.0274149 27.2369 0.00778836 114.976 0.00858108 0 0 0 0 0 0
0 405 110.513 0.0410727 27.5244 0.00459432 115.555 0.00751192 0 0 0 0 0 0
0 406 111.094 0.0512316 27.6808 0.00452742 116.097 0.00780806 0 0 0 0 0 0
0 407 111.657 0.0456509 28.0388 0.00368294 116.713 0.0119039 0 0 0 0 0 0
0 408 112.18 0.0416523 28.2501 0.00375191 117.272 0.00831353 0 0 0 0 0 0
0 409 112.876 0.0475374 28.4951 0.00513563 118.015 0.00873347 0 0 0 0 0 0
0 410 113.448 0.0389044 28.8158 0.00493261 118.438 0.0242172 0 0 0 0 0 0
0 411 114.101 0.0283303 29.0852 0.00215002 119.165 0.0157828 0 0 0 0 0 0
0 412 114.821 0.038307 29.2937 0.00514034 119.704 0.0198409 0 0 0 0 0 0
0 413 115.34 0.0301387 29.5905 0.0126213 120.356 0.00731606 0 0 0 0 0 0
0 414 116.024 0.0291688 29.8906 0.00803898 120.948 0.0114787 0 0 0 0 0 0
0 415 116.647 0.0319152 30.062 0.00735363 121.553 0.00710552 0 0 0 0 0 0
0 416 117.334 0.0343567 30.3797 0.00781995 121.981 0.015733 0 0 0 0 0 0
0 417 118.053 0.036132 30.7168 0.00832245 122.585 0.0107231 0 0 0 0 0 0
0 418 118.71 0.0402345 31.0562 0.00399867 123.161 0.0120432 0 0 0 0 0 0
0 419 119.364 0.0345837 31.3039 0.00709951 123.787 0.0147359 0 0 0 0 0 0
0 420 120.095 0.0320628 31.6144 0.00743999 124.439 0.0209802 0 0 0 0 0 0
0 421 120.912 0.0373382 31.8069 0.00280603 125.018 0.0164977 0 0 0 0 0 0
0 422 121.591 0.0509012 32.0821 0.00182413 125.552 0.0254132 0 0 0 0 0 0
0 423 122.377 0.0513125 32.5385 0.0029185 126.237 0.0226666 0 0 0 0 0 0
0 424 123.122 0.0356344 32.755 0.00497659 126.788 0.0181643 0 0 0 0 0 0
0 425 123.845 0.0462021 33.0081 0.00410355 127.341 0.0332765 0 0 0 0 0 0
0 426 124.594 0.0322332 33.243 0.00588736 127.933 0.0233462 0 0 0 0 0 0
0 427 125.366 0.0332754 33.5646 0.00474015 128.555 0.0188642 0 0 0 0 0 0
0 428 126.166 0.0380296 33.7331 0.00544077 129.167 0.021276 0 0 0 0 0 0
0 429 126.901 0.0296318 34.0704 0.00268717 129.763 0.0275343 0 0 0 0 0 0
0 430 127.821 0.0296178 34.3432 0.00307152 130.413 0.0285379 0 0 0 0 0 0
0 431 128.634 0.0264672 34.5873 0.00318469 130.963 0.0300431 0 0 0 0 0 0
0 432 129.402 0.0362689 34.7874 0.00908381 131.532 0.0279559 0 0 0 0 0 0
0 433 130.125 0.0239864 35.0567 0.0138441 132.103 0.0333875 0 0 0 0 0 0
0 434 131.004 0.029704 35.3566 0.0129424 132.788 0.021187 0 0 0 0 0 0
0 435 131.822 0.0205862 35.6294 0.00755287 133.451 0.0314228 0 0 0 0 0 0
0 436 132.743 0.0225767 35.7777 0.00832775 134.166 0.0300776 0 0 0 0 0 0
0 437 133.483 0.0190055 36.0525 0.00627894 134.842 0.0214156 0 0 0 0 0 0
0 438 134.3 0.0485394 36.1854 0.00474752 135.424 0.0308668 0 0 0 0 0 0
0 439 135.024 0.0376893 36.332 0.00276305 136.018 0.0255482 0 0 0 0 0 0
0 440 135.881 0.0448818 36.611 0.00571025 136.568 0.0171763 0 0 0 0 0 0
0 441 136.703 0.0198801 36.9127 0.0125716 137.348 0.0260134 0 0 0 0 0 0
0 442 137.609 0.0211817 37.1814 0.0080433 137.934 0.0212203 0 0 0 0 0 0
0 443 138.455 0.0235937 37.4987 0.0127813 138.695 0.0327226 0 0 0 0 0 0
0 444 139.264 0.0207561 37.7222 0.0132485 139.304 0.0297571 0 0 0 0 0 0
0 445 140.247 0.0272623 37.8557 0.0156598 140.099 0.0398787 0 0 0 0 0 0
0 446 141.109 0.0180768 38.096 0.018062 140.785 0.0315352 0 0 0 0 0 0
0 447 142.015 0.0309934 38.4174 0.0131632 141.432 0.0331802 0 0 0 0 0 0
0 448 142.863 0.0453971 38.5392 0.0127239 142.188 0.025564 0 0 0 0 0 0
0 449 143.721 0.0426958 38.6336 0.0146158 142.827 0.0253176 0 0 0 0 0 0
0 450 144.485 0.0454604 38.8303 0.0104765 143.452 0.0263011 0 0 0 0 0 0
0 451 145.488 0.048487 38.9434 0.0111106 144.133 0.0351603 0 0 0 0 0 0
0 452 146.254 0.044954 39.0684 0.0127093 144.812 0.0362338 0 0 0 0 0 0
0 453 147.066 0.044345 39.1258 0.0116595 145.471 0.0323495 0 0 0 0 0 0
0 454 147.865 0.0318744 39.2709 0.00924175 146.208 0.0265678 0 0 0 0 0 0
0 455 148.728 0.0341915 39.5616 0.0121374 146.778 0.017494 0 0 0 0 0 0
0 456 149.486 0.0333138 39.6283 0.0138119 147.513 0.0177355 0 0 0 0 0 0
0 457 150.453 0.0424338 39.8376 0.016398 148.173 0.0239213 0 0 0 0 0 0
0 458 151.198 0.0531875 39.8699 0.0149245 148.956 0.0224974 0 0 0 0 0 0
0 459 152.125 0.0496887 40.0084 0.00659511 149.641 0.0244384 0 0 0 0 0 0
0 460 153 0.045201 40.1698 0.0160676 150.225 0.0203996 0 0 0 0 0 0
0 461 153.864 0.0390153 40.287 0.0233736 151.139 0.0153744 0 0 0 0 0 0
0 462 154.744 0.0543446 40.4724 0.00790183 151.879 0.0153503 0 0 0 0 0 0
0 463 155.588 0.0427197 40.534 0.0106695 152.662 0.0225639 0 0 0 0 0 0
0 464 156.295 0.0432445 40.6816 0.0161333 153.375 0.0183992 0 0 0 0 0 0
0 465 157.203 0.0343246 40.77 0.0157121 154.097 0.0241068 0 0 0 0 0 0
0 466 158.117 0.038904 40.93 0.0152994 154.778 0.0220861 0 0 0 0 0 0
0 467 158.911 0.0306972 41.0166 0.0117795 155.546 0.0250884 0 0 0 0 0 0
0 468 159.705 0.0344903 41.146 0.0097846 156.222 0.019452 0 0 0 0 0 0
0 469 160.609 0.0323253 41.2035 0.00791565 156.962 0.0188721 0 0 0 0 0 0
0 470 161.493 0.0285802 41.3085 0.011622 157.537 0.0258341 0 0 0 0 0 0
0 471 162.245 0.0243583 41.3951 0.0153936 158.309 0.0150971 0 0 0 0 0 0
0 472 162.949 0.0269546 41.4056 0.0140561 159.073 0.0176862 0 0 0 0 0 0
0 473 163.793 0.0269528 41.5666 0.0171117 159.741 0.00895123 0 0 0 0 0 0
0 474 164.547 0.0325645 41.6953 0.0144845 160.545 0.0116117 0 0 0 0 0 0
0 475 165.452 0.0218031 41.8045 0.0112572 161.312 0.018805 0 0 0 0 0 0
0 476 166.122 0.0248586 41.8261 0.0153423 162.033 0.0206118 0 0 0 0 0 0
0 477 166.811 0.0164995 42.0192 0.0107537 162.663 0.0214788 0 0 0 0 0 0
0 478 167.73 0.0254283 42.0781 0.0171727 163.464 0.0192725 0 0 0 0 0 0
0 479 168.586 0.0162712 42.2598 0.0086759 164.129 0.0230751 0 0 0 0 0 0
0 480 169.238 0.0151551 42.3778 0.00851986 164.947 0.02207 0 0 0 0 0 0
0 481 170.148 0.0276842 42.4563 0.0176293 165.686 0.0273192 0 0 0 0 0 0
0 482 170.869 0.0250551 42.5314 0.0223861 166.452 0.0271161 0 0 0 0 0 0
0 483 171.68 0.0245772 42.5752 0.0253707 167.12 0.0241252 0 0 0 0 0 0
0 484 172.255 0.025799 42.6297 0.0190028 167.797 0.0256388 0 0 0 0 0 0
0 485 172.988 0.0382409 42.6758 0.0116289 168.523 0.0256957 0 0 0 0 0 0
0 486 173.678 0.0230036 42.8357 0.015321 169.144 0.0257964 0 0 0 0 0 0
0 487 174.367 0.0195267 42.9612 0.0254214 169.862 0.0187127 0 0 0 0 0 0
0 488 175.101 0.00990625 42.9685 0.0152541 170.611 0.0200536 0 0 0 0 0 0
0 489 175.739 0.00580979 43.1497 0.0104295 171.438 0.0138765 0 0 0 0 0 0
0 490 176.576 0.0034175 43.2508 0.0103766 172.24 0.0257144 0 0 0 0 0 0
0 491 177.24 0.00436524 43.4238 0.0150276 172.991 0.0163897 0 0 0 0 0 0
0 492 177.907 0.0079921 43.5932 0.00744042 173.735 0.0160245 0 0 0 0 0 0
0 493 178.628 0.0115204 43.6089 0.0108852 174.479 0.0335349 0 0 0 0 0 0
0 494 179.248 0.0100922 43.6355 0.0162765 175.29 0.0402297 0 0 0 0 0 0
0 495 179.915 0.0180548 43.6599 0.0111607 176.01 0.0194146 0 0 0 0 0 0
0 496 180.575 0.00634296 43.7888 0.0113232 176.743 0.0186966 0 0 0 0 0 0
0 497 181.257 0.0182307 44.0512 0.00593928 177.41 0.0118254 0 0 0 0 0 0
0 498 181.86 0.0203965 44.1108 0.00980714 178.317 0.00823769 0 0 0 0 0 0
0 499 182.433 0.0103158 44.2482 0.0186194 179.01 0.0053715 0 0 0 0 0 0


