# every column is followed by the variance. Then you have the following: 
#g(0, 0), different atom index: 4
#g(0, 0), same atom index: 10
#g(0, 1), different atom index: 0
#g(0, 1), same atom index: 6
#g(1, 1), different atom index: 2
#g(1, 1), same atom index: 8
0 0 0 0 0 0 0 0 0 0 125 0 250 0
0 1 0 0 0 0 0 0 0 0 0 0 0 0
0 2 0 0 0 0 0 0 0 0 0 0 0 0
0 3 0 0 0 0 0 0 0 0 0 0 0 0
0 4 0 0 0 0 0 0 0 0 0 0 0 0
0 5 0 0 0 0 0 0 0 0 0 0 0 0
0 6 0 0 0 0 0 0 0 0 0 0 0 0
0 7 0 0 0 0 0 0 0 0 0 0 0 0
0 8 0 0 0 0 0 0 0 0 0 0 0 0
0 9 0 0 0 0 0 0 0 0 0 0 0 0
0 10 0 0 0 0 0 0 0 0 0 0 0 0
0 11 0 0 0 0 0 0 0 0 0 0 0 0
0 12 0 0 0 0 0 0 0 0 0 0 0 0
0 13 0 0 0 0 0 0 0 0 0 0 0 0
0 14 0 0 0 0 0 0 0 0 0 0 0 0
0 15 0 0 0 0 0 0 0 0 0 0 0 0
0 16 0 0 0 0 0 0 0 0 0 0 0 0
0 17 0 0 0 0 0 0 0 0 0 0 0 0
0 18 0 0 0 0 0 0 0 0 0 0 0 0
0 19 0 0 0 0 0 0 0 0 0 0 0 0
0 20 0 0 0 0 0 0 0 0 0 0 0 0
0 21 0 0 0 0 0 0 0 0 0 0 0 0
0 22 0 0 0 0 0 0 0 0 0 0 0 0
0 23 0 0 0 0 0 0 0 0 0 0 0 0
0 24 0 0 0 0 0 0 0 0 0 0 0 0
0 25 0 0 0 0 0 0 0 0 0 0 0 0
0 26 0 0 0 0 0 0 0 0 0 0 0 0
0 27 0 0 0 0 0 0 0 0 0 0 0 0
0 28 0 0 0 0 0 0 0 0 0 0 0 0
0 29 0 0 0 0 0 0 0 0 0 0 0 0
0 30 0 0 0 0 0 0 0 0 0 0 0 0
0 31 0 0 0 0 0 0 0 0 0 0 0 0
0 32 0 0 0 0 0 0 0 0 0 0 0 0
0 33 0 0 0 0 0 0 0 0 0 0 0 0
0 34 0 0 0 0 0 0 0 0 0 0 0 0
0 35 0 0 0 0 0 0 0 0 0 0 0 0
0 36 0 0 0 0 0 0 0 0 0 0 0 0
0 37 0 0 0 0 0 0 0 0 0 0 0 0
0 38 0 0 0 0 0 0 0 0 0 0 0 0
0 39 0 0 0 0 0 0 0 0 0 0 0 0
0 40 0 0 0 0 0 0 0 0 0 0 0 0
0 41 0 0 0 0 0 0 0 0 0 0 0 0
0 42 0 0 0 0 0 0 0 0 0 0 0 0
0 43 0 0 0 0 0 0 0 0 0 0 0 0
0 44 0 0 0 0 0 0 0 0 0 0 0 0
0 45 0 0 0 0 0 0 0 0 0 0 0 0
0 46 0 0 0 0 0 0 0 0 0 0 0 0
0 47 0 0 0 0 0 0 0 0 0 0 0 0
0 48 0 0 0 0 0 0 0 0 0 0 0 0
0 49 0 0 0 0 0 0 0 0 0 0 0 0
0 50 0 0 0 0 0 0 0 0 0 0 0 0
0 51 0 0 0 0 0 0 0 0 0 0 0 0
0 52 0 0 0 0 0 0 0 0 0 0 0 0
0 53 0 0 0 0 0 0 0 0 0 0 0 0
0 54 0 0 0 0 0 0 0 0 0 0 0 0
0 55 0 0 0 0 0 0 0 0 0 0 0 0
0 56 0 0 0 0 0 0 0 0 0 0 0 0
0 57 0.000672 4.65351e-08 0 0 0 0 0 0 0 0 0 0
0 58 0.015968 9.80082e-07 0 0 0 0 0 0 0 0 0 0
0 59 0.184704 5.88244e-05 0 0 0 0 0 0 0 0 0 0
0 60 1.27189 0.00122845 0 0 0 0 0 0 0 0 0 0
0 61 5.91912 0.00642752 0 0 0 0 0 0 0 0 0 0
0 62 18.8418 0.0186506 0 0 0 0 0 0 0 0 0 0
0 63 42.63 0.00604788 0 0 0 0 0 0 0 0 0 0
0 64 70.7681 0.0578907 0 0 0 0 0 0 0 0 0 0
0 65 89.6904 0.180447 0 0 0 0 0 0 0 0 0 0
0 66 89.6937 0.093511 0 0 0 0 0 0 0 0 0 0
0 67 73.307 0.0122928 0 0 0 0 0 0 0 0 0 0
0 68 50.2292 0.0323194 0 0 0 0 0 0 0 0 0 0
0 69 29.549 0.0379057 0 0 0 0 0 0 0 0 0 0
0 70 15.3202 0.0187863 0 0 0 0 0 0 0 0 0 0
0 71 7.21954 0.011191 0 0 0 0 0 0 0 0 0 0
0 72 3.1667 0.00487596 0 0 0 0 0 0 0 0 0 0
0 73 1.32451 0.0016825 0 0 0 0 0 0 0 0 0 0
0 74 0.527536 0.000363198 0 0 0 0 0 0 0 0 0 0
0 75 0.204864 5.67621e-05 0 0 0 0 0 0 0 0 0 0
0 76 0.08416 1.01962e-05 0 0 0 0 0 0 0 0 0 0
0 77 0.031152 4.43793e-06 0 0 0 0 0 0 0 0 0 0
0 78 0.012256 4.34745e-07 0 0 0 0 0 0 0 0 0 0
0 79 0.00456 2.68658e-07 0 0 0 0 0 0 0 0 0 0
0 80 0.002288 9.4464e-08 0 0 0 0 0 0 0 0 0 0
0 81 0.001184 5.92782e-08 0 0 0 0 0 0 0 0 0 0
0 82 0.001088 1.01717e-07 0 0 0 0 0 0 0 0 0 0
0 83 0.001952 7.83929e-08 0 0 6.4e-05 1.25156e-09 0 0 0 0 0 0
0 84 0.003312 2.64562e-07 0 0 0.000192 3.29956e-09 0 0 0 0 0 0
0 85 0.006352 2.42375e-07 0 0 0.00104 6.21511e-08 0 0 0 0 0 0
0 86 0.010016 2.1686e-07 0 0 0.003216 8.27449e-08 0 0 0 0 0 0
0 87 0.015824 7.10229e-07 0 0 0.00904 2.58987e-07 0 0 0 0 0 0
0 88 0.027968 7.75851e-07 0 0 0.02088 6.13973e-07 0 0 0 0 0 0
0 89 0.042688 1.40447e-06 0 0 0.04816 1.22482e-06 0 0 0 0 0 0
0 90 0.070992 4.16088e-06 0 0 0.099504 1.38379e-06 0 0 0 0 0 0
0 91 0.10656 4.57444e-06 0 0 0.20816 1.18198e-05 0 0 0 0 0 0
0 92 0.163552 1.48462e-05 0 0 0.401408 3.2802e-05 0 0 0 0 0 0
0 93 0.238912 1.85377e-05 0 0 0.751024 8.50213e-05 0 0 0 0 0 0
0 94 0.343616 4.91464e-05 0 0 1.31046 0.000211458 0 0 0 0 0 0
0 95 0.483776 4.88705e-05 0 0 2.17763 0.00030543 0 0 0 0 0 0
0 96 0.667568 0.000111317 0 0 3.4233 0.000713633 0 0 0 0 0 0
0 97 0.907296 0.000154165 0 0 5.15397 0.00093772 0 0 0 0 0 0
0 98 1.20083 0.000326608 0 0 7.34202 0.00046714 0 0 0 0 0 0
0 99 1.56717 0.000333568 0 0 9.95032 0.00103786 0 0 0 0 0 0
0 100 1.98653 0.000621564 0 0 12.8205 0.0014095 0 0 0 0 0 0
0 101 2.49347 0.000571181 0 0 15.6584 0.00239256 0 0 0 0 0 0
0 102 3.05229 0.0010641 0 0 18.2829 0.00226191 0 0 0 0 0 0
0 103 3.68555 0.00122211 0 0 20.2866 0.00244821 0 0 0 0 0 0
0 104 4.35608 0.00175595 0 0 21.4546 0.00157139 0 0 0 0 0 0
0 105 5.10544 0.00217652 0 0 21.6228 0.00108359 0 0 0 0 0 0
0 106 5.86659 0.00203195 0 0 20.775 0.00141189 0 0 0 0 0 0
0 107 6.65963 0.00276262 0 0 19.1004 0.00142016 0 0 0 0 0 0
0 108 7.46621 0.00288457 0 0 16.7588 0.00175019 0 0 0 0 0 0
0 109 8.27298 0.00340236 0 0 14.022 0.000896517 0 0 0 0 0 0
0 110 9.06349 0.00348582 0 0 11.2893 0.00181762 0 0 0 0 0 0
0 111 9.78434 0.00450582 0 0 8.72195 0.00162508 0 0 0 0 0 0
0 112 10.4332 0.00489278 0 0 6.44182 0.000934024 0 0 0 0 0 0
0 113 11.0449 0.00448131 0 0 4.66413 0.00101776 0 0 0 0 0 0
0 114 11.563 0.00353523 0 0 3.30181 0.000562548 0 0 0 0 0 0
0 115 11.9945 0.00230403 0 0 2.35107 0.000362806 0 0 0 0 0 0
0 116 12.3533 0.00289665 0 0 1.72917 0.000340736 0 0 0 0 0 0
0 117 12.6056 0.00139986 0 0 1.34918 0.000241589 0 0 0 0 0 0
0 118 12.6844 0.00249873 0 0 1.19808 0.000165798 0 0 0 0 0 0
0 119 12.7745 0.00178711 0 0 1.17157 9.27534e-05 0 0 0 0 0 0
0 120 12.7711 0.00158304 0 0 1.27797 0.000102303 0 0 0 0 0 0
0 121 12.6679 0.00150019 0 0 1.4544 0.00016801 0 0 0 0 0 0
0 122 12.4781 0.0011343 0 0 1.69987 0.000117072 0 0 0 0 0 0
0 123 12.2316 0.000955077 0 0 2.01166 0.000121585 0 0 0 0 0 0
0 124 11.9499 0.000633513 0 0 2.37299 4.91616e-05 0 0 0 0 0 0
0 125 11.6443 0.000682731 0 0 2.78531 0.000197621 0 0 0 0 0 0
0 126 11.309 0.000986083 0 0 3.26122 0.00039704 0 0 0 0 0 0
0 127 10.9123 0.000578169 0 0 3.76555 0.000518975 0 0 0 0 0 0
0 128 10.5233 0.000743483 0 0 4.34155 0.000688317 0 0 0 0 0 0
0 129 10.1148 0.00133725 0 0 4.95 0.00100854 0 0 0 0 0 0
0 130 9.70262 0.000558096 0 0 5.63389 0.000643643 0 0 0 0 0 0
0 131 9.32832 0.000876658 0 0 6.34906 0.00080921 0 0 0 0 0 0
0 132 8.92827 0.00119227 0 0 7.12691 0.000702122 0 0 0 0 0 0
0 133 8.4957 0.00112027 0 0 7.89762 0.000690926 0 0 0 0 0 0
0 134 8.09557 0.00096882 0 0 8.75648 0.00182699 0 0 0 0 0 0
0 135 7.74747 0.00122093 0 0 9.60821 0.00103824 0 0 0 0 0 0
0 136 7.40427 0.00101778 0 0 10.5121 0.000973677 0 0 0 0 0 0
0 137 7.05469 0.0016618 0 0 11.4591 0.00176728 0 0 0 0 0 0
0 138 6.72146 0.000891094 0 0 12.3611 0.00256345 0 0 0 0 0 0
0 139 6.41077 0.000652774 0 0 13.2973 0.00199758 0 0 0 0 0 0
0 140 6.14291 0.000767981 0 0 14.2411 0.00184545 0 0 0 0 0 0
0 141 5.8377 0.00112305 0 0 15.1598 0.00262728 0 0 0 0 0 0
0 142 5.59909 0.000784287 0 0 16.0761 0.00310627 0 0 0 0 0 0
0 143 5.31584 0.000735076 0 0 16.9548 0.00328925 0 0 0 0 0 0
0 144 5.09864 0.000931185 0 0 17.8244 0.00462185 0 0 0 0 0 0
0 145 4.89347 0.000914839 0 0 18.6501 0.00415561 0 0 0 0 0 0
0 146 4.72224 0.000830009 0 0 19.3887 0.00291342 0 0 0 0 0 0
0 147 4.50509 0.000650989 0 0 20.0535 0.0030298 0 0 0 0 0 0
0 148 4.36346 0.000963674 0 0 20.7354 0.00220746 0 0 0 0 0 0
0 149 4.20602 0.000921225 6.4e-05 4.096e-09 21.306 0.00148238 0 0 0 0 0 0
0 150 4.07611 0.00111542 9.6e-05 9.216e-09 21.8156 0.00234544 0 0 0 0 0 0
0 151 3.93043 0.000705246 0.000176 1.50471e-08 22.257 0.00229926 0 0 0 0 0 0
0 152 3.82699 0.000814284 0.000656 5.6576e-08 22.6574 0.00311499 0 0 0 0 0 0
0 153 3.71653 0.000740821 0.001824 1.78176e-07 22.9799 0.00373942 0 0 0 0 0 0
0 154 3.64814 0.000875905 0.00376 2.31111e-07 23.1712 0.00511522 0 0 0 0 0 0
0 155 3.59426 0.000951739 0.008192 1.77084e-06 23.4384 0.00503947 0 0 0 0 0 0
0 156 3.52694 0.000847184 0.017808 1.06613e-06 23.524 0.0034732 0 0 0 0 0 0
0 157 3.49563 0.00056408 0.037776 3.81409e-06 23.587 0.00228853 0 0 0 0 0 0
0 158 3.46037 0.000721099 0.066544 3.71112e-06 23.5784 0.00339984 0 0 0 0 0 0
0 159 3.44946 0.00063018 0.117664 1.64854e-05 23.5343 0.00268881 0 0 0 0 0 0
0 160 3.45488 0.000866728 0.202784 1.46638e-05 23.4109 0.00256129 0 0 0 0 0 0
0 161 3.46491 0.00077084 0.330208 4.61891e-05 23.2381 0.0033507 0 0 0 0 0 0
0 162 3.48896 0.00115197 0.509392 7.01856e-05 23.0541 0.00256471 0 0 0 0 0 0
0 163 3.53875 0.000964148 0.769216 0.000179288 22.753 0.00138496 0 0 0 0 0 0
0 164 3.58733 0.000704807 1.1077 0.000231555 22.4993 0.00102788 0 0 0 0 0 0
0 165 3.67069 0.00115105 1.55869 0.000546733 22.1636 0.00108206 0 0 0 0 0 0
0 166 3.72451 0.00135409 2.12323 0.000787204 21.8312 0.000800304 0 0 0 0 0 0
0 167 3.84326 0.00128448 2.78688 0.00134186 21.5066 0.00126256 0 0 0 0 0 0
0 168 3.99117 0.00103879 3.57614 0.00091847 21.167 0.00177961 0 0 0 0 0 0
0 169 4.164 0.00159808 4.46274 0.00112195 20.7905 0.00134699 0 0 0 0 0 0
0 170 4.35696 0.00144759 5.41314 0.00258626 20.449 0.00275537 0 0 0 0 0 0
0 171 4.58651 0.00159539 6.41926 0.00251335 20.0593 0.00339254 0 0 0 0 0 0
0 172 4.83802 0.00146048 7.53421 0.00265021 19.6606 0.00224159 0 0 0 0 0 0
0 173 5.11443 0.00122846 8.64866 0.00359319 19.2962 0.0027456 0 0 0 0 0 0
0 174 5.43109 0.00138077 9.79712 0.00651057 18.9984 0.00384824 0 0 0 0 0 0
0 175 5.78584 0.00182836 10.8442 0.00692182 18.701 0.00288626 0 0 0 0 0 0
0 176 6.1839 0.00183096 11.8212 0.00595311 18.4077 0.00408515 0 0 0 0 0 0
0 177 6.64342 0.0024979 12.691 0.00631947 18.1443 0.00353386 0 0 0 0 0 0
0 178 7.13461 0.00246874 13.5055 0.0054846 17.903 0.00434528 0 0 0 0 0 0
0 179 7.64622 0.00270028 14.1402 0.00430289 17.6792 0.00548975 0 0 0 0 0 0
0 180 8.24082 0.00261026 14.6228 0.00348056 17.5127 0.00564236 0 0 0 0 0 0
0 181 8.9068 0.0018188 15.026 0.00320814 17.373 0.00728542 0 0 0 0 0 0
0 182 9.60992 0.0016374 15.2022 0.00223494 17.2513 0.00769181 0 0 0 0 0 0
0 183 10.41 0.00220628 15.3046 0.00293572 17.1532 0.00675463 0 0 0 0 0 0
0 184 11.2488 0.00185478 15.2598 0.00320653 17.1338 0.00642347 0 0 0 0 0 0
0 185 12.1647 0.00238462 15.1362 0.00420691 17.0478 0.00680724 0 0 0 0 0 0
0 186 13.1598 0.00196515 14.8622 0.00317964 17.038 0.00498899 0 0 0 0 0 0
0 187 14.1865 0.00297023 14.5116 0.00125845 17.0872 0.00659712 0 0 0 0 0 0
0 188 15.2749 0.00235995 14.1731 0.00265938 17.104 0.00604573 0 0 0 0 0 0
0 189 16.4626 0.00306541 13.7525 0.00264091 17.1811 0.00609307 0 0 0 0 0 0
0 190 17.7045 0.00276509 13.2379 0.00212907 17.2796 0.00745135 0 0 0 0 0 0
0 191 18.9947 0.00167277 12.8166 0.00162918 17.4333 0.00759448 0 0 0 0 0 0
0 192 20.3211 0.00307543 12.344 0.00197139 17.6204 0.00708413 0 0 0 0 0 0
0 193 21.7691 0.00279015 11.8529 0.00221601 17.7671 0.00725326 0 0 0 0 0 0
0 194 23.2036 0.00335419 11.3838 0.00232865 17.9292 0.00835178 0 0 0 0 0 0
0 195 24.7307 0.00323417 10.8876 0.00113433 18.1825 0.0095416 0 0 0 0 0 0
0 196 26.2096 0.00375469 10.4934 0.0020958 18.4412 0.00690189 0 0 0 0 0 0
0 197 27.784 0.00317014 10.0298 0.00227271 18.7504 0.00712038 0 0 0 0 0 0
0 198 29.2904 0.00304398 9.60704 0.00247549 19.0428 0.00835631 0 0 0 0 0 0
0 199 30.9437 0.00351662 9.18443 0.00204456 19.3284 0.00993474 0 0 0 0 0 0
0 200 32.5483 0.00357878 8.82371 0.00212034 19.708 0.00845019 0 0 0 0 0 0
0 201 34.1884 0.00330094 8.4908 0.00249033 20.0736 0.0105105 0 0 0 0 0 0
0 202 35.7149 0.00213186 8.21738 0.00298657 20.4408 0.0068641 0 0 0 0 0 0
0 203 37.2918 0.00278336 7.91587 0.00192037 20.859 0.00974702 0 0 0 0 0 0
0 204 38.8238 0.00242907 7.67734 0.000921798 21.3208 0.00867598 0 0 0 0 0 0
0 205 40.2927 0.00441027 7.5072 0.00136939 21.7736 0.0106348 0 0 0 0 0 0
0 206 41.603 0.0035752 7.30882 0.00167119 22.2502 0.00995334 0 0 0 0 0 0
0 207 42.9315 0.00247546 7.11534 0.00110065 22.7581 0.00888687 0 0 0 0 0 0
0 208 44.1892 0.00207875 6.96496 0.00086083 23.2582 0.0088413 0 0 0 0 0 0
0 209 45.3746 0.00298456 6.7985 0.0011847 23.7832 0.0115907 0 0 0 0 0 0
0 210 46.3918 0.00248171 6.66539 0.00131752 24.3354 0.0107195 0 0 0 0 0 0
0 211 47.3935 0.00281603 6.59022 0.00251189 24.9212 0.00891023 0 0 0 0 0 0
0 212 48.1959 0.00707473 6.52747 0.00362177 25.526 0.00838402 0 0 0 0 0 0
0 213 48.9531 0.00405029 6.4616 0.00220472 26.0937 0.00734135 0 0 0 0 0 0
0 214 49.658 0.00540995 6.43752 0.00305144 26.6926 0.00449821 0 0 0 0 0 0
0 215 50.2851 0.00477006 6.41707 0.00299992 27.3383 0.00585729 0 0 0 0 0 0
0 216 50.8125 0.0034829 6.34998 0.00546418 27.9884 0.00585845 0 0 0 0 0 0
0 217 51.2524 0.00783258 6.3281 0.00209792 28.6517 0.00592813 0 0 0 0 0 0
0 218 51.5504 0.00416363 6.37696 0.0027355 29.3904 0.00574791 0 0 0 0 0 0
0 219 51.8376 0.00445553 6.39803 0.00362691 30.0489 0.00509051 0 0 0 0 0 0
0 220 52.0351 0.00348482 6.42389 0.00354048 30.7238 0.00452168 0 0 0 0 0 0
0 221 52.1217 0.0075111 6.47382 0.00377656 31.4328 0.00477065 0 0 0 0 0 0
0 222 52.205 0.00805745 6.51149 0.00495455 32.171 0.00600855 0 0 0 0 0 0
0 223 52.1944 0.00366005 6.5772 0.00402605 32.9567 0.00687671 0 0 0 0 0 0
0 224 52.0808 0.00523073 6.66174 0.00293369 33.7309 0.0111604 0 0 0 0 0 0
0 225 52.035 0.00499544 6.7077 0.00296054 34.4279 0.00757786 0 0 0 0 0 0
0 226 51.8285 0.00995813 6.79384 0.00321429 35.1906 0.00641775 0 0 0 0 0 0
0 227 51.553 0.00615654 6.86272 0.0040307 36.0001 0.00347657 0 0 0 0 0 0
0 228 51.3397 0.00613369 6.99736 0.00622681 36.839 0.00325136 0 0 0 0 0 0
0 229 51.0583 0.0109606 7.07536 0.00323292 37.6385 0.00595246 0 0 0 0 0 0
0 230 50.8476 0.0123878 7.20502 0.0038739 38.4824 0.00385053 0 0 0 0 0 0
0 231 50.5522 0.0131459 7.32434 0.00429918 39.3224 0.0032467 0 0 0 0 0 0
0 232 50.2588 0.0112085 7.36765 0.00454912 40.0912 0.00296615 0 0 0 0 0 0
0 233 49.9923 0.0124982 7.48669 0.00506956 40.9771 0.00203072 0 0 0 0 0 0
0 234 49.7963 0.0167174 7.66712 0.00316393 41.7937 0.00268052 0 0 0 0 0 0
0 235 49.4992 0.0173422 7.79934 0.00240783 42.6172 0.00409648 0 0 0 0 0 0
0 236 49.2728 0.0148108 8.00648 0.00216003 43.4287 0.00438108 0 0 0 0 0 0
0 237 49.0931 0.0147459 8.11846 0.00308519 44.2494 0.00461358 0 0 0 0 0 0
0 238 48.8972 0.0167757 8.24549 0.00195421 45.0938 0.00589172 0 0 0 0 0 0
0 239 48.7665 0.0153607 8.41312 0.00141991 45.8697 0.00550961 0 0 0 0 0 0
0 240 48.565 0.0132195 8.57754 0.000928777 46.6629 0.0104881 0 0 0 0 0 0
0 241 48.4626 0.00921812 8.71986 0.00130518 47.4456 0.0033169 0 0 0 0 0 0
0 242 48.3276 0.00934219 8.95638 0.00188669 48.2266 0.00471255 0 0 0 0 0 0
0 243 48.3062 0.011887 9.09507 0.00328836 48.9561 0.00574991 0 0 0 0 0 0
0 244 48.2106 0.00816587 9.25344 0.00188379 49.6275 0.00930752 0 0 0 0 0 0
0 245 48.1508 0.00530761 9.50902 0.00175237 50.3433 0.00843133 0 0 0 0 0 0
0 246 48.1192 0.0041271 9.63822 0.00398911 51.0063 0.00647218 0 0 0 0 0 0
0 247 48.1362 0.00472536 9.83178 0.00179884 51.6073 0.00916524 0 0 0 0 0 0
0 248 48.1334 0.00326544 10.0083 0.00350828 52.2155 0.00590804 0 0 0 0 0 0
0 249 48.1776 0.00268809 10.1663 0.00419941 52.7439 0.010813 0 0 0 0 0 0
0 250 48.2792 0.00654399 10.388 0.00322134 53.2784 0.0147861 0 0 0 0 0 0
0 251 48.3965 0.00557654 10.5269 0.00271603 53.7466 0.012579 0 0 0 0 0 0
0 252 48.4848 0.0031867 10.6965 0.00273971 54.2367 0.0108155 0 0 0 0 0 0
0 253 48.6274 0.00322346 10.9068 0.0036601 54.7629 0.0111022 0 0 0 0 0 0
0 254 48.8486 0.00636637 11.0735 0.00349393 55.1776 0.00822692 0 0 0 0 0 0
0 255 48.9869 0.00655466 11.2952 0.00491806 55.5464 0.00686869 0 0 0 0 0 0
0 256 49.2092 0.00528045 11.4811 0.00483323 55.8696 0.00846349 0 0 0 0 0 0
0 257 49.3794 0.00645523 11.7016 0.00299875 56.2243 0.00864066 0 0 0 0 0 0
0 258 49.562 0.00571077 11.8868 0.00257762 56.4832 0.0111026 0 0 0 0 0 0
0 259 49.8396 0.00623206 12.0816 0.00236288 56.7396 0.0109346 0 0 0 0 0 0
0 260 50.0538 0.00398642 12.3267 0.00329854 57.0115 0.00750894 0 0 0 0 0 0
0 261 50.2606 0.00678087 12.5493 0.00298846 57.2428 0.00672837 0 0 0 0 0 0
0 262 50.4935 0.00573064 12.7307 0.00266484 57.4928 0.0120982 0 0 0 0 0 0
0 263 50.746 0.00634801 12.9039 0.00191935 57.6514 0.00932134 0 0 0 0 0 0
0 264 50.931 0.0064575 13.1339 0.00236072 57.8513 0.00728678 0 0 0 0 0 0
0 265 51.2186 0.00511408 13.4008 0.00303384 57.9998 0.00944435 0 0 0 0 0 0
0 266 51.48 0.00653113 13.6556 0.00722183 58.1882 0.00567739 0 0 0 0 0 0
0 267 51.834 0.00482209 13.7835 0.00586202 58.3533 0.00468384 0 0 0 0 0 0
0 268 52.1024 0.00558597 13.9663 0.00462975 58.6134 0.00624929 0 0 0 0 0 0
0 269 52.3201 0.00525331 14.1816 0.00252594 58.7496 0.00557592 0 0 0 0 0 0
0 270 52.6493 0.00775293 14.2784 0.00370763 58.9312 0.00527958 0 0 0 0 0 0
0 271 52.9789 0.0074536 14.5775 0.00303461 59.1011 0.00534459 0 0 0 0 0 0
0 272 53.2416 0.00490768 14.7591 0.00385806 59.2877 0.00482826 0 0 0 0 0 0
0 273 53.4786 0.00758805 15.0636 0.00475151 59.3689 0.00788375 0 0 0 0 0 0
0 274 53.8545 0.00812665 15.246 0.00236179 59.5919 0.00723946 0 0 0 0 0 0
0 275 54.1176 0.00818015 15.4424 0.00380589 59.7634 0.00396289 0 0 0 0 0 0
0 276 54.3987 0.00645962 15.5691 0.00349391 59.9942 0.00358097 0 0 0 0 0 0
0 277 54.7284 0.00932687 15.7261 0.00343837 60.1598 0.00262164 0 0 0 0 0 0
0 278 55.0388 0.00610401 15.9156 0.00352137 60.3688 0.00401227 0 0 0 0 0 0
0 279 55.3424 0.00781709 16.1225 0.0052104 60.6669 0.00622454 0 0 0 0 0 0
0 280 55.6996 0.00908053 16.3285 0.00245465 60.8335 0.00554976 0 0 0 0 0 0
0 281 55.9937 0.00745357 16.4949 0.00102656 61.1123 0.00504721 0 0 0 0 0 0
0 282 56.2976 0.00765539 16.6369 0.00153915 61.4211 0.00442764 0 0 0 0 0 0
0 283 56.6373 0.00507273 16.7811 0.00392156 61.5853 0.00672046 0 0 0 0 0 0
0 284 56.9919 0.00491269 17.0019 0.0093234 61.836 0.00325931 0 0 0 0 0 0
0 285 57.3179 0.00850545 17.1963 0.00931995 62.2004 0.00445245 0 0 0 0 0 0
0 286 57.5772 0.00784972 17.3432 0.00818527 62.4472 0.00943057 0 0 0 0 0 0
0 287 57.8531 0.00791365 17.5099 0.0095464 62.7382 0.0116708 0 0 0 0 0 0
0 288 58.236 0.00617099 17.6762 0.00424139 62.9847 0.00677932 0 0 0 0 0 0
0 289 58.4818 0.00601506 17.8327 0.00534486 63.3138 0.0122918 0 0 0 0 0 0
0 290 58.8193 0.00755381 17.9657 0.00676219 63.5955 0.0104677 0 0 0 0 0 0
0 291 59.2075 0.00393613 18.1198 0.00670885 63.9566 0.0118902 0 0 0 0 0 0
0 292 59.5808 0.00719455 18.2332 0.00627504 64.2009 0.0139697 0 0 0 0 0 0
0 293 59.9293 0.00600515 18.3095 0.00947108 64.4579 0.0143671 0 0 0 0 0 0
0 294 60.3234 0.0100663 18.4637 0.00791199 64.842 0.0130752 0 0 0 0 0 0
0 295 60.7393 0.012145 18.6288 0.00936099 65.0416 0.0161004 0 0 0 0 0 0
0 296 61.0901 0.0141042 18.7602 0.00775271 65.3583 0.017381 0 0 0 0 0 0
0 297 61.4692 0.0128083 18.8782 0.00735741 65.666 0.00978354 0 0 0 0 0 0
0 298 61.9637 0.0121495 18.9475 0.00673389 65.9493 0.0109003 0 0 0 0 0 0
0 299 62.3414 0.0100566 19.0824 0.00751837 66.2532 0.009219 0 0 0 0 0 0
0 300 62.6837 0.0111428 19.1831 0.0118865 66.4973 0.00759359 0 0 0 0 0 0
0 301 63.1627 0.0117827 19.2132 0.0131291 66.8569 0.0154844 0 0 0 0 0 0
0 302 63.679 0.0120105 19.3242 0.0151716 67.0855 0.00668103 0 0 0 0 0 0
0 303 64.0095 0.00527809 19.429 0.0127236 67.4105 0.00852958 0 0 0 0 0 0
0 304 64.494 0.00619898 19.4667 0.0152441 67.6604 0.0105035 0 0 0 0 0 0
0 305 64.883 0.00970523 19.5619 0.0164875 67.9635 0.0114739 0 0 0 0 0 0
0 306 65.4278 0.0053107 19.6794 0.0128082 68.2115 0.0113385 0 0 0 0 0 0
0 307 65.8359 0.00501189 19.719 0.00767973 68.5566 0.0106147 0 0 0 0 0 0
0 308 66.2875 0.0122372 19.8176 0.0084318 68.7711 0.00948527 0 0 0 0 0 0
0 309 66.8314 0.0115326 19.8175 0.0108263 69.0421 0.01466 0 0 0 0 0 0
0 310 67.3024 0.0163058 19.8494 0.00666185 69.3396 0.00751271 0 0 0 0 0 0
0 311 67.7394 0.0165522 19.8131 0.00656727 69.5969 0.00978189 0 0 0 0 0 0
0 312 68.2079 0.0101839 19.8857 0.00764315 69.9569 0.00474357 0 0 0 0 0 0
0 313 68.6836 0.00879724 19.9526 0.00704559 70.1903 0.00388423 0 0 0 0 0 0
0 314 69.2473 0.0038312 19.9879 0.00516124 70.4886 0.00478777 0 0 0 0 0 0
0 315 69.7046 0.00824518 20.0203 0.00679376 70.6742 0.00787728 0 0 0 0 0 0
0 316 70.1195 0.00910697 20.0186 0.0100037 70.9728 0.0125881 0 0 0 0 0 0
0 317 70.7037 0.0155085 19.9981 0.00705907 71.3424 0.00792935 0 0 0 0 0 0
0 318 71.1504 0.0203455 19.9771 0.00748837 71.5582 0.00328064 0 0 0 0 0 0
0 319 71.7313 0.0216662 20.0528 0.00732074 71.8603 0.00448094 0 0 0 0 0 0
0 320 72.2756 0.023396 19.9804 0.00750483 72.226 0.00667247 0 0 0 0 0 0
0 321 72.7863 0.0274313 20.0198 0.0109245 72.5654 0.0092432 0 0 0 0 0 0
0 322 73.2224 0.0263638 20.0629 0.0143964 72.8211 0.00764467 0 0 0 0 0 0
0 323 73.7781 0.0310501 20.0632 0.00912685 73.0811 0.0136175 0 0 0 0 0 0
0 324 74.2965 0.0308566 20.0741 0.00902185 73.4784 0.0126188 0 0 0 0 0 0
0 325 74.8489 0.0361575 20.118 0.0145515 73.6909 0.0069904 0 0 0 0 0 0
0 326 75.467 0.0313509 20.0857 0.0143314 74.0404 0.00719318 0 0 0 0 0 0
0 327 75.9476 0.0292223 19.9813 0.0136447 74.2733 0.00858535 0 0 0 0 0 0
0 328 76.5833 0.0259044 19.9358 0.00912086 74.5886 0.0121138 0 0 0 0 0 0
0 329 77.0418 0.0232559 19.9422 0.00934981 74.9332 0.0109971 0 0 0 0 0 0
0 330 77.556 0.0240068 19.8906 0.00658126 75.2875 0.00685752 0 0 0 0 0 0
0 331 78.0481 0.0379322 19.8378 0.00481563 75.6327 0.00386967 0 0 0 0 0 0
0 332 78.5767 0.0275404 19.8346 0.00802439 76.0693 0.00592664 0 0 0 0 0 0
0 333 79.0625 0.034277 19.8374 0.00802257 76.3655 0.0049343 0 0 0 0 0 0
0 334 79.6396 0.0256689 19.8103 0.00993776 76.7159 0.00501301 0 0 0 0 0 0
0 335 80.1934 0.0280406 19.7163 0.0108231 77.1393 0.00350415 0 0 0 0 0 0
0 336 80.7625 0.035436 19.6748 0.0083846 77.4582 0.00532852 0 0 0 0 0 0
0 337 81.27 0.0336948 19.6773 0.00866304 77.86 0.00583866 0 0 0 0 0 0
0 338 81.7835 0.0379367 19.6414 0.00994099 78.1867 0.0142222 0 0 0 0 0 0
0 339 82.2471 0.0342776 19.6521 0.0107517 78.5838 0.0197191 0 0 0 0 0 0
0 340 82.7997 0.0179593 19.6662 0.00679768 78.8621 0.00606998 0 0 0 0 0 0
0 341 83.3621 0.0245968 19.6472 0.00412141 79.3243 0.0140636 0 0 0 0 0 0
0 342 83.8116 0.0335463 19.5592 0.00571934 79.751 0.0147378 0 0 0 0 0 0
0 343 84.3123 0.0411602 19.5014 0.00289558 80.1795 0.0136952 0 0 0 0 0 0
0 344 84.768 0.0337968 19.5485 0.00619362 80.5774 0.019466 0 0 0 0 0 0
0 345 85.2959 0.025439 19.5436 0.00487582 81.0061 0.0110652 0 0 0 0 0 0
0 346 85.7548 0.0225281 19.547 0.0029315 81.4753 0.0185718 0 0 0 0 0 0
0 347 86.1892 0.0213904 19.5571 0.00332318 81.8972 0.0128434 0 0 0 0 0 0
0 348 86.7714 0.0251613 19.5973 0.00421544 82.3554 0.0169652 0 0 0 0 0 0
0 349 87.2481 0.0334649 19.6351 0.00568118 82.8089 0.0242592 0 0 0 0 0 0
0 350 87.7498 0.0247524 19.666 0.00994169 83.3435 0.0161811 0 0 0 0 0 0
0 351 88.1479 0.0153063 19.5815 0.0111993 83.7726 0.0136679 0 0 0 0 0 0
0 352 88.6522 0.00989059 19.5932 0.00818343 84.2715 0.00931988 0 0 0 0 0 0
0 353 89.1479 0.010211 19.6582 0.00696654 84.7129 0.00636949 0 0 0 0 0 0
0 354 89.5784 0.0113758 19.6436 0.00622586 85.2985 0.00776373 0 0 0 0 0 0
0 355 90.0686 0.00863279 19.6431 0.00547098 85.7737 0.00559163 0 0 0 0 0 0
0 356 90.5193 0.00747293 19.6731 0.00474815 86.3353 0.0101269 0 0 0 0 0 0
0 357 90.9333 0.00852669 19.7404 0.00761194 86.9399 0.00536588 0 0 0 0 0 0
0 358 91.3232 0.0128223 19.8231 0.00418964 87.4802 0.00428244 0 0 0 0 0 0
0 359 91.8236 0.0117585 19.832 0.00537994 88.0399 0.0087247 0 0 0 0 0 0
0 360 92.2195 0.00840326 19.8517 0.00602495 88.5757 0.0145039 0 0 0 0 0 0
0 361 92.5696 0.00846553 19.9223 0.00757077 89.1049 0.0104534 0 0 0 0 0 0
0 362 93.012 0.00896431 19.9881 0.00643702 89.6195 0.00861709 0 0 0 0 0 0
0 363 93.2701 0.00791009 20.0825 0.00664478 90.2153 0.01404 0 0 0 0 0 0
0 364 93.7351 0.0118551 20.1565 0.00587212 90.7672 0.0140113 0 0 0 0 0 0
0 365 94.1447 0.0166181 20.276 0.00900327 91.2924 0.0127667 0 0 0 0 0 0
0 366 94.5116 0.0103333 20.2749 0.00787506 91.8668 0.0147777 0 0 0 0 0 0
0 367 94.862 0.0131319 20.3868 0.00545622 92.4594 0.0141801 0 0 0 0 0 0
0 368 95.3254 0.014267 20.5002 0.00375172 93.0123 0.0101249 0 0 0 0 0 0
0 369 95.6381 0.0139988 20.6697 0.00472685 93.5924 0.00936499 0 0 0 0 0 0
0 370 96.0018 0.0136836 20.727 0.00232145 94.3851 0.00950769 0 0 0 0 0 0
0 371 96.4011 0.018101 20.8274 0.00510271 94.9916 0.0109818 0 0 0 0 0 0
0 372 96.8056 0.0133086 21.0233 0.00491097 95.5908 0.0100624 0 0 0 0 0 0
0 373 97.191 0.0107588 21.1228 0.0090658 96.1431 0.0141483 0 0 0 0 0 0
0 374 97.5241 0.0118063 21.2582 0.00710798 96.7066 0.0170641 0 0 0 0 0 0
0 375 97.9484 0.0177658 21.382 0.00662311 97.4055 0.0151345 0 0 0 0 0 0
0 376 98.3678 0.0192797 21.4572 0.00742148 98.0072 0.00681955 0 0 0 0 0 0
0 377 98.7519 0.0153364 21.6272 0.0058218 98.7385 0.0111258 0 0 0 0 0 0
0 378 99.1066 0.0173998 21.8515 0.00555202 99.3388 0.00646698 0 0 0 0 0 0
0 379 99.4383 0.0183918 21.9574 0.00842394 99.9564 0.0120928 0 0 0 0 0 0
0 380 99.9164 0.0218854 22.1089 0.00874076 100.495 0.0136533 0 0 0 0 0 0
0 381 100.21 0.0379734 22.1603 0.00698945 101.218 0.0191135 0 0 0 0 0 0
0 382 100.572 0.0183498 22.3359 0.0076914 101.862 0.014862 0 0 0 0 0 0
0 383 101.029 0.0221525 22.5347 0.00554705 102.417 0.0158027 0 0 0 0 0 0
0 384 101.427 0.0357635 22.8047 0.011791 103.124 0.0166971 0 0 0 0 0 0
0 385 101.651 0.0336141 22.9661 0.0064258 103.755 0.0117445 0 0 0 0 0 0
0 386 102.147 0.0274329 23.0853 0.00674666 104.374 0.00700676 0 0 0 0 0 0
0 387 102.527 0.0271597 23.3872 0.0113504 105.066 0.0056689 0 0 0 0 0 0
0 388 103.028 0.0252226 23.54 0.0125517 105.72 0.00929316 0 0 0 0 0 0
0 389 103.426 0.027306 23.7505 0.00695376 106.32 0.0101809 0 0 0 0 0 0
0 390 103.924 0.0263753 24.0375 0.00593228 106.783 0.0118924 0 0 0 0 0 0
0 391 104.38 0.0231649 24.182 0.0120631 107.552 0.0127048 0 0 0 0 0 0
0 392 104.815 0.0324706 24.5723 0.00890803 107.995 0.0111401 0 0 0 0 0 0
0 393 105.327 0.0368488 24.7347 0.0088441 108.597 0.0154368 0 0 0 0 0 0
0 394 105.845 0.0353436 24.9521 0.00763315 109.217 0.0187347 0 0 0 0 0 0
0 395 106.215 0.0460873 25.1486 0.00837222 109.955 0.013499 0 0 0 0 0 0
0 396 106.664 0.0401885 25.3544 0.00895585 110.467 0.0119478 0 0 0 0 0 0
0 397 107.22 0.052727 25.5289 0.00430924 111.087 0.0203925 0 0 0 0 0 0
0 398 107.777 0.0488574 25.8045 0.00606785 111.706 0.0182274 0 0 0 0 0 0
0 399 108.201 0.0585853 26.0248 0.00755353 112.209 0.0167958 0 0 0 0 0 0
0 400 108.736 0.0370062 26.3207 0.00867429 112.791 0.0145769 0 0 0 0 0 0
0 401 109.193 0.057265 26.5361 0.00849748 113.346 0.00853371 0 0 0 0 0 0
0 402 109.757 0.053405 26.7271 0.00670041 113.947 0.00778001 0 0 0 0 0 0
0 403 110.296 0.0541517 27.0451 0.00725141 114.539 0.0135931 0 0 0 0 0 0
0 404 110.883 0.058811 27.3301 0.00405317 115.134 0.00990914 0 0 0 0 0 0
0 405 111.411 0.0402494 27.5468 0.00900198 115.763 0.0146187 0 0 0 0 0 0
0 406 111.96 0.0391955 27.852 0.00671229 116.265 0.0154473 0 0 0 0 0 0
0 407 112.549 0.0468068 28.1047 0.0123164 116.897 0.0140605 0 0 0 0 0 0
0 408 113.171 0.061111 28.3357 0.0165879 117.623 0.0147918 0 0 0 0 0 0
0 409 113.724 0.0651356 28.6391 0.0138523 118.118 0.016096 0 0 0 0 0 0
0 410 114.344 0.0703651 29.0239 0.0144684 118.784 0.0120137 0 0 0 0 0 0
0 411 115.083 0.0568894 29.2903 0.0159102 119.38 0.0127644 0 0 0 0 0 0
0 412 115.828 0.0502757 29.6057 0.0101503 120.094 0.0185194 0 0 0 0 0 0
0 413 116.378 0.0431538 29.8623 0.0121861 120.656 0.0125347 0 0 0 0 0 0
0 414 116.951 0.0634559 30.1026 0.00628142 121.274 0.0225299 0 0 0 0 0 0
0 415 117.555 0.053141 30.3596 0.0072659 121.816 0.013678 0 0 0 0 0 0
0 416 118.239 0.0621659 30.7196 0.00470522 122.416 0.0166475 0 0 0 0 0 0
0 417 118.924 0.0679321 30.9672 0.00768801 122.967 0.0236632 0 0 0 0 0 0
0 418 119.634 0.0500503 31.2168 0.00553503 123.576 0.0199771 0 0 0 0 0 0
0 419 120.361 0.0639436 31.5444 0.00816435 124.142 0.0173571 0 0 0 0 0 0
0 420 121.082 0.0671905 31.7536 0.00459615 124.847 0.0266114 0 0 0 0 0 0
0 421 121.795 0.0612065 32.0154 0.00862743 125.425 0.0282163 0 0 0 0 0 0
0 422 122.5 0.0541719 32.3112 0.0102916 125.99 0.0202385 0 0 0 0 0 0
0 423 123.223 0.0634294 32.4854 0.00823365 126.608 0.0360799 0 0 0 0 0 0
0 424 123.952 0.0346573 32.8164 0.00580677 127.294 0.0333297 0 0 0 0 0 0
0 425 124.703 0.0409997 33.1124 0.00525105 127.827 0.0242857 0 0 0 0 0 0
0 426 125.448 0.0381774 33.3743 0.00776873 128.428 0.0256672 0 0 0 0 0 0
0 427 126.24 0.0440415 33.5582 0.0094923 129.068 0.0278372 0 0 0 0 0 0
0 428 127.055 0.0664051 33.916 0.00699132 129.556 0.0248653 0 0 0 0 0 0
0 429 127.784 0.0622156 34.204 0.00772748 130.279 0.0214595 0 0 0 0 0 0
0 430 128.569 0.0785106 34.3803 0.0087722 130.878 0.0198954 0 0 0 0 0 0
0 431 129.363 0.0620823 34.5615 0.00615284 131.422 0.0276001 0 0 0 0 0 0
0 432 130.084 0.0667789 34.7824 0.0109549 132.052 0.0248681 0 0 0 0 0 0
0 433 131.069 0.0512058 35.0468 0.00891702 132.67 0.0341171 0 0 0 0 0 0
0 434 131.73 0.0301866 35.2212 0.00903443 133.318 0.0217501 0 0 0 0 0 0
0 435 132.552 0.0255647 35.4961 0.00546447 133.89 0.0362786 0 0 0 0 0 0
0 436 133.233 0.0246569 35.8542 0.00418039 134.455 0.0299612 0 0 0 0 0 0
0 437 133.94 0.0407888 36.0615 0.0111321 135.105 0.0213219 0 0 0 0 0 0
0 438 134.609 0.0444408 36.2922 0.00843692 135.709 0.0253718 0 0 0 0 0 0
0 439 135.483 0.0420677 36.5133 0.013965 136.355 0.0204556 0 0 0 0 0 0
0 440 136.295 0.0347587 36.6379 0.0161174 136.967 0.0244223 0 0 0 0 0 0
0 441 137.11 0.0304977 36.9095 0.0147216 137.528 0.0257834 0 0 0 0 0 0
0 442 137.943 0.0314272 37.026 0.0153294 138.137 0.0228511 0 0 0 0 0 0
0 443 138.87 0.0187835 37.2555 0.0139755 138.734 0.0291321 0 0 0 0 0 0
0 444 139.722 0.0325215 37.3639 0.0138281 139.5 0.0326401 0 0 0 0 0 0
0 445 140.475 0.0212349 37.6831 0.0073368 140.084 0.0293927 0 0 0 0 0 0
0 446 141.217 0.0380146 37.9309 0.0107438 140.811 0.033554 0 0 0 0 0 0
0 447 142.144 0.0486925 38.0735 0.00973889 141.5 0.033283 0 0 0 0 0 0
0 448 142.986 0.0495576 38.3044 0.0212992 142.114 0.033544 0 0 0 0 0 0
0 449 143.815 0.0464694 38.4557 0.01369 142.832 0.0246702 0 0 0 0 0 0
0 450 144.612 0.0531645 38.5978 0.0120952 143.488 0.0233586 0 0 0 0 0 0
0 451 145.559 0.0483839 38.7989 0.00759694 144.223 0.0162146 0 0 0 0 0 0
0 452 146.285 0.0423247 39.0356 0.00972838 144.952 0.020972 0 0 0 0 0 0
0 453 147.043 0.0384131 39.2223 0.0135329 145.61 0.0153579 0 0 0 0 0 0
0 454 147.932 0.0369472 39.3726 0.0131414 146.287 0.0163732 0 0 0 0 0 0
0 455 148.773 0.0337252 39.537 0.0183687 146.994 0.0253229 0 0 0 0 0 0
0 456 149.705 0.0372278 39.6263 0.0118853 147.635 0.0168033 0 0 0 0 0 0
0 457 150.436 0.0294063 39.6809 0.0123421 148.438 0.0125053 0 0 0 0 0 0
0 458 151.375 0.0226118 39.9413 0.0170966 149.03 0.0178452 0 0 0 0 0 0
0 459 152.115 0.0193014 39.9622 0.0160378 149.812 0.0167982 0 0 0 0 0 0
0 460 152.926 0.0281496 40.0358 0.0155496 150.493 0.0206052 0 0 0 0 0 0
0 461 153.888 0.0261832 40.1637 0.00695695 151.269 0.0228192 0 0 0 0 0 0
0 462 154.657 0.0274569 40.3616 0.00622267 151.825 0.0178832 0 0 0 0 0 0
0 463 155.466 0.0194041 40.5133 0.0115856 152.534 0.0209024 0 0 0 0 0 0
0 464 156.192 0.0359219 40.6999 0.0168825 153.333 0.0211572 0 0 0 0 0 0
0 465 156.987 0.031577 40.7412 0.0125705 153.963 0.0201327 0 0 0 0 0 0
0 466 157.937 0.0286778 40.8276 0.0118182 154.751 0.0132143 0 0 0 0 0 0
0 467 158.823 0.0263289 40.9625 0.0159553 155.408 0.0170246 0 0 0 0 0 0
0 468 159.571 0.0394663 41.0172 0.0107674 156.162 0.0208244 0 0 0 0 0 0
0 469 160.488 0.0375496 41.273 0.0104627 156.981 0.0188038 0 0 0 0 0 0
0 470 161.322 0.0262181 41.3733 0.0140246 157.629 0.0205235 0 0 0 0 0 0
0 471 162.175 0.0290451 41.4745 0.00871173 158.295 0.0185383 0 0 0 0 0 0
0 472 162.868 0.0135132 41.52 0.0034447 159.076 0.0125522 0 0 0 0 0 0
0 473 163.74 0.0212205 41.6199 0.00814787 159.746 0.0158546 0 0 0 0 0 0
0 474 164.383 0.0312017 41.7138 0.00570737 160.566 0.0184762 0 0 0 0 0 0
0 475 165.223 0.045072 41.7679 0.00509861 161.248 0.0171608 0 0 0 0 0 0
0 476 166.045 0.0358228 41.8237 0.00944995 161.982 0.0173748 0 0 0 0 0 0
0 477 166.791 0.0506378 41.9332 0.00545635 162.624 0.0194535 0 0 0 0 0 0
0 478 167.443 0.0268199 41.9737 0.00698465 163.401 0.0133704 0 0 0 0 0 0
0 479 168.311 0.0277031 42.0703 0.00636994 164.199 0.0168885 0 0 0 0 0 0
0 480 169.014 0.0456848 42.0632 0.00225749 164.926 0.0154049 0 0 0 0 0 0
0 481 169.782 0.0418343 42.1693 0.00937756 165.507 0.0214991 0 0 0 0 0 0
0 482 170.386 0.0492792 42.3615 0.00830207 166.2 0.0225466 0 0 0 0 0 0
0 483 171.085 0.0495845 42.5371 0.0116522 167.025 0.0186078 0 0 0 0 0 0
0 484 171.962 0.0553064 42.6774 0.0066488 167.886 0.0199234 0 0 0 0 0 0
0 485 172.547 0.0413505 42.7818 0.0129429 168.523 0.0186703 0 0 0 0 0 0
0 486 173.233 0.0379444 42.8483 0.00927869 169.196 0.0336236 0 0 0 0 0 0
0 487 173.916 0.0347659 42.926 0.00799044 169.949 0.0293313 0 0 0 0 0 0
0 488 174.606 0.0438457 43.0259 0.00989811 170.776 0.0404396 0 0 0 0 0 0
0 489 175.224 0.0520669 43.1122 0.011017 171.521 0.035949 0 0 0 0 0 0
0 490 175.972 0.0570326 43.1455 0.0194505 172.255 0.0255151 0 0 0 0 0 0
0 491 176.696 0.047149 43.2753 0.0167635 173.009 0.0311943 0 0 0 0 0 0
0 492 177.116 0.0382299 43.2953 0.0139613 173.668 0.0466473 0 0 0 0 0 0
0 493 177.914 0.0429554 43.4204 0.0090986 174.342 0.0538553 0 0 0 0 0 0
0 494 178.5 0.0397346 43.5799 0.0221283 175.242 0.0450193 0 0 0 0 0 0
0 495 179.277 0.0425794 43.6376 0.01612 175.946 0.0296074 0 0 0 0 0 0
0 496 179.859 0.0377382 43.7801 0.0136118 176.75 0.0304384 0 0 0 0 0 0
0 497 180.411 0.0404332 43.9424 0.0124639 177.596 0.0471793 0 0 0 0 0 0
0 498 181.051 0.0308492 44.0422 0.0097847 178.301 0.0468393 0 0 0 0 0 0
0 499 181.695 0.0295778 44.107 0.0127745 179.054 0.046552 0 0 0 0 0 0


