# every column is followed by the variance. Then you have the following: 
#g(0, 0), different atom index: 4
#g(0, 0), same atom index: 10
#g(0, 1), different atom index: 0
#g(0, 1), same atom index: 6
#g(1, 1), different atom index: 2
#g(1, 1), same atom index: 8
0 0 0 0 0 0 0 0 0 0 125 0 250 0
0 1 0 0 0 0 0 0 0 0 0 0 0 0
0 2 0 0 0 0 0 0 0 0 0 0 0 0
0 3 0 0 0 0 0 0 0 0 0 0 0 0
0 4 0 0 0 0 0 0 0 0 0 0 0 0
0 5 0 0 0 0 0 0 0 0 0 0 0 0
0 6 0 0 0 0 0 0 0 0 0 0 0 0
0 7 0 0 0 0 0 0 0 0 0 0 0 0
0 8 0 0 0 0 0 0 0 0 0 0 0 0
0 9 0 0 0 0 0 0 0 0 0 0 0 0
0 10 0 0 0 0 0 0 0 0 0 0 0 0
0 11 0 0 0 0 0 0 0 0 0 0 0 0
0 12 0 0 0 0 0 0 0 0 0 0 0 0
0 13 0 0 0 0 0 0 0 0 0 0 0 0
0 14 0 0 0 0 0 0 0 0 0 0 0 0
0 15 0 0 0 0 0 0 0 0 0 0 0 0
0 16 0 0 0 0 0 0 0 0 0 0 0 0
0 17 0 0 0 0 0 0 0 0 0 0 0 0
0 18 0 0 0 0 0 0 0 0 0 0 0 0
0 19 0 0 0 0 0 0 0 0 0 0 0 0
0 20 0 0 0 0 0 0 0 0 0 0 0 0
0 21 0 0 0 0 0 0 0 0 0 0 0 0
0 22 0 0 0 0 0 0 0 0 0 0 0 0
0 23 0 0 0 0 0 0 0 0 0 0 0 0
0 24 0 0 0 0 0 0 0 0 0 0 0 0
0 25 0 0 0 0 0 0 0 0 0 0 0 0
0 26 0 0 0 0 0 0 0 0 0 0 0 0
0 27 0 0 0 0 0 0 0 0 0 0 0 0
0 28 0 0 0 0 0 0 0 0 0 0 0 0
0 29 0 0 0 0 0 0 0 0 0 0 0 0
0 30 0 0 0 0 0 0 0 0 0 0 0 0
0 31 0 0 0 0 0 0 0 0 0 0 0 0
0 32 0 0 0 0 0 0 0 0 0 0 0 0
0 33 0 0 0 0 0 0 0 0 0 0 0 0
0 34 0 0 0 0 0 0 0 0 0 0 0 0
0 35 0 0 0 0 0 0 0 0 0 0 0 0
0 36 0 0 0 0 0 0 0 0 0 0 0 0
0 37 0 0 0 0 0 0 0 0 0 0 0 0
0 38 0 0 0 0 0 0 0 0 0 0 0 0
0 39 0 0 0 0 0 0 0 0 0 0 0 0
0 40 0 0 0 0 0 0 0 0 0 0 0 0
0 41 0 0 0 0 0 0 0 0 0 0 0 0
0 42 0 0 0 0 0 0 0 0 0 0 0 0
0 43 0 0 0 0 0 0 0 0 0 0 0 0
0 44 0 0 0 0 0 0 0 0 0 0 0 0
0 45 0 0 0 0 0 0 0 0 0 0 0 0
0 46 0 0 0 0 0 0 0 0 0 0 0 0
0 47 0 0 0 0 0 0 0 0 0 0 0 0
0 48 0 0 0 0 0 0 0 0 0 0 0 0
0 49 0 0 0 0 0 0 0 0 0 0 0 0
0 50 0 0 0 0 0 0 0 0 0 0 0 0
0 51 0 0 0 0 0 0 0 0 0 0 0 0
0 52 0 0 0 0 0 0 0 0 0 0 0 0
0 53 0 0 0 0 0 0 0 0 0 0 0 0
0 54 0 0 0 0 0 0 0 0 0 0 0 0
0 55 0 0 0 0 0 0 0 0 0 0 0 0
0 56 0 0 0 0 0 0 0 0 0 0 0 0
0 57 0.000896 5.81404e-08 0 0 0 0 0 0 0 0 0 0
0 58 0.019984 5.44338e-06 0 0 0 0 0 0 0 0 0 0
0 59 0.21616 0.000202192 0 0 0 0 0 0 0 0 0 0
0 60 1.40238 0.0014833 0 0 0 0 0 0 0 0 0 0
0 61 6.16696 0.00688651 0 0 0 0 0 0 0 0 0 0
0 62 19.2474 0.0129607 0 0 0 0 0 0 0 0 0 0
0 63 42.8919 0.00904392 0 0 0 0 0 0 0 0 0 0
0 64 70.7502 0.0542454 0 0 0 0 0 0 0 0 0 0
0 65 89.4492 0.18164 0 0 0 0 0 0 0 0 0 0
0 66 89.4441 0.0832482 0 0 0 0 0 0 0 0 0 0
0 67 73.048 0.0233682 0 0 0 0 0 0 0 0 0 0
0 68 49.8783 0.0315047 0 0 0 0 0 0 0 0 0 0
0 69 29.4009 0.0482016 0 0 0 0 0 0 0 0 0 0
0 70 15.3734 0.0351606 0 0 0 0 0 0 0 0 0 0
0 71 7.2763 0.0161217 0 0 0 0 0 0 0 0 0 0
0 72 3.19672 0.00672698 0 0 0 0 0 0 0 0 0 0
0 73 1.34131 0.00198505 0 0 0 0 0 0 0 0 0 0
0 74 0.544928 0.000458544 0 0 0 0 0 0 0 0 0 0
0 75 0.213744 0.000124615 0 0 0 0 0 0 0 0 0 0
0 76 0.08208 2.21235e-05 0 0 0 0 0 0 0 0 0 0
0 77 0.03248 5.49547e-06 0 0 0 0 0 0 0 0 0 0
0 78 0.01376 2.05653e-06 0 0 0 0 0 0 0 0 0 0
0 79 0.005296 3.68896e-07 0 0 0 0 0 0 0 0 0 0
0 80 0.002544 2.00505e-07 0 0 1.6e-05 2.56e-10 0 0 0 0 0 0
0 81 0.001744 9.69671e-08 0 0 3.2e-05 1.024e-09 0 0 0 0 0 0
0 82 0.001904 7.42116e-08 0 0 4.8e-05 2.304e-09 0 0 0 0 0 0
0 83 0.002224 1.16878e-07 0 0 0.000224 6.37156e-09 0 0 0 0 0 0
0 84 0.003552 2.50197e-07 0 0 0.000576 2.79893e-08 0 0 0 0 0 0
0 85 0.006464 2.66354e-07 0 0 0.001504 7.17938e-08 0 0 0 0 0 0
0 86 0.011648 3.55442e-07 0 0 0.003456 1.40629e-07 0 0 0 0 0 0
0 87 0.017024 7.80629e-07 0 0 0.008464 2.50567e-07 0 0 0 0 0 0
0 88 0.028624 1.48449e-06 0 0 0.02008 6.99876e-07 0 0 0 0 0 0
0 89 0.045424 2.23428e-06 0 0 0.047808 1.88462e-06 0 0 0 0 0 0
0 90 0.071808 6.37884e-06 0 0 0.10168 4.15189e-06 0 0 0 0 0 0
0 91 0.108816 1.52448e-05 0 0 0.216288 1.31981e-05 0 0 0 0 0 0
0 92 0.167232 3.43477e-05 0 0 0.4196 2.19519e-05 0 0 0 0 0 0
0 93 0.244848 4.68987e-05 0 0 0.765968 4.4238e-05 0 0 0 0 0 0
0 94 0.34304 8.40647e-05 0 0 1.34766 0.000216445 0 0 0 0 0 0
0 95 0.49152 8.4286e-05 0 0 2.24518 0.000364479 0 0 0 0 0 0
0 96 0.675792 0.00020639 0 0 3.54282 0.000613729 0 0 0 0 0 0
0 97 0.910544 0.000293698 0 0 5.26678 0.000837038 0 0 0 0 0 0
0 98 1.2007 0.000434616 0 0 7.50213 0.000497081 0 0 0 0 0 0
0 99 1.54709 0.000616581 0 0 10.1264 0.00075445 0 0 0 0 0 0
0 100 1.97846 0.000831579 0 0 12.998 0.00186778 0 0 0 0 0 0
0 101 2.47182 0.00121187 0 0 15.8439 0.00322593 0 0 0 0 0 0
0 102 3.02486 0.00167039 0 0 18.4104 0.00634725 0 0 0 0 0 0
0 103 3.6339 0.00174632 0 0 20.3536 0.00682235 0 0 0 0 0 0
0 104 4.31749 0.00209138 0 0 21.4235 0.00743476 0 0 0 0 0 0
0 105 5.06776 0.00237016 0 0 21.5034 0.00366484 0 0 0 0 0 0
0 106 5.79619 0.00248956 0 0 20.6382 0.0024268 0 0 0 0 0 0
0 107 6.60078 0.00234552 0 0 18.9028 0.00112198 0 0 0 0 0 0
0 108 7.41448 0.00297015 0 0 16.5341 0.000517831 0 0 0 0 0 0
0 109 8.16592 0.00356962 0 0 13.8276 0.00189926 0 0 0 0 0 0
0 110 8.92846 0.00354746 0 0 11.1558 0.00306045 0 0 0 0 0 0
0 111 9.63117 0.00364017 0 0 8.60275 0.00237741 0 0 0 0 0 0
0 112 10.2928 0.002709 0 0 6.41453 0.00309656 0 0 0 0 0 0
0 113 10.9021 0.00478628 0 0 4.66254 0.00183547 0 0 0 0 0 0
0 114 11.399 0.00563667 0 0 3.31266 0.00135693 0 0 0 0 0 0
0 115 11.8282 0.00778766 0 0 2.3543 0.00106403 0 0 0 0 0 0
0 116 12.155 0.00696642 0 0 1.74104 0.000590473 0 0 0 0 0 0
0 117 12.3603 0.00577481 0 0 1.38766 0.000462448 0 0 0 0 0 0
0 118 12.5119 0.007712 0 0 1.22434 0.000292039 0 0 0 0 0 0
0 119 12.5363 0.00595305 0 0 1.20966 0.000174718 0 0 0 0 0 0
0 120 12.5257 0.00359828 0 0 1.31214 0.000219347 0 0 0 0 0 0
0 121 12.4258 0.00278525 0 0 1.48342 0.000122229 0 0 0 0 0 0
0 122 12.284 0.00305791 0 0 1.74272 0.000322723 0 0 0 0 0 0
0 123 12.0974 0.00272233 0 0 2.06317 0.00014866 0 0 0 0 0 0
0 124 11.7808 0.00176254 0 0 2.42034 0.000237279 0 0 0 0 0 0
0 125 11.4725 0.000908068 0 0 2.82509 0.000405416 0 0 0 0 0 0
0 126 11.1796 0.000625308 0 0 3.29298 0.000368624 0 0 0 0 0 0
0 127 10.82 0.000756309 0 0 3.81483 0.000650051 0 0 0 0 0 0
0 128 10.448 0.000947955 0 0 4.35091 0.000961812 0 0 0 0 0 0
0 129 10.0714 0.000676522 0 0 4.98539 0.000998851 0 0 0 0 0 0
0 130 9.72934 0.000903211 0 0 5.64835 0.000808804 0 0 0 0 0 0
0 131 9.34366 0.000468248 0 0 6.34866 0.00120851 0 0 0 0 0 0
0 132 8.96891 0.000481636 0 0 7.12125 0.000838176 0 0 0 0 0 0
0 133 8.57763 0.00109377 0 0 7.89558 0.00105065 0 0 0 0 0 0
0 134 8.2223 0.000655144 0 0 8.71163 0.00131441 0 0 0 0 0 0
0 135 7.84904 0.000763733 0 0 9.57894 0.00133522 0 0 0 0 0 0
0 136 7.48998 0.00129722 0 0 10.4319 0.00192317 0 0 0 0 0 0
0 137 7.1391 0.000905282 0 0 11.344 0.00179835 0 0 0 0 0 0
0 138 6.80118 0.000854862 0 0 12.2898 0.00214706 0 0 0 0 0 0
0 139 6.50334 0.00153569 0 0 13.2265 0.00266088 0 0 0 0 0 0
0 140 6.19656 0.0016369 0 0 14.1145 0.00353548 0 0 0 0 0 0
0 141 5.91222 0.00193494 0 0 15.0364 0.00321973 0 0 0 0 0 0
0 142 5.67187 0.0013823 0 0 15.9253 0.00436781 0 0 0 0 0 0
0 143 5.45938 0.00173578 0 0 16.8119 0.00433976 0 0 0 0 0 0
0 144 5.2091 0.0014687 0 0 17.6159 0.0049452 0 0 0 0 0 0
0 145 5.00429 0.001527 0 0 18.4055 0.00413494 0 0 0 0 0 0
0 146 4.79248 0.00186739 0 0 19.2029 0.00583412 0 0 0 0 0 0
0 147 4.63245 0.0019001 0 0 19.8865 0.00670938 0 0 0 0 0 0
0 148 4.45819 0.0016028 0 0 20.5559 0.00698281 0 0 0 0 0 0
0 149 4.30147 0.00148489 0 0 21.1317 0.00786387 0 0 0 0 0 0
0 150 4.17389 0.00188216 0.000112 9.13067e-09 21.6587 0.00631243 0 0 0 0 0 0
0 151 4.05728 0.00194416 0.000416 6.89493e-08 22.1249 0.00409511 0 0 0 0 0 0
0 152 3.95834 0.00164412 0.001104 1.33945e-07 22.4834 0.00307706 0 0 0 0 0 0
0 153 3.85099 0.00156024 0.001968 2.04828e-07 22.7816 0.0030649 0 0 0 0 0 0
0 154 3.76776 0.00150964 0.005392 2.17344e-07 23.0864 0.00243001 0 0 0 0 0 0
0 155 3.71301 0.00163743 0.009808 2.27584e-07 23.2874 0.0029644 0 0 0 0 0 0
0 156 3.66926 0.00209029 0.017648 1.8529e-06 23.3533 0.00488778 0 0 0 0 0 0
0 157 3.61064 0.00138229 0.036192 4.21422e-06 23.4141 0.00271061 0 0 0 0 0 0
0 158 3.59838 0.00134582 0.071856 3.56719e-06 23.4045 0.00377086 0 0 0 0 0 0
0 159 3.56792 0.00127986 0.125056 2.40846e-05 23.3312 0.00310346 0 0 0 0 0 0
0 160 3.59064 0.00108015 0.214144 5.19573e-05 23.2491 0.00514631 0 0 0 0 0 0
0 161 3.59734 0.00120109 0.349216 8.11385e-05 23.126 0.0041179 0 0 0 0 0 0
0 162 3.61464 0.000880059 0.522224 0.000155781 22.9278 0.00260382 0 0 0 0 0 0
0 163 3.68331 0.00136772 0.785296 0.00028754 22.7004 0.00242769 0 0 0 0 0 0
0 164 3.76218 0.00101689 1.12301 0.000392959 22.4767 0.002683 0 0 0 0 0 0
0 165 3.82366 0.00105246 1.5684 0.000665686 22.1426 0.00152561 0 0 0 0 0 0
0 166 3.92472 0.00120288 2.13742 0.000734393 21.8728 0.00264289 0 0 0 0 0 0
0 167 4.03194 0.00120097 2.83259 0.000587469 21.5324 0.00158409 0 0 0 0 0 0
0 168 4.16648 0.00141397 3.59301 0.00247762 21.2023 0.00291062 0 0 0 0 0 0
0 169 4.36574 0.0015362 4.45742 0.00220401 20.7794 0.00263472 0 0 0 0 0 0
0 170 4.57016 0.00218797 5.44026 0.00255146 20.5238 0.00230226 0 0 0 0 0 0
0 171 4.79613 0.00218166 6.41106 0.00257025 20.1545 0.00380496 0 0 0 0 0 0
0 172 5.04451 0.00233999 7.53206 0.00276888 19.885 0.00285725 0 0 0 0 0 0
0 173 5.32094 0.00239852 8.69072 0.00304718 19.5736 0.00204858 0 0 0 0 0 0
0 174 5.6313 0.00174824 9.75773 0.00501407 19.2587 0.00170299 0 0 0 0 0 0
0 175 6.01125 0.00266926 10.7363 0.00541413 18.9475 0.00198674 0 0 0 0 0 0
0 176 6.42485 0.00174448 11.6886 0.00426667 18.7042 0.0029794 0 0 0 0 0 0
0 177 6.84051 0.00136623 12.5531 0.00537756 18.4139 0.00311509 0 0 0 0 0 0
0 178 7.36845 0.00167918 13.3087 0.00465759 18.2016 0.00335756 0 0 0 0 0 0
0 179 7.89285 0.00215686 13.9436 0.00753486 17.998 0.00288121 0 0 0 0 0 0
0 180 8.51318 0.0030275 14.4156 0.0141804 17.823 0.00284899 0 0 0 0 0 0
0 181 9.16938 0.00260784 14.7971 0.0116018 17.7081 0.00431745 0 0 0 0 0 0
0 182 9.8447 0.00274011 14.9538 0.00595733 17.6134 0.00350812 0 0 0 0 0 0
0 183 10.6566 0.0038832 15.0844 0.00395606 17.4894 0.00530385 0 0 0 0 0 0
0 184 11.5017 0.00433027 15.0924 0.00385709 17.4243 0.00547428 0 0 0 0 0 0
0 185 12.424 0.00360691 14.9152 0.00257954 17.3777 0.00521099 0 0 0 0 0 0
0 186 13.387 0.00392676 14.7046 0.00280576 17.3549 0.00459537 0 0 0 0 0 0
0 187 14.4332 0.00581522 14.4144 0.00210242 17.3557 0.00738798 0 0 0 0 0 0
0 188 15.5292 0.00708592 14.0011 0.00341148 17.3994 0.0061887 0 0 0 0 0 0
0 189 16.6858 0.0075128 13.6305 0.00237343 17.4444 0.00694692 0 0 0 0 0 0
0 190 17.9025 0.00420548 13.1828 0.00273752 17.5371 0.00603455 0 0 0 0 0 0
0 191 19.2216 0.00641335 12.6601 0.00205333 17.6933 0.00641737 0 0 0 0 0 0
0 192 20.5571 0.00473653 12.2832 0.00236716 17.8204 0.00834914 0 0 0 0 0 0
0 193 22.0066 0.00371726 11.8489 0.00127732 18.0165 0.00840356 0 0 0 0 0 0
0 194 23.4167 0.0033037 11.3956 0.000359748 18.245 0.00836463 0 0 0 0 0 0
0 195 24.8692 0.00322966 10.9902 0.00175461 18.4772 0.00839516 0 0 0 0 0 0
0 196 26.3622 0.00326938 10.5721 0.00252475 18.7292 0.00791273 0 0 0 0 0 0
0 197 27.9256 0.00460698 10.1085 0.00522311 19.0211 0.0086743 0 0 0 0 0 0
0 198 29.4113 0.00474588 9.73152 0.00680086 19.3018 0.00861222 0 0 0 0 0 0
0 199 30.9463 0.00433204 9.4015 0.00734317 19.6502 0.008201 0 0 0 0 0 0
0 200 32.5732 0.00672004 9.06766 0.00320584 19.9647 0.00779188 0 0 0 0 0 0
0 201 34.1438 0.0098499 8.6917 0.0029457 20.324 0.008719 0 0 0 0 0 0
0 202 35.6368 0.00925349 8.40094 0.00447669 20.7089 0.00720105 0 0 0 0 0 0
0 203 37.1564 0.0120096 8.12933 0.00383572 21.1036 0.00872372 0 0 0 0 0 0
0 204 38.6422 0.00898258 7.84198 0.0038092 21.5161 0.00868409 0 0 0 0 0 0
0 205 40.1247 0.00849313 7.62909 0.00445415 22.013 0.0100356 0 0 0 0 0 0
0 206 41.433 0.00740332 7.4048 0.00381388 22.441 0.00901395 0 0 0 0 0 0
0 207 42.7541 0.00875833 7.2348 0.00354789 22.9179 0.00919771 0 0 0 0 0 0
0 208 44.0082 0.00770272 7.0891 0.00343622 23.4658 0.00912924 0 0 0 0 0 0
0 209 45.1839 0.00817762 6.93851 0.0026981 23.957 0.00687584 0 0 0 0 0 0
0 210 46.242 0.00423756 6.83411 0.00388682 24.5109 0.00801707 0 0 0 0 0 0
0 211 47.1853 0.00858505 6.70334 0.00381689 25.0447 0.00821457 0 0 0 0 0 0
0 212 48.0514 0.00859472 6.63262 0.00433047 25.6659 0.00715446 0 0 0 0 0 0
0 213 48.8613 0.0128392 6.54523 0.00444053 26.2996 0.00720927 0 0 0 0 0 0
0 214 49.492 0.0124396 6.52389 0.003737 26.8897 0.00451728 0 0 0 0 0 0
0 215 50.0929 0.0103407 6.52883 0.00393525 27.4941 0.00715985 0 0 0 0 0 0
0 216 50.6416 0.0109513 6.52192 0.00317065 28.1646 0.00548603 0 0 0 0 0 0
0 217 51.0417 0.0135047 6.49152 0.0024262 28.7758 0.00522995 0 0 0 0 0 0
0 218 51.3835 0.0123201 6.4921 0.00263748 29.4544 0.00399018 0 0 0 0 0 0
0 219 51.6393 0.0123694 6.51842 0.00440035 30.1226 0.00349894 0 0 0 0 0 0
0 220 51.7889 0.014481 6.53387 0.00431585 30.8048 0.00658977 0 0 0 0 0 0
0 221 51.8661 0.0111881 6.60509 0.00384887 31.5074 0.00396856 0 0 0 0 0 0
0 222 51.9794 0.0090493 6.65766 0.00384242 32.2352 0.00427425 0 0 0 0 0 0
0 223 51.9394 0.00775789 6.67768 0.00358628 33.0036 0.00323414 0 0 0 0 0 0
0 224 51.8444 0.00501059 6.80507 0.00322446 33.7348 0.00302684 0 0 0 0 0 0
0 225 51.7794 0.00462683 6.87341 0.00253965 34.478 0.00597435 0 0 0 0 0 0
0 226 51.6318 0.00894325 6.93832 0.00432404 35.2606 0.00589124 0 0 0 0 0 0
0 227 51.4237 0.00652866 7.07394 0.00411481 36.0595 0.00473742 0 0 0 0 0 0
0 228 51.2333 0.00718427 7.17947 0.00433275 36.7799 0.00387452 0 0 0 0 0 0
0 229 50.9848 0.00466233 7.24917 0.00369552 37.6272 0.00426597 0 0 0 0 0 0
0 230 50.7662 0.00504229 7.32507 0.00338261 38.3748 0.00484849 0 0 0 0 0 0
0 231 50.5706 0.00811965 7.43579 0.00191438 39.2056 0.00348173 0 0 0 0 0 0
0 232 50.3151 0.00550632 7.56638 0.00193848 40.0547 0.0032635 0 0 0 0 0 0
0 233 50.0568 0.00714028 7.68821 0.00274633 40.8833 0.00263388 0 0 0 0 0 0
0 234 49.7598 0.00698885 7.80331 0.00404669 41.6408 0.00296637 0 0 0 0 0 0
0 235 49.5284 0.0132254 7.93208 0.00538242 42.4654 0.00369659 0 0 0 0 0 0
0 236 49.3267 0.0101921 8.0908 0.00376614 43.2548 0.00506616 0 0 0 0 0 0
0 237 49.0879 0.00977174 8.24765 0.00298026 44.0496 0.00310355 0 0 0 0 0 0
0 238 48.8968 0.0115516 8.37568 0.00373153 44.8586 0.00444577 0 0 0 0 0 0
0 239 48.7163 0.0140716 8.53566 0.00240636 45.6785 0.00709034 0 0 0 0 0 0
0 240 48.6211 0.0119004 8.69114 0.00150292 46.4417 0.00214588 0 0 0 0 0 0
0 241 48.5193 0.0122222 8.81635 0.00218858 47.2143 0.00184464 0 0 0 0 0 0
0 242 48.4416 0.0145379 8.96211 0.00365569 47.9004 0.00233818 0 0 0 0 0 0
0 243 48.2964 0.0065735 9.16907 0.00625908 48.5822 0.00356422 0 0 0 0 0 0
0 244 48.2597 0.0103451 9.34363 0.00405479 49.2189 0.00427484 0 0 0 0 0 0
0 245 48.21 0.00849814 9.5483 0.00317456 49.9622 0.00395818 0 0 0 0 0 0
0 246 48.2378 0.00708762 9.72 0.00307743 50.5662 0.0021262 0 0 0 0 0 0
0 247 48.1657 0.00571329 9.88462 0.0026313 51.2393 0.00556971 0 0 0 0 0 0
0 248 48.2966 0.00700118 10.0998 0.00199254 51.7715 0.007246 0 0 0 0 0 0
0 249 48.311 0.00610253 10.2595 0.00125641 52.3633 0.00715162 0 0 0 0 0 0
0 250 48.3244 0.00539085 10.4956 0.00160134 52.8643 0.00465492 0 0 0 0 0 0
0 251 48.4117 0.00527182 10.6433 0.00171498 53.3559 0.00354456 0 0 0 0 0 0
0 252 48.5187 0.00358803 10.8483 0.00200441 53.8115 0.00578454 0 0 0 0 0 0
0 253 48.6095 0.00742046 11.0057 0.00175283 54.2982 0.00374886 0 0 0 0 0 0
0 254 48.8474 0.0101256 11.2051 0.00297642 54.6601 0.00746087 0 0 0 0 0 0
0 255 49.0076 0.00909444 11.3685 0.000847347 55.1033 0.00728904 0 0 0 0 0 0
0 256 49.0973 0.00488187 11.5994 0.000979344 55.4758 0.00456197 0 0 0 0 0 0
0 257 49.3867 0.0077007 11.7765 0.00133635 55.7809 0.00449546 0 0 0 0 0 0
0 258 49.5855 0.012255 11.9131 0.00124254 56.0881 0.00225849 0 0 0 0 0 0
0 259 49.7318 0.012932 12.0798 0.002492 56.3837 0.00293203 0 0 0 0 0 0
0 260 49.9191 0.00765782 12.2319 0.000996166 56.5966 0.00603647 0 0 0 0 0 0
0 261 50.192 0.00517827 12.495 0.00163402 56.836 0.00476462 0 0 0 0 0 0
0 262 50.4592 0.00721248 12.6543 0.00210706 57.095 0.00429618 0 0 0 0 0 0
0 263 50.6817 0.00758811 12.8297 0.00247037 57.3046 0.00599395 0 0 0 0 0 0
0 264 50.8984 0.00331621 13.1107 0.00202986 57.5211 0.00542152 0 0 0 0 0 0
0 265 51.1661 0.00405444 13.281 0.00296023 57.732 0.00621429 0 0 0 0 0 0
0 266 51.4494 0.00631363 13.4642 0.0022426 57.878 0.00516303 0 0 0 0 0 0
0 267 51.6946 0.00841787 13.6595 0.00225346 58.0664 0.0018804 0 0 0 0 0 0
0 268 51.9308 0.0042572 13.883 0.00276513 58.2342 0.00261649 0 0 0 0 0 0
0 269 52.1649 0.00542753 13.9985 0.00313926 58.3783 0.00232811 0 0 0 0 0 0
0 270 52.4694 0.00581139 14.2499 0.00224564 58.5465 0.00195523 0 0 0 0 0 0
0 271 52.7369 0.00594704 14.464 0.00274054 58.7712 0.0043871 0 0 0 0 0 0
0 272 53.0301 0.00672543 14.7086 0.00218092 59.0046 0.00413851 0 0 0 0 0 0
0 273 53.3468 0.0114453 14.8388 0.00154495 59.2158 0.00602822 0 0 0 0 0 0
0 274 53.5514 0.00507544 14.9879 0.00232404 59.3349 0.00959545 0 0 0 0 0 0
0 275 53.9517 0.00552672 15.2143 0.00713974 59.617 0.00936313 0 0 0 0 0 0
0 276 54.1544 0.00548162 15.3858 0.00817869 59.8774 0.00679428 0 0 0 0 0 0
0 277 54.5546 0.00690348 15.5823 0.00452419 60.0944 0.00570374 0 0 0 0 0 0
0 278 54.7891 0.00621512 15.6864 0.00749334 60.2666 0.00528576 0 0 0 0 0 0
0 279 55.1496 0.004287 15.8911 0.00400279 60.4647 0.00577691 0 0 0 0 0 0
0 280 55.4498 0.00260274 16.0837 0.00768736 60.7778 0.0053353 0 0 0 0 0 0
0 281 55.7871 0.0055826 16.2067 0.00501286 61.0526 0.00481139 0 0 0 0 0 0
0 282 55.9936 0.0106064 16.3395 0.00278955 61.3175 0.00589434 0 0 0 0 0 0
0 283 56.3417 0.00765326 16.5755 0.00552003 61.5609 0.0078571 0 0 0 0 0 0
0 284 56.69 0.00503123 16.7206 0.00752432 61.8368 0.0112301 0 0 0 0 0 0
0 285 56.9821 0.0081711 16.8829 0.00399352 62.1355 0.0113879 0 0 0 0 0 0
0 286 57.3056 0.00639466 17.1155 0.00692877 62.3689 0.0079335 0 0 0 0 0 0
0 287 57.6501 0.00358514 17.3144 0.00589589 62.6435 0.0058373 0 0 0 0 0 0
0 288 57.9747 0.00837755 17.4587 0.00673605 63.0306 0.0102761 0 0 0 0 0 0
0 289 58.3717 0.00821595 17.5916 0.00887185 63.2639 0.00870079 0 0 0 0 0 0
0 290 58.682 0.00813683 17.7824 0.00396214 63.6392 0.00928616 0 0 0 0 0 0
0 291 59.1371 0.00900719 17.875 0.00384685 63.8877 0.0124931 0 0 0 0 0 0
0 292 59.4235 0.00414676 17.9988 0.00629255 64.2169 0.00973902 0 0 0 0 0 0
0 293 59.8102 0.00530713 18.2001 0.00506109 64.5196 0.0152938 0 0 0 0 0 0
0 294 60.2075 0.0083019 18.247 0.00343724 64.8009 0.00800583 0 0 0 0 0 0
0 295 60.6268 0.00885272 18.3926 0.00426754 65.1302 0.00982097 0 0 0 0 0 0
0 296 61.045 0.00647794 18.4718 0.00378356 65.4883 0.00958585 0 0 0 0 0 0
0 297 61.4075 0.00798913 18.5936 0.00300358 65.7414 0.012688 0 0 0 0 0 0
0 298 61.8234 0.00902718 18.6847 0.00342803 66.0611 0.0113487 0 0 0 0 0 0
0 299 62.1996 0.0114902 18.7886 0.00396548 66.2926 0.00860416 0 0 0 0 0 0
0 300 62.6954 0.0105519 18.9625 0.00315414 66.6305 0.018611 0 0 0 0 0 0
0 301 63.0575 0.0160518 19.0356 0.002926 66.9292 0.0166717 0 0 0 0 0 0
0 302 63.4371 0.0174497 19.1327 0.00505581 67.1994 0.0181968 0 0 0 0 0 0
0 303 63.9454 0.0166218 19.1478 0.00554094 67.4755 0.0135764 0 0 0 0 0 0
0 304 64.3289 0.0152147 19.2447 0.00726863 67.8028 0.0190153 0 0 0 0 0 0
0 305 64.6866 0.0131904 19.3727 0.00520245 68.1434 0.0216514 0 0 0 0 0 0
0 306 65.1593 0.0164026 19.4444 0.00602657 68.4583 0.0138963 0 0 0 0 0 0
0 307 65.7063 0.0134843 19.4785 0.0101635 68.7244 0.017058 0 0 0 0 0 0
0 308 66.1732 0.0164277 19.4986 0.00899909 68.9229 0.0203601 0 0 0 0 0 0
0 309 66.6608 0.0203073 19.5337 0.0112249 69.1935 0.0244614 0 0 0 0 0 0
0 310 67.1158 0.0131708 19.6541 0.00704895 69.4135 0.0124845 0 0 0 0 0 0
0 311 67.5572 0.0107382 19.7179 0.00727545 69.7501 0.01777 0 0 0 0 0 0
0 312 68.0315 0.0197562 19.702 0.00994031 70.0391 0.00719556 0 0 0 0 0 0
0 313 68.5599 0.0225683 19.8083 0.00926838 70.3586 0.00581022 0 0 0 0 0 0
0 314 69.0221 0.0270815 19.7954 0.00600727 70.6459 0.00939352 0 0 0 0 0 0
0 315 69.5669 0.0289383 19.8506 0.00930275 70.8231 0.00737596 0 0 0 0 0 0
0 316 70.0284 0.0350257 19.8275 0.0101758 71.1803 0.00873469 0 0 0 0 0 0
0 317 70.6278 0.0333173 19.8245 0.00965005 71.4161 0.00983479 0 0 0 0 0 0
0 318 71.0223 0.0405 19.8655 0.00822805 71.7226 0.00829041 0 0 0 0 0 0
0 319 71.5208 0.0412503 19.8663 0.00848438 72.0493 0.0126932 0 0 0 0 0 0
0 320 72.1026 0.0353369 19.8809 0.0114619 72.2966 0.0121607 0 0 0 0 0 0
0 321 72.6256 0.044345 19.9224 0.0068535 72.586 0.0078076 0 0 0 0 0 0
0 322 73.1579 0.0464874 19.9547 0.00421438 72.9749 0.00666759 0 0 0 0 0 0
0 323 73.7299 0.042304 19.9441 0.00160443 73.258 0.00822517 0 0 0 0 0 0
0 324 74.2454 0.0616226 19.9484 0.00241137 73.5459 0.00941478 0 0 0 0 0 0
0 325 74.7761 0.0467039 19.9878 0.00449617 73.8219 0.0133687 0 0 0 0 0 0
0 326 75.3933 0.0356743 19.9135 0.00200032 74.2224 0.00770074 0 0 0 0 0 0
0 327 75.8986 0.0315412 19.9347 0.00197756 74.5657 0.0066723 0 0 0 0 0 0
0 328 76.4526 0.0326836 19.9611 0.00300706 74.8592 0.00841602 0 0 0 0 0 0
0 329 76.9428 0.0394739 19.9432 0.00223616 75.1813 0.00394541 0 0 0 0 0 0
0 330 77.612 0.0289433 19.8901 0.000901933 75.4512 0.00612959 0 0 0 0 0 0
0 331 78.0652 0.0236138 19.8558 0.00306535 75.8768 0.00725763 0 0 0 0 0 0
0 332 78.5854 0.0267305 19.8866 0.00401732 76.2368 0.010563 0 0 0 0 0 0
0 333 79.1357 0.0204527 19.8714 0.00755143 76.4835 0.0122431 0 0 0 0 0 0
0 334 79.6878 0.027417 19.8321 0.00410349 76.7965 0.0105467 0 0 0 0 0 0
0 335 80.1972 0.0323812 19.8106 0.00364404 77.1284 0.0122855 0 0 0 0 0 0
0 336 80.766 0.0360867 19.8349 0.00539769 77.4745 0.0151609 0 0 0 0 0 0
0 337 81.1901 0.0355948 19.7715 0.00458914 77.9392 0.00902821 0 0 0 0 0 0
0 338 81.7684 0.034045 19.7303 0.00459259 78.2312 0.0131156 0 0 0 0 0 0
0 339 82.2619 0.0330431 19.8082 0.00437721 78.7208 0.0136881 0 0 0 0 0 0
0 340 82.7781 0.0325415 19.7022 0.0037666 79.0498 0.0153721 0 0 0 0 0 0
0 341 83.257 0.0228321 19.7377 0.00448866 79.4574 0.0126162 0 0 0 0 0 0
0 342 83.8516 0.0228022 19.7313 0.00352008 79.8247 0.00804792 0 0 0 0 0 0
0 343 84.3808 0.023552 19.683 0.00382114 80.3209 0.0129164 0 0 0 0 0 0
0 344 84.8257 0.0353019 19.6513 0.00562629 80.6717 0.0154178 0 0 0 0 0 0
0 345 85.4401 0.0231368 19.7315 0.00402598 81.1804 0.0150936 0 0 0 0 0 0
0 346 85.99 0.0252703 19.7317 0.00545889 81.6304 0.0124491 0 0 0 0 0 0
0 347 86.4965 0.0223371 19.7446 0.00281295 82.1195 0.0125579 0 0 0 0 0 0
0 348 86.9675 0.0250512 19.732 0.00133022 82.5848 0.0111153 0 0 0 0 0 0
0 349 87.5203 0.0229167 19.7279 0.00238592 82.9971 0.0173256 0 0 0 0 0 0
0 350 87.9123 0.0198832 19.7901 0.00368258 83.5293 0.0105043 0 0 0 0 0 0
0 351 88.3622 0.0248962 19.7828 0.00213676 84.0116 0.014543 0 0 0 0 0 0
0 352 88.8145 0.0242118 19.8185 0.00286758 84.453 0.0188884 0 0 0 0 0 0
0 353 89.2865 0.0373771 19.8845 0.00324409 84.9647 0.0151528 0 0 0 0 0 0
0 354 89.7504 0.0250049 19.9144 0.00437844 85.4785 0.0192111 0 0 0 0 0 0
0 355 90.1767 0.0218921 19.9005 0.00627903 86.0953 0.00880935 0 0 0 0 0 0
0 356 90.6664 0.0204384 19.9262 0.00272559 86.4915 0.0185958 0 0 0 0 0 0
0 357 91.0923 0.0230959 20.0179 0.00440873 87.0292 0.0120969 0 0 0 0 0 0
0 358 91.602 0.0233059 20.0596 0.00764611 87.5539 0.00892189 0 0 0 0 0 0
0 359 92.1059 0.017072 20.0688 0.00254221 88.0425 0.0109169 0 0 0 0 0 0
0 360 92.5456 0.0208993 20.0765 0.0042419 88.6224 0.0109607 0 0 0 0 0 0
0 361 92.929 0.0261081 20.1844 0.00404554 89.0917 0.00805502 0 0 0 0 0 0
0 362 93.1932 0.0231425 20.2046 0.0029212 89.6471 0.0154265 0 0 0 0 0 0
0 363 93.5466 0.0268083 20.322 0.00442027 90.1969 0.0057464 0 0 0 0 0 0
0 364 94.0293 0.0314788 20.4504 0.00661868 90.8442 0.0137101 0 0 0 0 0 0
0 365 94.4995 0.0241203 20.4441 0.00612433 91.3073 0.00852168 0 0 0 0 0 0
0 366 94.9043 0.0152167 20.4977 0.00649173 91.9932 0.00906489 0 0 0 0 0 0
0 367 95.2532 0.0196109 20.6094 0.00372901 92.5592 0.00854485 0 0 0 0 0 0
0 368 95.6965 0.0105587 20.6619 0.00268657 93.1866 0.00871504 0 0 0 0 0 0
0 369 96.0187 0.0118645 20.8014 0.0038158 93.7006 0.0148768 0 0 0 0 0 0
0 370 96.3547 0.015982 20.9171 0.00594826 94.3156 0.0109221 0 0 0 0 0 0
0 371 96.654 0.0115269 21.1017 0.00667814 94.925 0.0127074 0 0 0 0 0 0
0 372 96.9893 0.0161739 21.2233 0.00851117 95.4761 0.0111775 0 0 0 0 0 0
0 373 97.3404 0.00948465 21.2952 0.00960636 96.1274 0.00928966 0 0 0 0 0 0
0 374 97.7067 0.014109 21.4444 0.00514779 96.6604 0.0114558 0 0 0 0 0 0
0 375 98.0579 0.00802735 21.5397 0.00779256 97.3152 0.0117671 0 0 0 0 0 0
0 376 98.4453 0.0126032 21.6256 0.00786252 97.9994 0.0113517 0 0 0 0 0 0
0 377 98.8653 0.0184968 21.8281 0.00470687 98.5415 0.0114941 0 0 0 0 0 0
0 378 99.2471 0.0259015 22.0014 0.00579536 99.1829 0.00856372 0 0 0 0 0 0
0 379 99.814 0.0198608 22.1905 0.00348516 99.8508 0.0107283 0 0 0 0 0 0
0 380 100.121 0.0174805 22.3926 0.00697873 100.505 0.011459 0 0 0 0 0 0
0 381 100.529 0.0271922 22.5221 0.00699874 101.122 0.010252 0 0 0 0 0 0
0 382 101.03 0.0175162 22.6794 0.00659371 101.658 0.0161807 0 0 0 0 0 0
0 383 101.377 0.0260259 22.8154 0.00377605 102.345 0.00671451 0 0 0 0 0 0
0 384 101.715 0.0187172 23.0124 0.00601207 102.983 0.0191011 0 0 0 0 0 0
0 385 102.207 0.014809 23.152 0.00895687 103.604 0.0188666 0 0 0 0 0 0
0 386 102.674 0.0114746 23.4034 0.00612808 104.259 0.017355 0 0 0 0 0 0
0 387 103.026 0.0195377 23.5894 0.00387252 104.8 0.0144957 0 0 0 0 0 0
0 388 103.373 0.019022 23.8468 0.00543696 105.417 0.0238681 0 0 0 0 0 0
0 389 103.898 0.0217116 24.0001 0.00420477 106.026 0.021349 0 0 0 0 0 0
0 390 104.281 0.0209114 24.2633 0.00525736 106.516 0.0176125 0 0 0 0 0 0
0 391 104.686 0.0221758 24.5356 0.00331912 107.159 0.0205985 0 0 0 0 0 0
0 392 105.078 0.0304629 24.8065 0.00666762 107.847 0.019775 0 0 0 0 0 0
0 393 105.56 0.0381372 24.9624 0.00755403 108.503 0.0179473 0 0 0 0 0 0
0 394 105.965 0.0164758 25.1632 0.00851882 108.982 0.0292271 0 0 0 0 0 0
0 395 106.506 0.0224244 25.4451 0.00626094 109.617 0.0218245 0 0 0 0 0 0
0 396 106.945 0.0229057 25.6741 0.00898437 110.291 0.0241007 0 0 0 0 0 0
0 397 107.393 0.0317372 25.8502 0.0089053 110.975 0.0242097 0 0 0 0 0 0
0 398 107.9 0.0200424 26.1513 0.00945094 111.475 0.0233186 0 0 0 0 0 0
0 399 108.319 0.021571 26.3318 0.00368972 112.062 0.0203816 0 0 0 0 0 0
0 400 108.847 0.0329206 26.5129 0.00762681 112.829 0.0242105 0 0 0 0 0 0
0 401 109.306 0.0238865 26.8706 0.00600733 113.374 0.0287236 0 0 0 0 0 0
0 402 109.886 0.0201387 27.0052 0.0036725 114.075 0.0196919 0 0 0 0 0 0
0 403 110.517 0.022807 27.2638 0.00398754 114.678 0.0207175 0 0 0 0 0 0
0 404 111.136 0.0249823 27.5312 0.0139395 115.258 0.0135685 0 0 0 0 0 0
0 405 111.593 0.0294253 27.7651 0.0102513 115.853 0.0206047 0 0 0 0 0 0
0 406 112.276 0.029909 27.972 0.0131367 116.457 0.0226207 0 0 0 0 0 0
0 407 112.764 0.0350699 28.242 0.00820895 116.977 0.0172762 0 0 0 0 0 0
0 408 113.385 0.0334934 28.4774 0.0100273 117.546 0.020516 0 0 0 0 0 0
0 409 113.974 0.0263112 28.6911 0.0124749 118.174 0.0258517 0 0 0 0 0 0
0 410 114.629 0.0296 28.9233 0.00988966 118.83 0.0259795 0 0 0 0 0 0
0 411 115.179 0.0324955 29.2418 0.00796273 119.403 0.0114918 0 0 0 0 0 0
0 412 115.836 0.0344654 29.4735 0.00533887 120.064 0.0225005 0 0 0 0 0 0
0 413 116.358 0.0309404 29.7589 0.00543815 120.61 0.0166982 0 0 0 0 0 0
0 414 117.156 0.0384615 29.9711 0.00614302 121.301 0.0210355 0 0 0 0 0 0
0 415 117.73 0.0297628 30.3399 0.0075472 121.892 0.017152 0 0 0 0 0 0
0 416 118.314 0.0265614 30.6318 0.0077598 122.551 0.0199077 0 0 0 0 0 0
0 417 118.906 0.0341637 30.8894 0.00754451 123.073 0.0214539 0 0 0 0 0 0
0 418 119.631 0.0344886 31.1244 0.00946059 123.697 0.0177825 0 0 0 0 0 0
0 419 120.32 0.0399546 31.3987 0.00598254 124.288 0.016743 0 0 0 0 0 0
0 420 120.944 0.030719 31.5986 0.00839117 124.856 0.0240987 0 0 0 0 0 0
0 421 121.657 0.0489332 31.9747 0.00610209 125.332 0.0177878 0 0 0 0 0 0
0 422 122.378 0.0403493 32.2677 0.00880247 126.06 0.0138914 0 0 0 0 0 0
0 423 123.241 0.029306 32.4296 0.00390981 126.709 0.0214971 0 0 0 0 0 0
0 424 123.884 0.0378076 32.7017 0.00472218 127.298 0.0137172 0 0 0 0 0 0
0 425 124.69 0.0365223 32.9617 0.00723979 127.841 0.0125541 0 0 0 0 0 0
0 426 125.487 0.0279684 33.1917 0.0062591 128.435 0.0141534 0 0 0 0 0 0
0 427 126.154 0.0208555 33.4432 0.0021803 129.053 0.0138997 0 0 0 0 0 0
0 428 126.854 0.0192991 33.732 0.00458242 129.628 0.0200551 0 0 0 0 0 0
0 429 127.525 0.0175641 33.9033 0.00729749 130.255 0.0130048 0 0 0 0 0 0
0 430 128.408 0.0405992 34.1999 0.00757833 130.941 0.0222613 0 0 0 0 0 0
0 431 129.054 0.0356599 34.4229 0.00830673 131.561 0.0123469 0 0 0 0 0 0
0 432 129.89 0.0382991 34.7241 0.00850695 132.09 0.0121984 0 0 0 0 0 0
0 433 130.622 0.0385653 34.927 0.00320689 132.651 0.01252 0 0 0 0 0 0
0 434 131.488 0.0291851 35.0512 0.00390395 133.334 0.00715373 0 0 0 0 0 0
0 435 132.278 0.0285842 35.2981 0.00973787 133.955 0.00480323 0 0 0 0 0 0
0 436 133.054 0.0414155 35.4181 0.00784782 134.615 0.00996973 0 0 0 0 0 0
0 437 133.87 0.026815 35.6526 0.00324622 135.216 0.00779726 0 0 0 0 0 0
0 438 134.598 0.0296723 35.8612 0.00160273 135.872 0.0127593 0 0 0 0 0 0
0 439 135.476 0.0177469 36.1765 0.00237057 136.454 0.0117785 0 0 0 0 0 0
0 440 136.263 0.0420271 36.4521 0.00695105 137.082 0.00840563 0 0 0 0 0 0
0 441 137.166 0.0254383 36.6341 0.00451901 137.744 0.00998276 0 0 0 0 0 0
0 442 137.89 0.0230412 36.8961 0.00431297 138.427 0.0162874 0 0 0 0 0 0
0 443 138.706 0.0251327 37.0668 0.00426172 138.995 0.0218795 0 0 0 0 0 0
0 444 139.385 0.0255271 37.3496 0.00314743 139.644 0.0199495 0 0 0 0 0 0
0 445 140.302 0.0184929 37.5323 0.00547713 140.401 0.0133454 0 0 0 0 0 0
0 446 141.1 0.0266661 37.5365 0.00558529 140.936 0.00796931 0 0 0 0 0 0
0 447 141.821 0.0313588 37.6455 0.00544266 141.583 0.0084866 0 0 0 0 0 0
0 448 142.583 0.0262813 37.9118 0.00627365 142.222 0.0065347 0 0 0 0 0 0
0 449 143.556 0.0239275 38.1742 0.00529581 142.895 0.0138291 0 0 0 0 0 0
0 450 144.258 0.0337739 38.3666 0.00570022 143.661 0.00964236 0 0 0 0 0 0
0 451 145.068 0.0282206 38.5443 0.00691565 144.295 0.0154085 0 0 0 0 0 0
0 452 145.819 0.0204848 38.7316 0.00834503 145.017 0.0164818 0 0 0 0 0 0
0 453 146.775 0.0243223 38.8504 0.0101113 145.695 0.0111435 0 0 0 0 0 0
0 454 147.536 0.0243132 38.878 0.0171361 146.355 0.0165377 0 0 0 0 0 0
0 455 148.433 0.0216759 39.0634 0.0112967 147.121 0.00609025 0 0 0 0 0 0
0 456 149.33 0.0108585 39.2772 0.00783144 147.878 0.00842747 0 0 0 0 0 0
0 457 149.993 0.0274985 39.4233 0.0155642 148.496 0.0110478 0 0 0 0 0 0
0 458 150.958 0.021963 39.437 0.00706139 149.212 0.01104 0 0 0 0 0 0
0 459 151.807 0.0174988 39.6393 0.00885269 149.938 0.0111457 0 0 0 0 0 0
0 460 152.724 0.0236794 39.7736 0.00600376 150.574 0.00782659 0 0 0 0 0 0
0 461 153.475 0.0217227 39.9096 0.0050865 151.186 0.00599492 0 0 0 0 0 0
0 462 154.334 0.0172784 40.0109 0.00700194 151.948 0.011587 0 0 0 0 0 0
0 463 155.109 0.026895 40.1917 0.00968666 152.668 0.0106411 0 0 0 0 0 0
0 464 155.927 0.0231336 40.245 0.00897135 153.317 0.0157776 0 0 0 0 0 0
0 465 156.731 0.0325148 40.3876 0.0111028 154.116 0.0117747 0 0 0 0 0 0
0 466 157.568 0.0405407 40.5957 0.00584523 154.639 0.0100188 0 0 0 0 0 0
0 467 158.333 0.0274411 40.6369 0.00451303 155.344 0.00795449 0 0 0 0 0 0
0 468 159.217 0.0263795 40.8448 0.00613355 155.882 0.0181632 0 0 0 0 0 0
0 469 160.098 0.0413188 40.9462 0.00673778 156.649 0.0159714 0 0 0 0 0 0
0 470 160.813 0.036872 41.1314 0.00583852 157.575 0.0162033 0 0 0 0 0 0
0 471 161.654 0.0421777 41.192 0.0112857 158.221 0.0119845 0 0 0 0 0 0
0 472 162.414 0.0335712 41.3658 0.0024045 158.926 0.0166881 0 0 0 0 0 0
0 473 163.234 0.0210377 41.2864 0.00677177 159.491 0.0119593 0 0 0 0 0 0
0 474 163.985 0.0174355 41.3719 0.00776382 160.312 0.00896525 0 0 0 0 0 0
0 475 164.735 0.0155088 41.4421 0.0113902 160.984 0.00395639 0 0 0 0 0 0
0 476 165.511 0.0194928 41.5196 0.00249285 161.672 0.00982191 0 0 0 0 0 0
0 477 166.343 0.0195738 41.7894 0.0040659 162.324 0.00719977 0 0 0 0 0 0
0 478 167.095 0.0191261 41.7892 0.00466494 163.05 0.0110198 0 0 0 0 0 0
0 479 167.671 0.0137229 41.9376 0.00609642 163.652 0.0130065 0 0 0 0 0 0
0 480 168.439 0.00513954 42.1284 0.00369833 164.414 0.00879846 0 0 0 0 0 0
0 481 169.235 0.00862285 42.2014 0.0032486 165.236 0.00635541 0 0 0 0 0 0
0 482 169.966 0.0146313 42.3741 0.00500591 165.987 0.0118238 0 0 0 0 0 0
0 483 170.692 0.0170915 42.461 0.00404062 166.76 0.00738475 0 0 0 0 0 0
0 484 171.554 0.0263797 42.5975 0.00666998 167.545 0.0124649 0 0 0 0 0 0
0 485 172.334 0.0307961 42.7289 0.00792815 168.236 0.0117957 0 0 0 0 0 0
0 486 173.074 0.025901 42.8083 0.00404109 169.012 0.00857395 0 0 0 0 0 0
0 487 173.673 0.020446 42.9303 0.0117862 169.697 0.011353 0 0 0 0 0 0
0 488 174.271 0.0244643 43.082 0.00633855 170.412 0.00958105 0 0 0 0 0 0
0 489 174.935 0.0210456 43.2067 0.0067563 171.157 0.0131955 0 0 0 0 0 0
0 490 175.703 0.0268583 43.2094 0.0101259 171.99 0.0119312 0 0 0 0 0 0
0 491 176.356 0.0234112 43.3061 0.0123025 172.617 0.0126538 0 0 0 0 0 0
0 492 177.068 0.0247465 43.4531 0.00682695 173.386 0.0143179 0 0 0 0 0 0
0 493 177.674 0.0189932 43.5051 0.00762386 174.163 0.0083361 0 0 0 0 0 0
0 494 178.273 0.0252829 43.626 0.013174 174.875 0.00446558 0 0 0 0 0 0
0 495 178.928 0.0102996 43.7413 0.0103993 175.64 0.00818189 0 0 0 0 0 0
0 496 179.659 0.0153298 43.779 0.0126372 176.391 0.00570792 0 0 0 0 0 0
0 497 180.354 0.0220014 43.8608 0.0142273 177.254 0.00859751 0 0 0 0 0 0
0 498 180.879 0.0325949 44.0406 0.00349434 178.034 0.00652946 0 0 0 0 0 0
0 499 181.605 0.0197201 44.1805 0.00399791 178.725 0.0123875 0 0 0 0 0 0


