# every column is followed by the variance. Then you have the following: 
#g(0, 0), different atom index: 4
#g(0, 0), same atom index: 10
#g(0, 1), different atom index: 0
#g(0, 1), same atom index: 6
#g(1, 1), different atom index: 2
#g(1, 1), same atom index: 8
0 0 0 0 0 0 0 0 0 0 125 0 250 0
0 1 0 0 0 0 0 0 0 0 0 0 0 0
0 2 0 0 0 0 0 0 0 0 0 0 0 0
0 3 0 0 0 0 0 0 0 0 0 0 0 0
0 4 0 0 0 0 0 0 0 0 0 0 0 0
0 5 0 0 0 0 0 0 0 0 0 0 0 0
0 6 0 0 0 0 0 0 0 0 0 0 0 0
0 7 0 0 0 0 0 0 0 0 0 0 0 0
0 8 0 0 0 0 0 0 0 0 0 0 0 0
0 9 0 0 0 0 0 0 0 0 0 0 0 0
0 10 0 0 0 0 0 0 0 0 0 0 0 0
0 11 0 0 0 0 0 0 0 0 0 0 0 0
0 12 0 0 0 0 0 0 0 0 0 0 0 0
0 13 0 0 0 0 0 0 0 0 0 0 0 0
0 14 0 0 0 0 0 0 0 0 0 0 0 0
0 15 0 0 0 0 0 0 0 0 0 0 0 0
0 16 0 0 0 0 0 0 0 0 0 0 0 0
0 17 0 0 0 0 0 0 0 0 0 0 0 0
0 18 0 0 0 0 0 0 0 0 0 0 0 0
0 19 0 0 0 0 0 0 0 0 0 0 0 0
0 20 0 0 0 0 0 0 0 0 0 0 0 0
0 21 0 0 0 0 0 0 0 0 0 0 0 0
0 22 0 0 0 0 0 0 0 0 0 0 0 0
0 23 0 0 0 0 0 0 0 0 0 0 0 0
0 24 0 0 0 0 0 0 0 0 0 0 0 0
0 25 0 0 0 0 0 0 0 0 0 0 0 0
0 26 0 0 0 0 0 0 0 0 0 0 0 0
0 27 0 0 0 0 0 0 0 0 0 0 0 0
0 28 0 0 0 0 0 0 0 0 0 0 0 0
0 29 0 0 0 0 0 0 0 0 0 0 0 0
0 30 0 0 0 0 0 0 0 0 0 0 0 0
0 31 0 0 0 0 0 0 0 0 0 0 0 0
0 32 0 0 0 0 0 0 0 0 0 0 0 0
0 33 0 0 0 0 0 0 0 0 0 0 0 0
0 34 0 0 0 0 0 0 0 0 0 0 0 0
0 35 0 0 0 0 0 0 0 0 0 0 0 0
0 36 0 0 0 0 0 0 0 0 0 0 0 0
0 37 0 0 0 0 0 0 0 0 0 0 0 0
0 38 0 0 0 0 0 0 0 0 0 0 0 0
0 39 0 0 0 0 0 0 0 0 0 0 0 0
0 40 0 0 0 0 0 0 0 0 0 0 0 0
0 41 0 0 0 0 0 0 0 0 0 0 0 0
0 42 0 0 0 0 0 0 0 0 0 0 0 0
0 43 0 0 0 0 0 0 0 0 0 0 0 0
0 44 0 0 0 0 0 0 0 0 0 0 0 0
0 45 0 0 0 0 0 0 0 0 0 0 0 0
0 46 0 0 0 0 0 0 0 0 0 0 0 0
0 47 0 0 0 0 0 0 0 0 0 0 0 0
0 48 0 0 0 0 0 0 0 0 0 0 0 0
0 49 0 0 0 0 0 0 0 0 0 0 0 0
0 50 0 0 0 0 0 0 0 0 0 0 0 0
0 51 0 0 0 0 0 0 0 0 0 0 0 0
0 52 0 0 0 0 0 0 0 0 0 0 0 0
0 53 0 0 0 0 0 0 0 0 0 0 0 0
0 54 0 0 0 0 0 0 0 0 0 0 0 0
0 55 0 0 0 0 0 0 0 0 0 0 0 0
0 56 4.8e-05 2.304e-09 0 0 0 0 0 0 0 0 0 0
0 57 0.001072 8.87751e-08 0 0 0 0 0 0 0 0 0 0
0 58 0.015408 4.90101e-06 0 0 0 0 0 0 0 0 0 0
0 59 0.160976 5.81765e-05 0 0 0 0 0 0 0 0 0 0
0 60 1.12054 0.00104502 0 0 0 0 0 0 0 0 0 0
0 61 5.37317 0.004829 0 0 0 0 0 0 0 0 0 0
0 62 17.7232 0.0118262 0 0 0 0 0 0 0 0 0 0
0 63 40.9036 0.00853218 0 0 0 0 0 0 0 0 0 0
0 64 69.5339 0.0253136 0 0 0 0 0 0 0 0 0 0
0 65 89.7257 0.112929 0 0 0 0 0 0 0 0 0 0
0 66 90.7716 0.0801074 0 0 0 0 0 0 0 0 0 0
0 67 74.5754 0.0206356 0 0 0 0 0 0 0 0 0 0
0 68 51.2005 0.0132807 0 0 0 0 0 0 0 0 0 0
0 69 30.2784 0.0351754 0 0 0 0 0 0 0 0 0 0
0 70 15.763 0.0349164 0 0 0 0 0 0 0 0 0 0
0 71 7.45579 0.0150145 0 0 0 0 0 0 0 0 0 0
0 72 3.23557 0.00492122 0 0 0 0 0 0 0 0 0 0
0 73 1.31227 0.00106304 0 0 0 0 0 0 0 0 0 0
0 74 0.51928 0.000250579 0 0 0 0 0 0 0 0 0 0
0 75 0.19976 4.97631e-05 0 0 0 0 0 0 0 0 0 0
0 76 0.078272 1.62257e-05 0 0 0 0 0 0 0 0 0 0
0 77 0.031104 7.02874e-06 0 0 0 0 0 0 0 0 0 0
0 78 0.0132 1.05543e-06 0 0 0 0 0 0 0 0 0 0
0 79 0.005152 1.13095e-07 0 0 0 0 0 0 0 0 0 0
0 80 0.00216 1.14489e-07 0 0 1.6e-05 2.56e-10 0 0 0 0 0 0
0 81 0.001152 1.02855e-07 0 0 4.8e-05 2.304e-09 0 0 0 0 0 0
0 82 0.0012 6.272e-08 0 0 4.8e-05 1.16622e-09 0 0 0 0 0 0
0 83 0.001696 1.46318e-07 0 0 0.000128 3.29956e-09 0 0 0 0 0 0
0 84 0.002864 1.95954e-07 0 0 0.000336 1.73227e-08 0 0 0 0 0 0
0 85 0.005136 2.4374e-07 0 0 0.00112 4.608e-08 0 0 0 0 0 0
0 86 0.009712 5.59246e-07 0 0 0.002592 1.30731e-07 0 0 0 0 0 0
0 87 0.016304 1.18411e-06 0 0 0.006368 3.20171e-07 0 0 0 0 0 0
0 88 0.026992 1.45582e-06 0 0 0.01648 9.10791e-07 0 0 0 0 0 0
0 89 0.044592 1.66232e-06 0 0 0.037632 2.2891e-06 0 0 0 0 0 0
0 90 0.069168 3.26374e-06 0 0 0.082432 5.01692e-06 0 0 0 0 0 0
0 91 0.10544 1.44003e-05 0 0 0.168368 2.08714e-05 0 0 0 0 0 0
0 92 0.165344 3.56507e-05 0 0 0.338224 5.3457e-05 0 0 0 0 0 0
0 93 0.246912 5.86472e-05 0 0 0.643424 0.000100711 0 0 0 0 0 0
0 94 0.358224 4.61542e-05 0 0 1.15403 9.71327e-05 0 0 0 0 0 0
0 95 0.506 9.03977e-05 0 0 1.96195 0.000188602 0 0 0 0 0 0
0 96 0.699296 0.000169965 0 0 3.17112 0.000502412 0 0 0 0 0 0
0 97 0.9404 0.00034077 0 0 4.84419 0.000744297 0 0 0 0 0 0
0 98 1.2532 0.000491674 0 0 6.9901 0.00128333 0 0 0 0 0 0
0 99 1.63963 0.000615203 0 0 9.58326 0.00151107 0 0 0 0 0 0
0 100 2.09749 0.00075194 0 0 12.4953 0.00312921 0 0 0 0 0 0
0 101 2.62747 0.00100531 0 0 15.463 0.00524042 0 0 0 0 0 0
0 102 3.24314 0.00111249 0 0 18.2207 0.00398099 0 0 0 0 0 0
0 103 3.93595 0.00141463 0 0 20.3437 0.00532108 0 0 0 0 0 0
0 104 4.6928 0.00177696 0 0 21.6523 0.00353702 0 0 0 0 0 0
0 105 5.46285 0.00189501 0 0 21.912 0.0015278 0 0 0 0 0 0
0 106 6.29454 0.00164346 0 0 21.1376 0.00138003 0 0 0 0 0 0
0 107 7.18794 0.00204975 0 0 19.4466 0.00232266 0 0 0 0 0 0
0 108 8.07389 0.00242974 0 0 17.0662 0.00145939 0 0 0 0 0 0
0 109 8.90618 0.00224395 0 0 14.324 0.00201487 0 0 0 0 0 0
0 110 9.73584 0.00171599 0 0 11.4744 0.00367931 0 0 0 0 0 0
0 111 10.4915 0.00248227 0 0 8.8451 0.00349696 0 0 0 0 0 0
0 112 11.169 0.00283007 0 0 6.57483 0.00259384 0 0 0 0 0 0
0 113 11.8176 0.00222095 0 0 4.72013 0.00208276 0 0 0 0 0 0
0 114 12.3278 0.0020247 0 0 3.3305 0.00145131 0 0 0 0 0 0
0 115 12.7556 0.0013347 0 0 2.34179 0.000866918 0 0 0 0 0 0
0 116 13.0647 0.0024881 0 0 1.69827 0.000576062 0 0 0 0 0 0
0 117 13.3054 0.00301094 0 0 1.32211 0.000362071 0 0 0 0 0 0
0 118 13.3902 0.00334134 0 0 1.16386 0.000140689 0 0 0 0 0 0
0 119 13.3758 0.00271952 0 0 1.15909 0.000184734 0 0 0 0 0 0
0 120 13.3364 0.00316392 0 0 1.23762 0.000132361 0 0 0 0 0 0
0 121 13.1585 0.00139096 0 0 1.43266 0.000226808 0 0 0 0 0 0
0 122 12.9271 0.00152761 0 0 1.69482 0.000249971 0 0 0 0 0 0
0 123 12.6321 0.00119785 0 0 2.00717 0.000353979 0 0 0 0 0 0
0 124 12.2865 0.00240687 0 0 2.36374 0.000503112 0 0 0 0 0 0
0 125 11.9195 0.0015338 0 0 2.78418 0.000377293 0 0 0 0 0 0
0 126 11.4882 0.00149084 0 0 3.26565 0.000650336 0 0 0 0 0 0
0 127 11.1101 0.00148893 0 0 3.79915 0.000561975 0 0 0 0 0 0
0 128 10.6923 0.00148438 0 0 4.41133 0.000510504 0 0 0 0 0 0
0 129 10.2023 0.000819934 0 0 5.0587 0.000859899 0 0 0 0 0 0
0 130 9.7701 0.00050579 0 0 5.76698 0.0010843 0 0 0 0 0 0
0 131 9.32003 0.000160089 0 0 6.53469 0.00158608 0 0 0 0 0 0
0 132 8.87296 0.000590182 0 0 7.34875 0.00180902 0 0 0 0 0 0
0 133 8.43342 0.000436312 0 0 8.17154 0.00160545 0 0 0 0 0 0
0 134 7.98922 0.000185155 0 0 9.07176 0.00229556 0 0 0 0 0 0
0 135 7.59261 0.000785829 0 0 9.97784 0.00272282 0 0 0 0 0 0
0 136 7.21406 0.000848528 0 0 10.9613 0.00177038 0 0 0 0 0 0
0 137 6.85438 0.000696228 0 0 11.9474 0.00299023 0 0 0 0 0 0
0 138 6.47952 0.00109043 0 0 12.9174 0.00361332 0 0 0 0 0 0
0 139 6.14906 0.00141279 0 0 13.9211 0.00383196 0 0 0 0 0 0
0 140 5.85414 0.00176672 0 0 14.8282 0.00309005 0 0 0 0 0 0
0 141 5.58803 0.0009778 0 0 15.8524 0.00419595 0 0 0 0 0 0
0 142 5.2887 0.000864127 0 0 16.8431 0.00273542 0 0 0 0 0 0
0 143 5.03301 0.00120985 0 0 17.7062 0.00286625 0 0 0 0 0 0
0 144 4.81355 0.00165049 0 0 18.6516 0.00373436 0 0 0 0 0 0
0 145 4.5855 0.00168385 0 0 19.4598 0.00607659 0 0 0 0 0 0
0 146 4.38925 0.00132314 0 0 20.2174 0.00350739 0 0 0 0 0 0
0 147 4.20606 0.001539 0 0 20.9077 0.0042097 0 0 0 0 0 0
0 148 4.01426 0.00141347 0 0 21.581 0.00365714 0 0 0 0 0 0
0 149 3.86165 0.00105283 0 0 22.1215 0.0041721 0 0 0 0 0 0
0 150 3.7157 0.000840334 0 0 22.6511 0.00330975 0 0 0 0 0 0
0 151 3.59208 0.000634341 9.6e-05 4.66489e-09 23.0625 0.00186131 0 0 0 0 0 0
0 152 3.48882 0.00069507 0.000768 9.77351e-08 23.3975 0.00180944 0 0 0 0 0 0
0 153 3.37334 0.000934762 0.001312 1.33006e-07 23.7056 0.00225105 0 0 0 0 0 0
0 154 3.28773 0.000881982 0.002192 1.13806e-07 23.9216 0.00169628 0 0 0 0 0 0
0 155 3.23197 0.000978414 0.006256 6.10674e-07 24.0289 0.001181 0 0 0 0 0 0
0 156 3.1667 0.000647772 0.013872 2.34954e-06 24.0705 0.00226461 0 0 0 0 0 0
0 157 3.11779 0.000847082 0.033648 5.53987e-06 24.07 0.00200503 0 0 0 0 0 0
0 158 3.07736 0.000696537 0.061088 5.94193e-06 23.9905 0.00135854 0 0 0 0 0 0
0 159 3.06024 0.000719985 0.109376 1.28775e-05 23.8554 0.00129031 0 0 0 0 0 0
0 160 3.06627 0.000763238 0.186992 4.73822e-05 23.7068 0.00156522 0 0 0 0 0 0
0 161 3.05384 0.000839313 0.32288 7.48345e-05 23.4802 0.00164898 0 0 0 0 0 0
0 162 3.07482 0.000891865 0.503632 0.000156661 23.1701 0.00079215 0 0 0 0 0 0
0 163 3.10986 0.000805356 0.76768 0.000159451 22.8832 0.00221597 0 0 0 0 0 0
0 164 3.1615 0.0011341 1.11054 0.000138689 22.5017 0.000663927 0 0 0 0 0 0
0 165 3.20704 0.000926053 1.56403 0.000409405 22.1566 0.00173084 0 0 0 0 0 0
0 166 3.29274 0.000936647 2.1325 0.000642127 21.7572 0.00113837 0 0 0 0 0 0
0 167 3.41789 0.000994629 2.86382 0.0010776 21.3324 0.00103512 0 0 0 0 0 0
0 168 3.5333 0.00117752 3.70181 0.00294498 20.8908 0.00196268 0 0 0 0 0 0
0 169 3.66606 0.00119767 4.64378 0.00290065 20.4975 0.00181249 0 0 0 0 0 0
0 170 3.84253 0.00162887 5.67851 0.00197708 20.0549 0.000927537 0 0 0 0 0 0
0 171 4.05365 0.00126377 6.80142 0.00269586 19.6677 0.0026172 0 0 0 0 0 0
0 172 4.29646 0.00125825 7.99067 0.0032436 19.2417 0.00211061 0 0 0 0 0 0
0 173 4.56221 0.001268 9.21402 0.00320484 18.8334 0.00235736 0 0 0 0 0 0
0 174 4.84118 0.00243043 10.3562 0.00217017 18.4757 0.0022022 0 0 0 0 0 0
0 175 5.1783 0.00268035 11.3976 0.00411421 18.1203 0.00270426 0 0 0 0 0 0
0 176 5.55864 0.00231914 12.4505 0.00325669 17.8208 0.00218914 0 0 0 0 0 0
0 177 5.94616 0.00268599 13.3563 0.00459716 17.5168 0.00260269 0 0 0 0 0 0
0 178 6.44245 0.00339306 14.2132 0.00343245 17.2324 0.00275831 0 0 0 0 0 0
0 179 6.97205 0.00308977 14.8692 0.00381112 17.0075 0.00448187 0 0 0 0 0 0
0 180 7.58702 0.00412734 15.2987 0.00245208 16.7913 0.00372821 0 0 0 0 0 0
0 181 8.21998 0.00263987 15.6077 0.00132895 16.578 0.00455954 0 0 0 0 0 0
0 182 8.91597 0.00385026 15.8795 0.00223712 16.4472 0.00406609 0 0 0 0 0 0
0 183 9.73141 0.00408292 15.9071 0.00226118 16.3695 0.00584556 0 0 0 0 0 0
0 184 10.5715 0.0042694 15.7772 0.0022253 16.2688 0.00490793 0 0 0 0 0 0
0 185 11.5472 0.00418693 15.6402 0.00248308 16.2242 0.00450819 0 0 0 0 0 0
0 186 12.5045 0.00562707 15.2671 0.00244228 16.1812 0.00477532 0 0 0 0 0 0
0 187 13.5778 0.00810427 14.8689 0.00246128 16.1658 0.00476576 0 0 0 0 0 0
0 188 14.7178 0.00840361 14.4303 0.00273115 16.222 0.00474436 0 0 0 0 0 0
0 189 15.9649 0.00886889 13.9312 0.00197535 16.3267 0.00614227 0 0 0 0 0 0
0 190 17.2022 0.0114534 13.3827 0.000892709 16.4282 0.00509272 0 0 0 0 0 0
0 191 18.568 0.00958344 12.8454 0.00266283 16.5468 0.00850542 0 0 0 0 0 0
0 192 19.994 0.00804021 12.3089 0.00163745 16.705 0.00664311 0 0 0 0 0 0
0 193 21.4318 0.00716679 11.7835 0.00073879 16.9234 0.00662799 0 0 0 0 0 0
0 194 22.9674 0.00655921 11.2505 0.000871225 17.0696 0.00460508 0 0 0 0 0 0
0 195 24.5415 0.00442698 10.7371 0.0011935 17.3115 0.00462395 0 0 0 0 0 0
0 196 26.1441 0.00525271 10.2734 0.000919231 17.5697 0.0052229 0 0 0 0 0 0
0 197 27.7725 0.00747296 9.77035 0.00189819 17.8658 0.00395038 0 0 0 0 0 0
0 198 29.3991 0.00627038 9.27888 0.000975591 18.2006 0.00463133 0 0 0 0 0 0
0 199 31.0472 0.00733229 8.89648 0.00181512 18.5474 0.00573074 0 0 0 0 0 0
0 200 32.6926 0.0081108 8.48011 0.00216483 18.9262 0.00663634 0 0 0 0 0 0
0 201 34.3742 0.00732639 8.09376 0.00324285 19.2582 0.00668533 0 0 0 0 0 0
0 202 35.9762 0.00630968 7.81862 0.00301322 19.6869 0.00644574 0 0 0 0 0 0
0 203 37.6065 0.00485419 7.49608 0.0032081 20.1089 0.00553974 0 0 0 0 0 0
0 204 39.244 0.00626312 7.22464 0.0021192 20.5831 0.00465296 0 0 0 0 0 0
0 205 40.7668 0.00336235 7.00773 0.00282436 21.0512 0.00720806 0 0 0 0 0 0
0 206 42.1983 0.00513633 6.75656 0.00248616 21.5146 0.00655677 0 0 0 0 0 0
0 207 43.541 0.00477406 6.60354 0.00262743 22.097 0.00725584 0 0 0 0 0 0
0 208 44.8378 0.00751389 6.45085 0.00287788 22.6636 0.00602955 0 0 0 0 0 0
0 209 46.0356 0.00870005 6.30478 0.00273005 23.1557 0.00472794 0 0 0 0 0 0
0 210 47.1188 0.00531439 6.15962 0.00247945 23.7226 0.00430484 0 0 0 0 0 0
0 211 48.0996 0.00603342 6.0699 0.00197508 24.3912 0.00490746 0 0 0 0 0 0
0 212 49.0162 0.00825103 5.90854 0.00255413 25.0257 0.00453675 0 0 0 0 0 0
0 213 49.7621 0.00275106 5.87168 0.00305431 25.6445 0.0053116 0 0 0 0 0 0
0 214 50.4548 0.00300245 5.83142 0.00326053 26.2257 0.00424585 0 0 0 0 0 0
0 215 51.0597 0.00365603 5.80814 0.00250116 26.9203 0.00511862 0 0 0 0 0 0
0 216 51.5332 0.00620489 5.78654 0.00375471 27.5353 0.00244141 0 0 0 0 0 0
0 217 51.8444 0.00485619 5.76485 0.0037611 28.2567 0.0032944 0 0 0 0 0 0
0 218 52.0882 0.00645364 5.8032 0.00275724 28.929 0.00427581 0 0 0 0 0 0
0 219 52.2632 0.00804166 5.80099 0.00230496 29.6682 0.00201395 0 0 0 0 0 0
0 220 52.3887 0.00658015 5.83243 0.00187773 30.4537 0.00219229 0 0 0 0 0 0
0 221 52.3799 0.00689763 5.92694 0.00206564 31.1879 0.00333561 0 0 0 0 0 0
0 222 52.327 0.00628655 5.97277 0.00149111 31.8944 0.00202832 0 0 0 0 0 0
0 223 52.3236 0.00809707 6.02398 0.00220885 32.6908 0.0023818 0 0 0 0 0 0
0 224 52.2107 0.00678267 6.09192 0.00315315 33.5404 0.00189483 0 0 0 0 0 0
0 225 51.8812 0.00497384 6.20296 0.00352173 34.4087 0.00184025 0 0 0 0 0 0
0 226 51.6724 0.00525009 6.29416 0.00457719 35.1454 0.00176494 0 0 0 0 0 0
0 227 51.4894 0.00931063 6.35306 0.00357056 35.9944 0.00173637 0 0 0 0 0 0
0 228 51.1046 0.00765892 6.42672 0.00351452 36.8366 0.00263335 0 0 0 0 0 0
0 229 50.8104 0.0130501 6.54613 0.00341378 37.6677 0.0033647 0 0 0 0 0 0
0 230 50.5468 0.0124805 6.74523 0.00276541 38.4962 0.00370927 0 0 0 0 0 0
0 231 50.2785 0.0160384 6.84136 0.00273781 39.3786 0.00526027 0 0 0 0 0 0
0 232 49.9688 0.0106069 6.98562 0.00283205 40.2402 0.0049613 0 0 0 0 0 0
0 233 49.7177 0.0186106 7.15096 0.00346259 41.0512 0.003151 0 0 0 0 0 0
0 234 49.396 0.0192328 7.25734 0.00416623 41.8831 0.003822 0 0 0 0 0 0
0 235 49.1427 0.0234889 7.38626 0.00343164 42.7493 0.0043867 0 0 0 0 0 0
0 236 48.7628 0.0205148 7.53555 0.00400584 43.5624 0.00373526 0 0 0 0 0 0
0 237 48.5181 0.0141693 7.73715 0.00512472 44.4198 0.00678906 0 0 0 0 0 0
0 238 48.3907 0.0103386 7.9004 0.00341628 45.3421 0.00702187 0 0 0 0 0 0
0 239 48.186 0.0173353 8.06034 0.00312001 46.1172 0.0106462 0 0 0 0 0 0
0 240 48.0878 0.0146385 8.2389 0.00348855 46.9159 0.00854396 0 0 0 0 0 0
0 241 47.9707 0.0151232 8.41461 0.00235942 47.7409 0.00592511 0 0 0 0 0 0
0 242 47.8119 0.0121575 8.57982 0.00132527 48.4801 0.00837524 0 0 0 0 0 0
0 243 47.8543 0.0167891 8.80555 0.0010899 49.2258 0.012165 0 0 0 0 0 0
0 244 47.7304 0.0145442 9.012 0.00200398 49.8927 0.0135719 0 0 0 0 0 0
0 245 47.6878 0.0148286 9.18587 0.00267816 50.5638 0.0119214 0 0 0 0 0 0
0 246 47.7231 0.0184991 9.42886 0.00107098 51.2139 0.0170025 0 0 0 0 0 0
0 247 47.8123 0.015242 9.6367 0.000942635 51.8441 0.0127247 0 0 0 0 0 0
0 248 47.8216 0.0126022 9.77254 0.00136593 52.466 0.0164276 0 0 0 0 0 0
0 249 47.8674 0.010906 10.0452 0.00179354 53.0465 0.0119346 0 0 0 0 0 0
0 250 48.0598 0.00572381 10.2047 0.00220463 53.6082 0.0128536 0 0 0 0 0 0
0 251 48.1561 0.0078946 10.4072 0.00259907 54.1319 0.010347 0 0 0 0 0 0
0 252 48.2534 0.00946836 10.6437 0.00334203 54.582 0.0126903 0 0 0 0 0 0
0 253 48.4212 0.00757274 10.8266 0.00274042 55.0117 0.0218885 0 0 0 0 0 0
0 254 48.6459 0.00611936 10.9891 0.00390121 55.4132 0.0186352 0 0 0 0 0 0
0 255 48.7912 0.00738113 11.2212 0.00279816 55.7227 0.0181609 0 0 0 0 0 0
0 256 49.0184 0.00973047 11.5256 0.00273987 56.1012 0.0235914 0 0 0 0 0 0
0 257 49.2707 0.0129112 11.7116 0.00177559 56.3548 0.0176484 0 0 0 0 0 0
0 258 49.4309 0.0113638 11.9426 0.00248811 56.6701 0.0129833 0 0 0 0 0 0
0 259 49.7256 0.00698063 12.12 0.00413034 56.949 0.0178493 0 0 0 0 0 0
0 260 49.9394 0.00792502 12.3574 0.0031911 57.2087 0.0224085 0 0 0 0 0 0
0 261 50.1678 0.00557799 12.6418 0.00331228 57.4747 0.0149247 0 0 0 0 0 0
0 262 50.3882 0.00629085 12.8352 0.00247646 57.68 0.0143419 0 0 0 0 0 0
0 263 50.6381 0.00856321 13.0062 0.00348271 57.8562 0.0154003 0 0 0 0 0 0
0 264 50.9299 0.0103959 13.2693 0.00240321 58.0739 0.0203224 0 0 0 0 0 0
0 265 51.2184 0.00536396 13.5635 0.00291776 58.2128 0.0188778 0 0 0 0 0 0
0 266 51.4601 0.00783173 13.7439 0.00237289 58.4289 0.0171507 0 0 0 0 0 0
0 267 51.7183 0.00665168 13.9591 0.00267442 58.6066 0.0221841 0 0 0 0 0 0
0 268 51.9988 0.00809764 14.1403 0.0025349 58.8016 0.0192023 0 0 0 0 0 0
0 269 52.3631 0.00747789 14.4039 0.00336277 58.8644 0.0200222 0 0 0 0 0 0
0 270 52.7022 0.0110403 14.6326 0.00581191 59.0912 0.0117608 0 0 0 0 0 0
0 271 52.9719 0.00783702 14.8842 0.00610525 59.2691 0.00944677 0 0 0 0 0 0
0 272 53.272 0.00917461 15.0667 0.00365697 59.4201 0.0110941 0 0 0 0 0 0
0 273 53.4881 0.00475352 15.2882 0.00662142 59.6742 0.010653 0 0 0 0 0 0
0 274 53.7934 0.0103137 15.5368 0.00448309 59.8523 0.011098 0 0 0 0 0 0
0 275 54.1287 0.00875221 15.7461 0.00360495 60.1169 0.00755324 0 0 0 0 0 0
0 276 54.3655 0.0111638 15.9864 0.00309465 60.3115 0.0108433 0 0 0 0 0 0
0 277 54.6665 0.0207611 16.1063 0.00312437 60.5637 0.00890599 0 0 0 0 0 0
0 278 54.9393 0.0148791 16.2866 0.00313129 60.8012 0.00801228 0 0 0 0 0 0
0 279 55.27 0.0129466 16.5622 0.00513121 60.9095 0.0044884 0 0 0 0 0 0
0 280 55.5668 0.00735095 16.7614 0.00825973 61.2303 0.00424096 0 0 0 0 0 0
0 281 55.9593 0.00499353 16.9576 0.00541079 61.5287 0.00462993 0 0 0 0 0 0
0 282 56.2386 0.0060821 17.1268 0.00426149 61.8075 0.00189384 0 0 0 0 0 0
0 283 56.5807 0.00878283 17.3193 0.00423428 62.0387 0.00617949 0 0 0 0 0 0
0 284 56.9492 0.0104619 17.4959 0.00435659 62.3318 0.00510505 0 0 0 0 0 0
0 285 57.3276 0.0120826 17.6647 0.00513801 62.5765 0.00294957 0 0 0 0 0 0
0 286 57.7062 0.00676861 17.798 0.00303165 62.9185 0.00401558 0 0 0 0 0 0
0 287 58.0288 0.00677195 17.9852 0.00581397 63.1516 0.00249661 0 0 0 0 0 0
0 288 58.3433 0.0068334 18.1553 0.00569491 63.4865 0.00297624 0 0 0 0 0 0
0 289 58.7097 0.00624118 18.3056 0.0046033 63.7337 0.0049491 0 0 0 0 0 0
0 290 59.021 0.00701824 18.3832 0.00521878 64.0587 0.00476503 0 0 0 0 0 0
0 291 59.357 0.00905889 18.5674 0.0084696 64.3338 0.00669138 0 0 0 0 0 0
0 292 59.7774 0.00946812 18.6803 0.00967045 64.6554 0.00790467 0 0 0 0 0 0
0 293 60.1666 0.00905688 18.8678 0.0110012 64.9158 0.00586278 0 0 0 0 0 0
0 294 60.5198 0.0109945 19.0842 0.00897514 65.2567 0.00926729 0 0 0 0 0 0
0 295 60.8396 0.0097629 19.1769 0.00918824 65.5091 0.0103062 0 0 0 0 0 0
0 296 61.2552 0.0116929 19.3121 0.00818302 65.8167 0.0101046 0 0 0 0 0 0
0 297 61.6838 0.010057 19.3774 0.00692713 66.1661 0.00874069 0 0 0 0 0 0
0 298 62.1557 0.0127423 19.5635 0.00608178 66.4245 0.00900704 0 0 0 0 0 0
0 299 62.5962 0.0144768 19.613 0.00394929 66.7464 0.00886202 0 0 0 0 0 0
0 300 63.0234 0.0143084 19.714 0.00277176 66.9869 0.0152158 0 0 0 0 0 0
0 301 63.5079 0.0169275 19.7989 0.00361588 67.3106 0.0144979 0 0 0 0 0 0
0 302 63.8463 0.0204738 19.8244 0.00540171 67.5934 0.0186364 0 0 0 0 0 0
0 303 64.2709 0.0196334 19.8941 0.00531005 67.8314 0.0135137 0 0 0 0 0 0
0 304 64.8512 0.0142434 20.0243 0.00602334 68.135 0.0160956 0 0 0 0 0 0
0 305 65.227 0.0230905 20.1121 0.00538887 68.3046 0.020315 0 0 0 0 0 0
0 306 65.7135 0.0278614 20.187 0.00173592 68.5744 0.0164518 0 0 0 0 0 0
0 307 66.2137 0.0213633 20.1552 0.00378917 68.8688 0.0195772 0 0 0 0 0 0
0 308 66.7228 0.0300182 20.184 0.00332249 69.1993 0.0171039 0 0 0 0 0 0
0 309 67.2217 0.0297393 20.3002 0.00713057 69.471 0.0196232 0 0 0 0 0 0
0 310 67.6727 0.0304591 20.3124 0.00739696 69.7104 0.0157109 0 0 0 0 0 0
0 311 68.2054 0.0342904 20.3054 0.00562208 69.9934 0.0152989 0 0 0 0 0 0
0 312 68.7358 0.0367137 20.369 0.00210854 70.2189 0.0138207 0 0 0 0 0 0
0 313 69.1972 0.0258772 20.3694 0.00442383 70.5051 0.0184985 0 0 0 0 0 0
0 314 69.6533 0.0248881 20.3729 0.00444354 70.8037 0.0192221 0 0 0 0 0 0
0 315 70.0492 0.0235078 20.3297 0.00650807 71.0249 0.015571 0 0 0 0 0 0
0 316 70.4442 0.0281547 20.2727 0.00787319 71.3261 0.0209997 0 0 0 0 0 0
0 317 71.1046 0.0185901 20.295 0.00497031 71.6643 0.0221771 0 0 0 0 0 0
0 318 71.7332 0.0274128 20.2849 0.0025783 71.8701 0.0133132 0 0 0 0 0 0
0 319 72.2868 0.0207426 20.3335 0.00336901 72.1123 0.0179159 0 0 0 0 0 0
0 320 72.747 0.0236916 20.3254 0.00508075 72.3023 0.0178078 0 0 0 0 0 0
0 321 73.2973 0.0260505 20.2662 0.00299075 72.6159 0.017894 0 0 0 0 0 0
0 322 73.8896 0.0195355 20.2244 0.00554419 72.9491 0.0188525 0 0 0 0 0 0
0 323 74.5308 0.0220201 20.1929 0.00624543 73.2219 0.0146258 0 0 0 0 0 0
0 324 74.9869 0.018008 20.1791 0.00548823 73.5846 0.0191659 0 0 0 0 0 0
0 325 75.5332 0.0152632 20.1504 0.0066104 73.8492 0.0169213 0 0 0 0 0 0
0 326 76.1332 0.0206201 20.1284 0.00384504 74.1749 0.0202628 0 0 0 0 0 0
0 327 76.705 0.0239998 20.0943 0.00340101 74.4064 0.018644 0 0 0 0 0 0
0 328 77.2409 0.0221049 19.9883 0.00283734 74.6826 0.016429 0 0 0 0 0 0
0 329 77.7509 0.0143289 20.0642 0.00773137 74.9418 0.0155223 0 0 0 0 0 0
0 330 78.2748 0.0120173 20.0425 0.00418285 75.2844 0.0145841 0 0 0 0 0 0
0 331 78.7634 0.0124928 19.9813 0.00232592 75.6393 0.0148216 0 0 0 0 0 0
0 332 79.3438 0.00973933 19.9747 0.0037314 75.921 0.0160967 0 0 0 0 0 0
0 333 79.9872 0.016573 19.8539 0.00299552 76.3293 0.0178526 0 0 0 0 0 0
0 334 80.5163 0.0118715 19.7644 0.00533325 76.5912 0.0117366 0 0 0 0 0 0
0 335 81.1329 0.012731 19.6993 0.00411294 77.0224 0.0110711 0 0 0 0 0 0
0 336 81.5629 0.0151598 19.7334 0.00771038 77.3498 0.00928119 0 0 0 0 0 0
0 337 82.1234 0.0137091 19.6231 0.00484051 77.6904 0.00844742 0 0 0 0 0 0
0 338 82.5665 0.00938219 19.6928 0.00183867 78.0979 0.00950033 0 0 0 0 0 0
0 339 83.101 0.0111478 19.7005 0.00123099 78.494 0.0101963 0 0 0 0 0 0
0 340 83.6288 0.00663332 19.5523 0.00305432 78.9186 0.0127609 0 0 0 0 0 0
0 341 84.0642 0.0110199 19.5513 0.00404813 79.2771 0.0124955 0 0 0 0 0 0
0 342 84.553 0.015743 19.4307 0.0082444 79.6407 0.0121247 0 0 0 0 0 0
0 343 85.094 0.0105717 19.4718 0.00616975 80.1427 0.010903 0 0 0 0 0 0
0 344 85.643 0.0154935 19.4684 0.0062779 80.526 0.00620157 0 0 0 0 0 0
0 345 86.1308 0.00883511 19.4638 0.00517743 80.9522 0.0122958 0 0 0 0 0 0
0 346 86.5925 0.0117313 19.4654 0.00437878 81.3884 0.010187 0 0 0 0 0 0
0 347 87.1029 0.00963 19.449 0.00181022 81.8394 0.00966632 0 0 0 0 0 0
0 348 87.6489 0.00685812 19.3826 0.00256465 82.3856 0.0131047 0 0 0 0 0 0
0 349 88.1065 0.0108885 19.466 0.00427992 82.8664 0.0153063 0 0 0 0 0 0
0 350 88.5803 0.00662688 19.4129 0.00345569 83.3083 0.0143979 0 0 0 0 0 0
0 351 88.9843 0.0154608 19.387 0.00234665 83.664 0.0105867 0 0 0 0 0 0
0 352 89.3707 0.00952524 19.3724 0.00498319 84.1884 0.00622408 0 0 0 0 0 0
0 353 89.7799 0.0176304 19.375 0.00258066 84.6231 0.0072925 0 0 0 0 0 0
0 354 90.2074 0.0145003 19.4154 0.0041395 85.1448 0.00915969 0 0 0 0 0 0
0 355 90.6357 0.00974047 19.3352 0.00320302 85.7408 0.0130569 0 0 0 0 0 0
0 356 90.951 0.0119878 19.3908 0.00229367 86.1818 0.00790047 0 0 0 0 0 0
0 357 91.3622 0.0180661 19.4091 0.0043923 86.7364 0.00451312 0 0 0 0 0 0
0 358 91.6496 0.0123714 19.3751 0.00539551 87.2232 0.00982736 0 0 0 0 0 0
0 359 92.0558 0.00893454 19.4744 0.00278271 87.7198 0.00671374 0 0 0 0 0 0
0 360 92.3472 0.0207719 19.5409 0.00402865 88.2948 0.00706221 0 0 0 0 0 0
0 361 92.801 0.0192315 19.5999 0.00424167 88.8681 0.0124028 0 0 0 0 0 0
0 362 93.1529 0.0214223 19.6567 0.00462239 89.3901 0.00903485 0 0 0 0 0 0
0 363 93.5503 0.0117177 19.712 0.00371846 90.021 0.0147567 0 0 0 0 0 0
0 364 93.841 0.0117247 19.8783 0.00305464 90.5414 0.00943814 0 0 0 0 0 0
0 365 94.0974 0.0121629 19.9167 0.00417425 91.1019 0.00557737 0 0 0 0 0 0
0 366 94.4544 0.0250744 20.0488 0.00488663 91.6662 0.00626876 0 0 0 0 0 0
0 367 94.7573 0.0201218 20.1051 0.00623995 92.2504 0.00398031 0 0 0 0 0 0
0 368 95.1644 0.0165985 20.204 0.00454683 92.8556 0.0105191 0 0 0 0 0 0
0 369 95.4782 0.0102742 20.3931 0.00458782 93.5417 0.0119919 0 0 0 0 0 0
0 370 95.7728 0.00831327 20.4074 0.0062713 94.2215 0.0118061 0 0 0 0 0 0
0 371 96.2109 0.00915712 20.524 0.00485559 94.661 0.00602768 0 0 0 0 0 0
0 372 96.5533 0.012873 20.6918 0.00338937 95.38 0.00746334 0 0 0 0 0 0
0 373 96.7856 0.0125916 20.7672 0.00669474 96.0801 0.00932256 0 0 0 0 0 0
0 374 97.215 0.0155442 20.9535 0.00967217 96.7171 0.00758239 0 0 0 0 0 0
0 375 97.4565 0.0222244 21.1062 0.00500006 97.2679 0.00357584 0 0 0 0 0 0
0 376 97.7783 0.0157326 21.1439 0.00476164 97.8922 0.00531002 0 0 0 0 0 0
0 377 98.2077 0.0191722 21.3837 0.00308566 98.5972 0.00470254 0 0 0 0 0 0
0 378 98.5392 0.0202117 21.498 0.00286416 99.233 0.0077569 0 0 0 0 0 0
0 379 98.912 0.0229245 21.6552 0.00722104 99.8475 0.00843105 0 0 0 0 0 0
0 380 99.3193 0.019778 21.8006 0.00734877 100.501 0.00572003 0 0 0 0 0 0
0 381 99.6572 0.0187035 21.9217 0.00595888 101.043 0.00870381 0 0 0 0 0 0
0 382 99.9353 0.0175013 22.1896 0.00846541 101.763 0.00619734 0 0 0 0 0 0
0 383 100.264 0.0183239 22.3015 0.0085723 102.454 0.00432954 0 0 0 0 0 0
0 384 100.709 0.0268107 22.4354 0.010536 103.054 0.00549011 0 0 0 0 0 0
0 385 101.067 0.031521 22.6109 0.0100432 103.655 0.00638285 0 0 0 0 0 0
0 386 101.34 0.0246529 22.8344 0.010202 104.258 0.01134 0 0 0 0 0 0
0 387 101.711 0.0231019 23.0646 0.00776345 104.814 0.00820275 0 0 0 0 0 0
0 388 102.21 0.0243668 23.3229 0.00925624 105.405 0.0117541 0 0 0 0 0 0
0 389 102.551 0.0177534 23.5917 0.009051 106.036 0.0189932 0 0 0 0 0 0
0 390 103.083 0.0190046 23.7752 0.00853348 106.71 0.0156591 0 0 0 0 0 0
0 391 103.548 0.0193172 23.9641 0.00805434 107.359 0.0186723 0 0 0 0 0 0
0 392 103.894 0.0232451 24.1826 0.0165696 107.966 0.0183133 0 0 0 0 0 0
0 393 104.345 0.0164526 24.4631 0.0214173 108.558 0.0138639 0 0 0 0 0 0
0 394 104.813 0.0117483 24.7226 0.0218397 109.235 0.017833 0 0 0 0 0 0
0 395 105.273 0.0109196 25.01 0.0173359 109.786 0.0156807 0 0 0 0 0 0
0 396 105.685 0.0127885 25.3084 0.0142951 110.418 0.00985508 0 0 0 0 0 0
0 397 106.198 0.0222453 25.5265 0.0252348 110.978 0.0173462 0 0 0 0 0 0
0 398 106.732 0.0292965 25.8142 0.0145412 111.585 0.00814835 0 0 0 0 0 0
0 399 107.237 0.0179804 25.987 0.0121598 112.106 0.00838142 0 0 0 0 0 0
0 400 107.75 0.0196885 26.2257 0.00973212 112.698 0.0115357 0 0 0 0 0 0
0 401 108.281 0.0172551 26.408 0.00920031 113.354 0.0206946 0 0 0 0 0 0
0 402 108.773 0.0174754 26.6049 0.0146238 114.046 0.0119916 0 0 0 0 0 0
0 403 109.33 0.0118145 26.9052 0.0105788 114.582 0.0221598 0 0 0 0 0 0
0 404 109.944 0.00998719 27.1906 0.0121044 115.171 0.0205919 0 0 0 0 0 0
0 405 110.521 0.0309352 27.4326 0.00985082 115.68 0.0185388 0 0 0 0 0 0
0 406 111.154 0.0179471 27.6898 0.00876083 116.317 0.0243195 0 0 0 0 0 0
0 407 111.688 0.0180919 27.9783 0.00493337 116.933 0.020453 0 0 0 0 0 0
0 408 112.227 0.0230492 28.2061 0.0113441 117.498 0.0271249 0 0 0 0 0 0
0 409 112.91 0.0178777 28.5794 0.0110073 118.034 0.0247951 0 0 0 0 0 0
0 410 113.534 0.0260115 28.7651 0.0130218 118.571 0.0336357 0 0 0 0 0 0
0 411 114.13 0.027854 29.0292 0.00748343 119.161 0.0296056 0 0 0 0 0 0
0 412 114.745 0.0344947 29.3122 0.00541017 119.672 0.0301392 0 0 0 0 0 0
0 413 115.4 0.0279669 29.5688 0.00479835 120.313 0.0252032 0 0 0 0 0 0
0 414 116.218 0.0279412 29.8235 0.00455145 120.785 0.0259169 0 0 0 0 0 0
0 415 116.781 0.0286805 30.1689 0.00719455 121.38 0.0267825 0 0 0 0 0 0
0 416 117.493 0.0436812 30.4149 0.00621297 121.986 0.0269899 0 0 0 0 0 0
0 417 118.11 0.0339684 30.696 0.00829915 122.641 0.0212703 0 0 0 0 0 0
0 418 118.827 0.034414 31.051 0.00607187 123.216 0.0258563 0 0 0 0 0 0
0 419 119.518 0.0442466 31.3296 0.00416844 123.777 0.0149506 0 0 0 0 0 0
0 420 120.282 0.0458439 31.611 0.00876326 124.255 0.0154261 0 0 0 0 0 0
0 421 120.972 0.0445834 31.9339 0.00376387 124.863 0.0246309 0 0 0 0 0 0
0 422 121.697 0.0392394 32.1422 0.00611907 125.515 0.0307156 0 0 0 0 0 0
0 423 122.506 0.0365551 32.4206 0.00622202 126.031 0.0172708 0 0 0 0 0 0
0 424 123.217 0.0391084 32.7098 0.00982927 126.714 0.0354104 0 0 0 0 0 0
0 425 124.065 0.0429955 32.9835 0.00862383 127.316 0.0310682 0 0 0 0 0 0
0 426 124.902 0.0474973 33.3104 0.00863253 128.002 0.0245899 0 0 0 0 0 0
0 427 125.705 0.0489522 33.6086 0.00637397 128.55 0.0306388 0 0 0 0 0 0
0 428 126.402 0.0414747 33.8745 0.00595006 129.123 0.0314952 0 0 0 0 0 0
0 429 127.06 0.036607 34.1536 0.00585493 129.866 0.022613 0 0 0 0 0 0
0 430 127.854 0.0390934 34.4321 0.00747877 130.402 0.0351516 0 0 0 0 0 0
0 431 128.738 0.0397273 34.6557 0.00655519 131.186 0.0305725 0 0 0 0 0 0
0 432 129.563 0.0490829 34.873 0.00711396 131.778 0.018594 0 0 0 0 0 0
0 433 130.345 0.0568549 35.1135 0.0173924 132.368 0.0278223 0 0 0 0 0 0
0 434 131.218 0.0487108 35.4229 0.0171943 133.036 0.0221787 0 0 0 0 0 0
0 435 132.007 0.0391039 35.7154 0.0169868 133.703 0.0163091 0 0 0 0 0 0
0 436 132.872 0.0373713 35.8926 0.0199549 134.306 0.0112563 0 0 0 0 0 0
0 437 133.592 0.0301976 36.0875 0.00924296 134.922 0.0249458 0 0 0 0 0 0
0 438 134.366 0.0306028 36.3315 0.00706571 135.636 0.0200421 0 0 0 0 0 0
0 439 135.41 0.0363965 36.6083 0.00824782 136.209 0.0150647 0 0 0 0 0 0
0 440 136.137 0.0464555 36.8868 0.00812132 136.886 0.00914341 0 0 0 0 0 0
0 441 136.953 0.0422419 37.0407 0.0108935 137.541 0.0139969 0 0 0 0 0 0
0 442 137.832 0.0463194 37.3365 0.0105943 138.109 0.0139312 0 0 0 0 0 0
0 443 138.678 0.0526879 37.5673 0.0107341 138.835 0.0152418 0 0 0 0 0 0
0 444 139.512 0.0342354 37.8088 0.0101327 139.6 0.0185441 0 0 0 0 0 0
0 445 140.45 0.0412734 37.9857 0.0161018 140.161 0.0204076 0 0 0 0 0 0
0 446 141.246 0.037794 38.1951 0.0160255 140.845 0.012051 0 0 0 0 0 0
0 447 142.223 0.0274517 38.2698 0.0158806 141.61 0.0187068 0 0 0 0 0 0
0 448 143.213 0.0261772 38.4568 0.0209962 142.305 0.0115258 0 0 0 0 0 0
0 449 143.904 0.0308035 38.6426 0.0155377 143.084 0.0136666 0 0 0 0 0 0
0 450 144.869 0.0273733 38.8189 0.0153875 143.635 0.0192959 0 0 0 0 0 0
0 451 145.678 0.0214345 38.8752 0.015083 144.193 0.0219438 0 0 0 0 0 0
0 452 146.47 0.0295165 39.1308 0.0115231 145.003 0.0256687 0 0 0 0 0 0
0 453 147.486 0.0339495 39.3915 0.0162633 145.667 0.0256995 0 0 0 0 0 0
0 454 148.33 0.0496896 39.5479 0.0100061 146.419 0.0297843 0 0 0 0 0 0
0 455 149.099 0.045232 39.6871 0.0098275 147.048 0.0295024 0 0 0 0 0 0
0 456 149.926 0.0364189 39.8237 0.0116536 147.709 0.0154889 0 0 0 0 0 0
0 457 150.955 0.0379937 40.0659 0.0137078 148.377 0.0172523 0 0 0 0 0 0
0 458 151.833 0.0456598 40.1709 0.00931344 149.078 0.0202863 0 0 0 0 0 0
0 459 152.749 0.037609 40.2314 0.00730305 149.786 0.0220202 0 0 0 0 0 0
0 460 153.506 0.034897 40.2759 0.011543 150.527 0.0183785 0 0 0 0 0 0
0 461 154.285 0.0358035 40.3828 0.0114952 151.24 0.0139423 0 0 0 0 0 0
0 462 155.167 0.0350511 40.4989 0.0141454 151.887 0.0175294 0 0 0 0 0 0
0 463 156.08 0.031617 40.6824 0.0177785 152.623 0.0130585 0 0 0 0 0 0
0 464 156.826 0.0330793 40.8342 0.00929361 153.241 0.0301121 0 0 0 0 0 0
0 465 157.579 0.0450546 40.8194 0.00682746 154.126 0.0393312 0 0 0 0 0 0
0 466 158.348 0.0428456 40.87 0.00520879 154.727 0.0301206 0 0 0 0 0 0
0 467 159.251 0.0355683 40.9711 0.0107041 155.47 0.0200786 0 0 0 0 0 0
0 468 160.201 0.0443675 41.2044 0.00667368 156.243 0.0131164 0 0 0 0 0 0
0 469 160.963 0.0199578 41.2693 0.00560949 156.939 0.0133349 0 0 0 0 0 0
0 470 161.727 0.0309281 41.3565 0.00492979 157.676 0.0216915 0 0 0 0 0 0
0 471 162.499 0.0261216 41.5025 0.0113101 158.468 0.021176 0 0 0 0 0 0
0 472 163.4 0.0300632 41.4774 0.00958501 159.064 0.016148 0 0 0 0 0 0
0 473 164.157 0.0193051 41.552 0.00357876 159.866 0.0158671 0 0 0 0 0 0
0 474 164.884 0.0286109 41.6975 0.00676043 160.623 0.0208166 0 0 0 0 0 0
0 475 165.65 0.0212356 41.7845 0.0168107 161.208 0.00937753 0 0 0 0 0 0
0 476 166.343 0.0220729 41.8292 0.0184483 161.897 0.0141953 0 0 0 0 0 0
0 477 167.107 0.033137 41.8747 0.0187507 162.717 0.0143648 0 0 0 0 0 0
0 478 167.906 0.0481093 42.0244 0.0102859 163.472 0.0103558 0 0 0 0 0 0
0 479 168.621 0.0368858 42.173 0.00979594 164.16 0.0170458 0 0 0 0 0 0
0 480 169.503 0.0212427 42.1399 0.00249643 164.927 0.0206699 0 0 0 0 0 0
0 481 170.226 0.0307063 42.2841 0.00897099 165.586 0.0171633 0 0 0 0 0 0
0 482 170.938 0.0248529 42.3168 0.0174505 166.357 0.0216214 0 0 0 0 0 0
0 483 171.677 0.0226878 42.4395 0.0109962 167.178 0.0106319 0 0 0 0 0 0
0 484 172.227 0.0283764 42.4135 0.0113373 167.864 0.0172495 0 0 0 0 0 0
0 485 173.072 0.0106146 42.4731 0.0106146 168.607 0.00888203 0 0 0 0 0 0
0 486 173.844 0.0140365 42.5413 0.0118392 169.272 0.00877653 0 0 0 0 0 0
0 487 174.479 0.0284542 42.7982 0.0152981 170.092 0.0111156 0 0 0 0 0 0
0 488 175.133 0.014557 42.9161 0.0096304 170.748 0.0180685 0 0 0 0 0 0
0 489 175.883 0.0130302 43.0413 0.014783 171.424 0.0107676 0 0 0 0 0 0
0 490 176.551 0.0180075 43.0078 0.0223209 172.132 0.00787454 0 0 0 0 0 0
0 491 177.122 0.0230989 43.1889 0.0240551 172.947 0.00349787 0 0 0 0 0 0
0 492 177.876 0.0177339 43.2762 0.0198047 173.726 0.00328898 0 0 0 0 0 0
0 493 178.566 0.0114226 43.3742 0.00893146 174.364 0.00671557 0 0 0 0 0 0
0 494 179.172 0.0088665 43.4934 0.0121572 175.288 0.00932078 0 0 0 0 0 0
0 495 179.948 0.0103102 43.664 0.0109717 175.984 0.01023 0 0 0 0 0 0
0 496 180.492 0.0133169 43.7197 0.00979585 176.692 0.0134127 0 0 0 0 0 0
0 497 181.185 0.0110317 43.7989 0.00991884 177.476 0.011805 0 0 0 0 0 0
0 498 181.903 0.02412 44.0387 0.0104931 178.169 0.0130261 0 0 0 0 0 0
0 499 182.338 0.0183871 44.0119 0.00745415 178.786 0.0240976 0 0 0 0 0 0


