# every column is followed by the variance. Then you have the following: 
#g(0, 0), different atom index: 4
#g(0, 0), same atom index: 10
#g(0, 1), different atom index: 0
#g(0, 1), same atom index: 6
#g(1, 1), different atom index: 2
#g(1, 1), same atom index: 8
0 0 0 0 0 0 0 0 0 0 125 0 250 0
0 1 0 0 0 0 0 0 0 0 0 0 0 0
0 2 0 0 0 0 0 0 0 0 0 0 0 0
0 3 0 0 0 0 0 0 0 0 0 0 0 0
0 4 0 0 0 0 0 0 0 0 0 0 0 0
0 5 0 0 0 0 0 0 0 0 0 0 0 0
0 6 0 0 0 0 0 0 0 0 0 0 0 0
0 7 0 0 0 0 0 0 0 0 0 0 0 0
0 8 0 0 0 0 0 0 0 0 0 0 0 0
0 9 0 0 0 0 0 0 0 0 0 0 0 0
0 10 0 0 0 0 0 0 0 0 0 0 0 0
0 11 0 0 0 0 0 0 0 0 0 0 0 0
0 12 0 0 0 0 0 0 0 0 0 0 0 0
0 13 0 0 0 0 0 0 0 0 0 0 0 0
0 14 0 0 0 0 0 0 0 0 0 0 0 0
0 15 0 0 0 0 0 0 0 0 0 0 0 0
0 16 0 0 0 0 0 0 0 0 0 0 0 0
0 17 0 0 0 0 0 0 0 0 0 0 0 0
0 18 0 0 0 0 0 0 0 0 0 0 0 0
0 19 0 0 0 0 0 0 0 0 0 0 0 0
0 20 0 0 0 0 0 0 0 0 0 0 0 0
0 21 0 0 0 0 0 0 0 0 0 0 0 0
0 22 0 0 0 0 0 0 0 0 0 0 0 0
0 23 0 0 0 0 0 0 0 0 0 0 0 0
0 24 0 0 0 0 0 0 0 0 0 0 0 0
0 25 0 0 0 0 0 0 0 0 0 0 0 0
0 26 0 0 0 0 0 0 0 0 0 0 0 0
0 27 0 0 0 0 0 0 0 0 0 0 0 0
0 28 0 0 0 0 0 0 0 0 0 0 0 0
0 29 0 0 0 0 0 0 0 0 0 0 0 0
0 30 0 0 0 0 0 0 0 0 0 0 0 0
0 31 0 0 0 0 0 0 0 0 0 0 0 0
0 32 0 0 0 0 0 0 0 0 0 0 0 0
0 33 0 0 0 0 0 0 0 0 0 0 0 0
0 34 0 0 0 0 0 0 0 0 0 0 0 0
0 35 0 0 0 0 0 0 0 0 0 0 0 0
0 36 0 0 0 0 0 0 0 0 0 0 0 0
0 37 0 0 0 0 0 0 0 0 0 0 0 0
0 38 0 0 0 0 0 0 0 0 0 0 0 0
0 39 0 0 0 0 0 0 0 0 0 0 0 0
0 40 0 0 0 0 0 0 0 0 0 0 0 0
0 41 0 0 0 0 0 0 0 0 0 0 0 0
0 42 0 0 0 0 0 0 0 0 0 0 0 0
0 43 0 0 0 0 0 0 0 0 0 0 0 0
0 44 0 0 0 0 0 0 0 0 0 0 0 0
0 45 0 0 0 0 0 0 0 0 0 0 0 0
0 46 0 0 0 0 0 0 0 0 0 0 0 0
0 47 0 0 0 0 0 0 0 0 0 0 0 0
0 48 0 0 0 0 0 0 0 0 0 0 0 0
0 49 0 0 0 0 0 0 0 0 0 0 0 0
0 50 0 0 0 0 0 0 0 0 0 0 0 0
0 51 0 0 0 0 0 0 0 0 0 0 0 0
0 52 0 0 0 0 0 0 0 0 0 0 0 0
0 53 0 0 0 0 0 0 0 0 0 0 0 0
0 54 0 0 0 0 0 0 0 0 0 0 0 0
0 55 0 0 0 0 0 0 0 0 0 0 0 0
0 56 0 0 0 0 0 0 0 0 0 0 0 0
0 57 0.0008 1.16622e-07 0 0 0 0 0 0 0 0 0 0
0 58 0.016928 3.63395e-06 0 0 0 0 0 0 0 0 0 0
0 59 0.192848 9.38468e-05 0 0 0 0 0 0 0 0 0 0
0 60 1.34134 0.0013342 0 0 0 0 0 0 0 0 0 0
0 61 6.13258 0.00567699 0 0 0 0 0 0 0 0 0 0
0 62 19.1775 0.0153788 0 0 0 0 0 0 0 0 0 0
0 63 42.4309 0.0164895 0 0 0 0 0 0 0 0 0 0
0 64 69.9558 0.107504 0 0 0 0 0 0 0 0 0 0
0 65 88.8534 0.224749 0 0 0 0 0 0 0 0 0 0
0 66 89.1995 0.0965322 0 0 0 0 0 0 0 0 0 0
0 67 73.022 0.0187819 0 0 0 0 0 0 0 0 0 0
0 68 50.1805 0.0262714 0 0 0 0 0 0 0 0 0 0
0 69 29.9175 0.0406929 0 0 0 0 0 0 0 0 0 0
0 70 15.8633 0.0436072 0 0 0 0 0 0 0 0 0 0
0 71 7.63078 0.033081 0 0 0 0 0 0 0 0 0 0
0 72 3.41962 0.0169655 0 0 0 0 0 0 0 0 0 0
0 73 1.47867 0.00742503 0 0 0 0 0 0 0 0 0 0
0 74 0.634304 0.00275857 0 0 0 0 0 0 0 0 0 0
0 75 0.280112 0.00131775 0 0 0 0 0 0 0 0 0 0
0 76 0.1248 0.000571166 0 0 0 0 0 0 0 0 0 0
0 77 0.062384 0.000285192 0 0 0 0 0 0 0 0 0 0
0 78 0.034112 0.000137308 0 0 0 0 0 0 0 0 0 0
0 79 0.020816 7.59594e-05 0 0 3.2e-05 1.024e-09 0 0 0 0 0 0
0 80 0.014576 4.55466e-05 0 0 6.4e-05 4.096e-09 0 0 0 0 0 0
0 81 0.012032 3.59138e-05 0 0 8e-05 4.12444e-09 0 0 0 0 0 0
0 82 0.013728 4.99017e-05 0 0 0.000128 8.98844e-09 0 0 0 0 0 0
0 83 0.01552 5.08939e-05 0 0 0.00016 1.024e-08 0 0 0 0 0 0
0 84 0.02168 9.42821e-05 0 0 0.0004 3.31378e-08 0 0 0 0 0 0
0 85 0.029712 0.00016439 0 0 0.001232 7.22773e-08 0 0 0 0 0 0
0 86 0.035856 0.000210828 0 0 0.003376 9.98116e-08 0 0 0 0 0 0
0 87 0.04768 0.000267762 0 0 0.007856 4.05874e-07 0 0 0 0 0 0
0 88 0.061472 0.000364319 0 0 0.018768 1.57756e-06 0 0 0 0 0 0
0 89 0.084672 0.000490804 0 0 0.04456 6.6277e-06 0 0 0 0 0 0
0 90 0.116512 0.000692201 0 0 0.099392 2.04861e-05 0 0 0 0 0 0
0 91 0.157904 0.000880765 0 0 0.2008 3.40656e-05 0 0 0 0 0 0
0 92 0.219792 0.0010815 0 0 0.398832 7.7572e-05 0 0 0 0 0 0
0 93 0.302944 0.00134713 0 0 0.746976 0.000126647 0 0 0 0 0 0
0 94 0.40528 0.00145836 0 0 1.31398 0.000195326 0 0 0 0 0 0
0 95 0.557488 0.00172346 0 0 2.18227 0.000344458 0 0 0 0 0 0
0 96 0.742512 0.0021037 0 0 3.44488 0.000541219 0 0 0 0 0 0
0 97 0.996432 0.00252267 0 0 5.18 0.000937375 0 0 0 0 0 0
0 98 1.29627 0.0032676 0 0 7.35742 0.0012488 0 0 0 0 0 0
0 99 1.6647 0.00342171 0 0 9.96168 0.00413271 0 0 0 0 0 0
0 100 2.09202 0.00387183 0 0 12.8092 0.00596474 0 0 0 0 0 0
0 101 2.57269 0.00376877 0 0 15.6927 0.00816746 0 0 0 0 0 0
0 102 3.13922 0.00441284 0 0 18.2628 0.0110603 0 0 0 0 0 0
0 103 3.76067 0.00482058 0 0 20.2252 0.00958127 0 0 0 0 0 0
0 104 4.46757 0.00441204 0 0 21.344 0.00662988 0 0 0 0 0 0
0 105 5.18093 0.00484742 0 0 21.5257 0.003412 0 0 0 0 0 0
0 106 5.96323 0.00610536 0 0 20.6535 0.00205518 0 0 0 0 0 0
0 107 6.73899 0.00518325 0 0 18.9294 0.00212484 0 0 0 0 0 0
0 108 7.53312 0.00473668 0 0 16.6169 0.00237823 0 0 0 0 0 0
0 109 8.31638 0.00306151 0 0 13.9876 0.00382826 0 0 0 0 0 0
0 110 9.0776 0.00219033 0 0 11.2637 0.00526449 0 0 0 0 0 0
0 111 9.78979 0.0034189 0 0 8.75539 0.00818831 0 0 0 0 0 0
0 112 10.4252 0.00303841 0 0 6.59101 0.00647633 0 0 0 0 0 0
0 113 11.0007 0.0026065 0 0 4.81219 0.00818129 0 0 0 0 0 0
0 114 11.522 0.00289702 0 0 3.4696 0.00792886 0 0 0 0 0 0
0 115 11.9396 0.00305441 0 0 2.51504 0.00743939 0 0 0 0 0 0
0 116 12.26 0.00196502 0 0 1.86667 0.00569989 0 0 0 0 0 0
0 117 12.4958 0.000944086 0 0 1.48914 0.00498066 0 0 0 0 0 0
0 118 12.6597 0.00119712 0 0 1.31954 0.00491049 0 0 0 0 0 0
0 119 12.7103 0.000947139 0 0 1.30048 0.00348979 0 0 0 0 0 0
0 120 12.7078 0.000450367 0 0 1.38331 0.0031869 0 0 0 0 0 0
0 121 12.6066 0.000895047 0 0 1.55315 0.00303141 0 0 0 0 0 0
0 122 12.4188 0.000244984 0 0 1.81037 0.00279395 0 0 0 0 0 0
0 123 12.1821 0.000586701 0 0 2.13357 0.00271391 0 0 0 0 0 0
0 124 11.9289 0.00127022 0 0 2.49491 0.00235446 0 0 0 0 0 0
0 125 11.592 0.00084692 0 0 2.91237 0.00237437 0 0 0 0 0 0
0 126 11.241 0.000596983 0 0 3.36733 0.00307309 0 0 0 0 0 0
0 127 10.9116 0.0011102 0 0 3.8677 0.00320947 0 0 0 0 0 0
0 128 10.4695 0.00152504 0 0 4.44438 0.00356812 0 0 0 0 0 0
0 129 10.1068 0.00180877 0 0 5.05781 0.00350349 0 0 0 0 0 0
0 130 9.67741 0.00205306 0 0 5.71278 0.00372274 0 0 0 0 0 0
0 131 9.2755 0.00219248 0 0 6.43024 0.00394958 0 0 0 0 0 0
0 132 8.89421 0.00251272 0 0 7.20939 0.0040257 0 0 0 0 0 0
0 133 8.53211 0.00188727 0 0 8.03531 0.00389088 0 0 0 0 0 0
0 134 8.14848 0.00150228 0 0 8.85128 0.00431884 0 0 0 0 0 0
0 135 7.74296 0.00210081 0 0 9.7211 0.00366984 0 0 0 0 0 0
0 136 7.40403 0.00176613 0 0 10.6217 0.00420173 0 0 0 0 0 0
0 137 7.07165 0.00249197 0 0 11.528 0.00500492 0 0 0 0 0 0
0 138 6.74843 0.0024158 0 0 12.4293 0.00489087 0 0 0 0 0 0
0 139 6.42618 0.00221484 0 0 13.346 0.0034801 0 0 0 0 0 0
0 140 6.12661 0.00179822 0 0 14.2888 0.00378337 0 0 0 0 0 0
0 141 5.85856 0.00144282 0 0 15.2452 0.00267095 0 0 0 0 0 0
0 142 5.59037 0.00220491 0 0 16.1337 0.00433177 0 0 0 0 0 0
0 143 5.33123 0.00170762 0 0 17.0063 0.00395454 0 0 0 0 0 0
0 144 5.11363 0.000992826 0 0 17.81 0.00495842 0 0 0 0 0 0
0 145 4.89898 0.00138582 0 0 18.5764 0.00291133 0 0 0 0 0 0
0 146 4.67363 0.00156355 0 0 19.3478 0.00326652 0 0 0 0 0 0
0 147 4.48594 0.0015993 0 0 20.0502 0.00231767 0 0 0 0 0 0
0 148 4.32315 0.00124715 0.000176 3.0976e-08 20.7104 0.00264435 0 0 0 0 0 0
0 149 4.18102 0.000923955 0.000128 7.28178e-09 21.2759 0.00300102 0 0 0 0 0 0
0 150 4.03768 0.000960693 0.000288 2.20729e-08 21.8159 0.00225615 0 0 0 0 0 0
0 151 3.91994 0.0012607 0.000608 5.79129e-08 22.2552 0.00256306 0 0 0 0 0 0
0 152 3.81254 0.00137904 0.002224 4.3318e-07 22.6359 0.00391359 0 0 0 0 0 0
0 153 3.71904 0.0014257 0.003264 6.79936e-07 22.9112 0.00211207 0 0 0 0 0 0
0 154 3.6512 0.00111595 0.00552 1.85301e-06 23.1332 0.00263429 0 0 0 0 0 0
0 155 3.56768 0.00127893 0.013776 1.04377e-05 23.3511 0.00356594 0 0 0 0 0 0
0 156 3.52378 0.00157287 0.026928 2.93029e-05 23.4502 0.0050029 0 0 0 0 0 0
0 157 3.50102 0.00137453 0.0468 6.09179e-05 23.5183 0.00470522 0 0 0 0 0 0
0 158 3.45872 0.00087169 0.085616 0.000165873 23.505 0.00469315 0 0 0 0 0 0
0 159 3.45683 0.000951744 0.150816 0.000352356 23.408 0.00459513 0 0 0 0 0 0
0 160 3.4415 0.00123563 0.2448 0.000824232 23.3466 0.00483362 0 0 0 0 0 0
0 161 3.45581 0.00118133 0.391488 0.00138139 23.152 0.0054589 0 0 0 0 0 0
0 162 3.47173 0.00133078 0.586656 0.00182765 22.936 0.00218258 0 0 0 0 0 0
0 163 3.51418 0.00135909 0.855904 0.00244168 22.6973 0.00399729 0 0 0 0 0 0
0 164 3.57227 0.00134622 1.22349 0.00317271 22.4457 0.00370573 0 0 0 0 0 0
0 165 3.65714 0.00118315 1.67304 0.00453246 22.156 0.00235197 0 0 0 0 0 0
0 166 3.74251 0.00134295 2.23214 0.00649017 21.8258 0.00181133 0 0 0 0 0 0
0 167 3.8752 0.00174773 2.87211 0.0061083 21.5415 0.00433587 0 0 0 0 0 0
0 168 4.00264 0.0013341 3.68054 0.00768972 21.1852 0.0019203 0 0 0 0 0 0
0 169 4.1704 0.0013218 4.55963 0.00713841 20.7966 0.00220754 0 0 0 0 0 0
0 170 4.37923 0.0012613 5.54862 0.00756364 20.4269 0.0027495 0 0 0 0 0 0
0 171 4.59965 0.0015808 6.60565 0.00621199 20.11 0.00208719 0 0 0 0 0 0
0 172 4.86957 0.00161027 7.67162 0.00728977 19.761 0.00254052 0 0 0 0 0 0
0 173 5.16358 0.00182979 8.72275 0.00656267 19.4476 0.00279324 0 0 0 0 0 0
0 174 5.46939 0.00152786 9.84022 0.00626874 19.0943 0.00378543 0 0 0 0 0 0
0 175 5.83822 0.00222657 10.8837 0.00477194 18.7869 0.00532268 0 0 0 0 0 0
0 176 6.238 0.00208977 11.8149 0.00529013 18.505 0.00598255 0 0 0 0 0 0
0 177 6.68806 0.002753 12.6803 0.00370108 18.2379 0.00641606 0 0 0 0 0 0
0 178 7.16306 0.00213247 13.4201 0.00315442 18.0507 0.00530779 0 0 0 0 0 0
0 179 7.68086 0.00395292 14.1306 0.00325857 17.8605 0.00581861 0 0 0 0 0 0
0 180 8.2984 0.00287604 14.6371 0.00449591 17.6407 0.00641002 0 0 0 0 0 0
0 181 8.96784 0.00401228 14.9662 0.00212324 17.442 0.00558148 0 0 0 0 0 0
0 182 9.67986 0.00332346 15.1726 0.00101998 17.3471 0.00691254 0 0 0 0 0 0
0 183 10.4732 0.00492325 15.2579 0.000826635 17.2362 0.00773594 0 0 0 0 0 0
0 184 11.3395 0.00428701 15.1532 0.00221604 17.1672 0.00741481 0 0 0 0 0 0
0 185 12.2684 0.00333015 15.0076 0.00213996 17.1095 0.00602748 0 0 0 0 0 0
0 186 13.3062 0.00433252 14.7899 0.0015397 17.0828 0.00530464 0 0 0 0 0 0
0 187 14.3387 0.00421885 14.4622 0.00196359 17.0982 0.00621281 0 0 0 0 0 0
0 188 15.4671 0.00379188 14.1529 0.00405931 17.1471 0.00541516 0 0 0 0 0 0
0 189 16.6238 0.0076288 13.6571 0.00347306 17.202 0.00675282 0 0 0 0 0 0
0 190 17.8551 0.00712625 13.2287 0.00320664 17.2596 0.00837002 0 0 0 0 0 0
0 191 19.1571 0.00877051 12.7546 0.00291825 17.4328 0.00757141 0 0 0 0 0 0
0 192 20.5134 0.00710186 12.2905 0.0037253 17.5839 0.00929071 0 0 0 0 0 0
0 193 21.9188 0.00886697 11.7876 0.0036053 17.8072 0.00848582 0 0 0 0 0 0
0 194 23.3804 0.00675859 11.3384 0.00285314 18.0012 0.00759627 0 0 0 0 0 0
0 195 24.8908 0.00695562 10.8695 0.00704609 18.2166 0.00915487 0 0 0 0 0 0
0 196 26.3956 0.00652462 10.4835 0.00583726 18.476 0.0103653 0 0 0 0 0 0
0 197 27.9464 0.00815739 9.98141 0.00389569 18.761 0.0054274 0 0 0 0 0 0
0 198 29.5509 0.00647778 9.60723 0.00182481 19.0671 0.00712014 0 0 0 0 0 0
0 199 31.1361 0.00562887 9.25146 0.00532016 19.4072 0.00433826 0 0 0 0 0 0
0 200 32.7518 0.00772739 8.884 0.00525143 19.7257 0.00358567 0 0 0 0 0 0
0 201 34.3064 0.00473709 8.546 0.00645022 20.107 0.0033822 0 0 0 0 0 0
0 202 35.8325 0.00868205 8.20456 0.00390386 20.5213 0.00442068 0 0 0 0 0 0
0 203 37.3786 0.0108862 7.88926 0.00418877 20.9578 0.00349057 0 0 0 0 0 0
0 204 38.8529 0.0127528 7.6571 0.00397238 21.4198 0.00393786 0 0 0 0 0 0
0 205 40.3437 0.0115181 7.42632 0.00326374 21.8488 0.00286965 0 0 0 0 0 0
0 206 41.7564 0.0102414 7.23978 0.00228888 22.2995 0.00300643 0 0 0 0 0 0
0 207 43.0489 0.00587548 7.06027 0.00373792 22.7998 0.00289718 0 0 0 0 0 0
0 208 44.3311 0.00959618 6.90912 0.00370046 23.3051 0.00572576 0 0 0 0 0 0
0 209 45.4452 0.00978418 6.78723 0.00392622 23.8513 0.00513918 0 0 0 0 0 0
0 210 46.4925 0.00951462 6.68133 0.00386093 24.3728 0.0038154 0 0 0 0 0 0
0 211 47.384 0.00764098 6.55992 0.00261753 24.9473 0.0026189 0 0 0 0 0 0
0 212 48.3032 0.0062199 6.48363 0.00316858 25.492 0.00385567 0 0 0 0 0 0
0 213 49.0798 0.00842555 6.4491 0.0028947 26.119 0.00460216 0 0 0 0 0 0
0 214 49.8196 0.00531427 6.3548 0.00290116 26.7823 0.00429018 0 0 0 0 0 0
0 215 50.3509 0.00693898 6.2969 0.00312734 27.3516 0.00350738 0 0 0 0 0 0
0 216 50.8782 0.00608319 6.31166 0.00145643 28.0235 0.00400792 0 0 0 0 0 0
0 217 51.2781 0.004972 6.32294 0.00382476 28.7172 0.00312526 0 0 0 0 0 0
0 218 51.5269 0.00615708 6.30397 0.00457894 29.3604 0.00188573 0 0 0 0 0 0
0 219 51.7833 0.00483361 6.3463 0.00191737 30.0344 0.00273699 0 0 0 0 0 0
0 220 52.0125 0.00441703 6.3815 0.00235865 30.732 0.00267239 0 0 0 0 0 0
0 221 52.0935 0.0033886 6.46026 0.00290068 31.443 0.0037106 0 0 0 0 0 0
0 222 52.1896 0.0075328 6.56933 0.00373724 32.1632 0.00163575 0 0 0 0 0 0
0 223 52.1164 0.00778928 6.58306 0.0034779 32.9204 0.00308905 0 0 0 0 0 0
0 224 51.9659 0.00467702 6.64741 0.00203487 33.6775 0.00167449 0 0 0 0 0 0
0 225 51.8549 0.00477195 6.73091 0.00464831 34.4204 0.00146266 0 0 0 0 0 0
0 226 51.6805 0.00591176 6.80139 0.00444883 35.2199 0.00290014 0 0 0 0 0 0
0 227 51.472 0.00808289 6.91578 0.00424496 36.0125 0.00340768 0 0 0 0 0 0
0 228 51.3794 0.00640399 6.99688 0.00297771 36.8252 0.00225607 0 0 0 0 0 0
0 229 51.0863 0.00485405 7.1277 0.00257762 37.6043 0.00281865 0 0 0 0 0 0
0 230 50.7576 0.00472874 7.26733 0.00164772 38.4108 0.00297422 0 0 0 0 0 0
0 231 50.4956 0.00526449 7.39646 0.00210255 39.2195 0.00235471 0 0 0 0 0 0
0 232 50.1238 0.00442075 7.51712 0.00347718 40.0442 0.0013902 0 0 0 0 0 0
0 233 49.94 0.00872446 7.63664 0.00286155 40.8595 0.00189038 0 0 0 0 0 0
0 234 49.6865 0.00640135 7.75982 0.00197079 41.6834 0.00303446 0 0 0 0 0 0
0 235 49.4451 0.00678844 7.88891 0.0020951 42.5119 0.00515982 0 0 0 0 0 0
0 236 49.1968 0.00573011 8.01552 0.00151464 43.3142 0.00498414 0 0 0 0 0 0
0 237 48.98 0.00792349 8.13237 0.0025647 44.1164 0.00351614 0 0 0 0 0 0
0 238 48.7952 0.00604051 8.30706 0.00298203 44.902 0.00311947 0 0 0 0 0 0
0 239 48.5711 0.00414072 8.46352 0.00309126 45.7164 0.0027948 0 0 0 0 0 0
0 240 48.3719 0.0108798 8.63637 0.00262208 46.4913 0.00161316 0 0 0 0 0 0
0 241 48.2733 0.00928175 8.82456 0.00265296 47.2496 0.00351338 0 0 0 0 0 0
0 242 48.1063 0.0134183 8.98061 0.00212778 47.911 0.00213096 0 0 0 0 0 0
0 243 48.1507 0.0154473 9.18992 0.00197526 48.6335 0.00296069 0 0 0 0 0 0
0 244 48.092 0.0131833 9.27938 0.00307758 49.3445 0.00422528 0 0 0 0 0 0
0 245 48.0466 0.0174229 9.46496 0.0035829 50.0423 0.00329815 0 0 0 0 0 0
0 246 48.0242 0.017075 9.6676 0.00205175 50.7352 0.00464843 0 0 0 0 0 0
0 247 47.9643 0.0166407 9.83434 0.00220277 51.3283 0.00294365 0 0 0 0 0 0
0 248 48.0014 0.0152796 10.0324 0.00224074 51.9458 0.00411897 0 0 0 0 0 0
0 249 48.063 0.0072411 10.2118 0.00170576 52.5151 0.00530935 0 0 0 0 0 0
0 250 48.0985 0.0100127 10.417 0.00172965 53.0292 0.00757709 0 0 0 0 0 0
0 251 48.193 0.00757174 10.5797 0.00217069 53.4381 0.00606237 0 0 0 0 0 0
0 252 48.3491 0.00604788 10.7523 0.00304236 53.9471 0.00467285 0 0 0 0 0 0
0 253 48.5456 0.00698956 10.9276 0.00316355 54.3739 0.00262774 0 0 0 0 0 0
0 254 48.6981 0.00697746 11.151 0.00263286 54.8223 0.00382866 0 0 0 0 0 0
0 255 48.8456 0.0051144 11.2817 0.00220332 55.234 0.00415444 0 0 0 0 0 0
0 256 48.9658 0.00550798 11.5505 0.00299447 55.5411 0.00542285 0 0 0 0 0 0
0 257 49.2118 0.00740235 11.7438 0.0023874 55.9111 0.00500568 0 0 0 0 0 0
0 258 49.3601 0.00882247 11.8976 0.00235742 56.2494 0.00250185 0 0 0 0 0 0
0 259 49.5111 0.0060456 12.0622 0.00180865 56.4962 0.00461987 0 0 0 0 0 0
0 260 49.8028 0.00868977 12.3228 0.00238924 56.7374 0.00207169 0 0 0 0 0 0
0 261 49.9981 0.00977517 12.5617 0.00186083 57.0024 0.00509214 0 0 0 0 0 0
0 262 50.3457 0.00945001 12.7948 0.000400394 57.241 0.00285339 0 0 0 0 0 0
0 263 50.568 0.00448515 12.8928 0.00182498 57.4133 0.00409557 0 0 0 0 0 0
0 264 50.7778 0.00641328 13.0538 0.00149747 57.6594 0.0037133 0 0 0 0 0 0
0 265 51.0596 0.00640857 13.2385 0.00154479 57.8113 0.00481336 0 0 0 0 0 0
0 266 51.3841 0.0114971 13.5063 0.00145459 57.9658 0.00356958 0 0 0 0 0 0
0 267 51.6029 0.0112296 13.7393 0.0014341 58.1809 0.00759947 0 0 0 0 0 0
0 268 51.8643 0.00601681 13.8944 0.00197857 58.3225 0.0105778 0 0 0 0 0 0
0 269 52.0596 0.00338052 14.1207 0.00294735 58.554 0.00815025 0 0 0 0 0 0
0 270 52.3526 0.00800982 14.3502 0.00320145 58.755 0.016032 0 0 0 0 0 0
0 271 52.6447 0.0112802 14.5309 0.00427377 58.9269 0.00953716 0 0 0 0 0 0
0 272 52.8948 0.00794882 14.7513 0.00326283 59.1398 0.00448289 0 0 0 0 0 0
0 273 53.1713 0.00910959 14.9081 0.00340001 59.3957 0.00309052 0 0 0 0 0 0
0 274 53.5063 0.00812792 15.1348 0.00272251 59.6026 0.00440233 0 0 0 0 0 0
0 275 53.7803 0.00788801 15.2855 0.00298129 59.8073 0.00451171 0 0 0 0 0 0
0 276 54.1115 0.00999136 15.4606 0.00485256 59.9685 0.00350528 0 0 0 0 0 0
0 277 54.4991 0.0130559 15.7164 0.00432726 60.1867 0.00358624 0 0 0 0 0 0
0 278 54.7771 0.00833957 15.9121 0.00251371 60.3985 0.00514322 0 0 0 0 0 0
0 279 55.1181 0.00991295 16.0579 0.00482906 60.6188 0.00541432 0 0 0 0 0 0
0 280 55.4432 0.0139793 16.2122 0.00517563 60.8637 0.0025266 0 0 0 0 0 0
0 281 55.719 0.0086978 16.3583 0.00397213 61.144 0.00387412 0 0 0 0 0 0
0 282 55.9742 0.0084893 16.5857 0.00355756 61.3822 0.00299024 0 0 0 0 0 0
0 283 56.3129 0.00950061 16.7913 0.00343819 61.6656 0.00269636 0 0 0 0 0 0
0 284 56.699 0.00582158 16.9505 0.00617937 61.9993 0.00184576 0 0 0 0 0 0
0 285 57.0622 0.0095255 17.0958 0.00468021 62.1561 0.00191602 0 0 0 0 0 0
0 286 57.4592 0.00659183 17.2526 0.00664193 62.4894 0.00302877 0 0 0 0 0 0
0 287 57.8069 0.00605669 17.3919 0.0059406 62.752 0.00142135 0 0 0 0 0 0
0 288 58.2147 0.0060412 17.568 0.00524737 63.027 0.000939154 0 0 0 0 0 0
0 289 58.5075 0.00644708 17.6806 0.00110146 63.2971 0.00339218 0 0 0 0 0 0
0 290 58.8598 0.00649262 17.8062 0.00327354 63.6562 0.00175353 0 0 0 0 0 0
0 291 59.2111 0.010485 17.956 0.00673345 63.9692 0.00244279 0 0 0 0 0 0
0 292 59.5293 0.00941418 18.0814 0.00884696 64.3065 0.00288483 0 0 0 0 0 0
0 293 59.961 0.00930764 18.2101 0.00899248 64.659 0.00303736 0 0 0 0 0 0
0 294 60.3141 0.01139 18.3173 0.0112778 64.8833 0.00911227 0 0 0 0 0 0
0 295 60.7416 0.00979088 18.4372 0.0101085 65.2048 0.00656024 0 0 0 0 0 0
0 296 61.0749 0.0105976 18.6038 0.00858637 65.4594 0.00759642 0 0 0 0 0 0
0 297 61.4728 0.0155929 18.7611 0.00742786 65.774 0.00808901 0 0 0 0 0 0
0 298 61.8453 0.00696493 18.8703 0.0106678 66.0973 0.00640828 0 0 0 0 0 0
0 299 62.3003 0.0123799 19.0147 0.00406927 66.3157 0.00573211 0 0 0 0 0 0
0 300 62.7912 0.00743947 19.0662 0.00762027 66.593 0.00522809 0 0 0 0 0 0
0 301 63.2316 0.0102701 19.1147 0.0105024 66.9331 0.00603741 0 0 0 0 0 0
0 302 63.5599 0.0121143 19.1917 0.00783089 67.2534 0.00513128 0 0 0 0 0 0
0 303 64.067 0.00854954 19.2673 0.00719948 67.5759 0.00479798 0 0 0 0 0 0
0 304 64.6196 0.0121726 19.3698 0.00861382 67.813 0.00449888 0 0 0 0 0 0
0 305 65.0111 0.00356616 19.4419 0.00520619 68.0856 0.00740556 0 0 0 0 0 0
0 306 65.4983 0.00650926 19.4999 0.00585809 68.3816 0.0060492 0 0 0 0 0 0
0 307 65.9638 0.0167251 19.6503 0.00691294 68.6217 0.00316381 0 0 0 0 0 0
0 308 66.507 0.00782495 19.7142 0.0068947 68.9179 0.00345702 0 0 0 0 0 0
0 309 66.8364 0.00337696 19.7651 0.00712578 69.1323 0.00382028 0 0 0 0 0 0
0 310 67.3389 0.0040892 19.8145 0.00913664 69.4438 0.00337696 0 0 0 0 0 0
0 311 67.7648 0.00802047 19.8263 0.00892441 69.7278 0.00760282 0 0 0 0 0 0
0 312 68.249 0.00747224 19.8774 0.00551657 70.0452 0.00685454 0 0 0 0 0 0
0 313 68.7152 0.0106891 19.9085 0.00785785 70.2671 0.00749199 0 0 0 0 0 0
0 314 69.196 0.0106046 19.9425 0.00627187 70.6011 0.00979257 0 0 0 0 0 0
0 315 69.7498 0.0126424 20.0269 0.00314559 70.9058 0.0107806 0 0 0 0 0 0
0 316 70.1886 0.0101824 20.0455 0.00537903 71.2125 0.008186 0 0 0 0 0 0
0 317 70.6897 0.00777289 20.058 0.00413949 71.4627 0.0119468 0 0 0 0 0 0
0 318 71.3057 0.0099798 20.0719 0.00323676 71.7942 0.00645645 0 0 0 0 0 0
0 319 71.7722 0.00452854 20.0408 0.00268067 72.0858 0.00694139 0 0 0 0 0 0
0 320 72.2033 0.00655591 20.048 0.00380857 72.3211 0.00415343 0 0 0 0 0 0
0 321 72.7467 0.00448533 20.0568 0.00366154 72.5993 0.0051388 0 0 0 0 0 0
0 322 73.2541 0.00791111 20.0039 0.00459915 72.9454 0.00479738 0 0 0 0 0 0
0 323 73.8181 0.00902308 19.9762 0.00334114 73.2681 0.00715193 0 0 0 0 0 0
0 324 74.323 0.00865332 20.0284 0.000793865 73.5028 0.00690288 0 0 0 0 0 0
0 325 74.8487 0.00997916 20.0048 0.00514439 73.8029 0.00531552 0 0 0 0 0 0
0 326 75.3671 0.0181353 19.98 0.00255815 74.1299 0.00782217 0 0 0 0 0 0
0 327 75.9084 0.0140133 19.9857 0.00193422 74.4495 0.00557184 0 0 0 0 0 0
0 328 76.4269 0.0149515 20.001 0.00612061 74.6301 0.00350668 0 0 0 0 0 0
0 329 76.9473 0.0140146 19.9228 0.00565963 74.9754 0.00239674 0 0 0 0 0 0
0 330 77.5418 0.0206446 19.9029 0.00315007 75.3098 0.00960743 0 0 0 0 0 0
0 331 78.0713 0.013616 19.8913 0.00222462 75.6314 0.0078181 0 0 0 0 0 0
0 332 78.6863 0.0194963 19.9026 0.00403777 75.9859 0.00470541 0 0 0 0 0 0
0 333 79.2249 0.0202431 19.8294 0.00473332 76.3412 0.00215428 0 0 0 0 0 0
0 334 79.6979 0.0179832 19.8874 0.00657764 76.6711 0.00233256 0 0 0 0 0 0
0 335 80.2977 0.019257 19.8111 0.00242128 77.0518 0.00179976 0 0 0 0 0 0
0 336 80.8192 0.0252884 19.8488 0.00336082 77.3618 0.00239413 0 0 0 0 0 0
0 337 81.3344 0.0144184 19.7678 0.00367766 77.7884 0.00422984 0 0 0 0 0 0
0 338 81.8406 0.0164327 19.7678 0.0035603 78.1305 0.00153209 0 0 0 0 0 0
0 339 82.3922 0.015247 19.7821 0.00309718 78.5703 0.00121257 0 0 0 0 0 0
0 340 82.9665 0.0180146 19.7331 0.00156804 78.9897 0.00447778 0 0 0 0 0 0
0 341 83.4066 0.0184378 19.7574 0.00403911 79.304 0.00289185 0 0 0 0 0 0
0 342 83.9663 0.0285799 19.6753 0.00524857 79.772 0.00555902 0 0 0 0 0 0
0 343 84.526 0.0221029 19.6333 0.0045959 80.2562 0.00343769 0 0 0 0 0 0
0 344 84.9922 0.0297769 19.6351 0.00393115 80.6084 0.00555861 0 0 0 0 0 0
0 345 85.5256 0.025975 19.5895 0.00542308 81.0163 0.00583678 0 0 0 0 0 0
0 346 85.9434 0.0233325 19.6484 0.00528646 81.363 0.00709153 0 0 0 0 0 0
0 347 86.4169 0.0203371 19.6485 0.00562194 81.8447 0.00610854 0 0 0 0 0 0
0 348 86.8584 0.0270284 19.7033 0.0116127 82.3656 0.00323622 0 0 0 0 0 0
0 349 87.3974 0.022085 19.7281 0.00832315 82.7596 0.00463083 0 0 0 0 0 0
0 350 87.8452 0.0197959 19.7128 0.0057563 83.3361 0.00532828 0 0 0 0 0 0
0 351 88.3004 0.0165186 19.6777 0.0112013 83.754 0.00689252 0 0 0 0 0 0
0 352 88.7586 0.022115 19.6172 0.00441072 84.3012 0.00731696 0 0 0 0 0 0
0 353 89.1515 0.0206226 19.7407 0.00796657 84.8451 0.00977896 0 0 0 0 0 0
0 354 89.7027 0.0121344 19.7507 0.00386441 85.3402 0.00734783 0 0 0 0 0 0
0 355 90.1396 0.0167832 19.7735 0.00379081 85.9012 0.00772086 0 0 0 0 0 0
0 356 90.5672 0.0146341 19.8442 0.00190823 86.3501 0.00924322 0 0 0 0 0 0
0 357 90.9352 0.0328391 19.8676 0.00464165 86.9184 0.0101213 0 0 0 0 0 0
0 358 91.3863 0.0189357 19.9378 0.00502171 87.4554 0.00596223 0 0 0 0 0 0
0 359 91.841 0.0197042 19.9341 0.00495158 87.9488 0.0100386 0 0 0 0 0 0
0 360 92.2985 0.0218603 19.9639 0.00639937 88.4534 0.00625121 0 0 0 0 0 0
0 361 92.6607 0.0203163 20.0862 0.00435308 89.0072 0.00564633 0 0 0 0 0 0
0 362 93.1147 0.0169194 20.1402 0.00266676 89.5851 0.00380327 0 0 0 0 0 0
0 363 93.5047 0.0156732 20.1606 0.002677 90.1365 0.00311543 0 0 0 0 0 0
0 364 93.9204 0.0149193 20.1676 0.00531587 90.7454 0.0054601 0 0 0 0 0 0
0 365 94.4297 0.0247534 20.1985 0.00562745 91.359 0.00259081 0 0 0 0 0 0
0 366 94.8639 0.0146165 20.2894 0.00927025 92.0047 0.00567299 0 0 0 0 0 0
0 367 95.2115 0.0166436 20.3925 0.00585293 92.5789 0.00116445 0 0 0 0 0 0
0 368 95.6241 0.0163155 20.463 0.00754717 93.0774 0.00661634 0 0 0 0 0 0
0 369 95.9417 0.00892265 20.5488 0.00444619 93.7321 0.00559619 0 0 0 0 0 0
0 370 96.2444 0.0111823 20.683 0.00289033 94.445 0.00377928 0 0 0 0 0 0
0 371 96.6334 0.00806868 20.8218 0.00290663 94.9521 0.00747439 0 0 0 0 0 0
0 372 97.0452 0.00464228 20.9672 0.00620478 95.5823 0.00691717 0 0 0 0 0 0
0 373 97.3847 0.00609881 21.1162 0.00622494 96.24 0.00570672 0 0 0 0 0 0
0 374 97.7445 0.00943468 21.208 0.00635582 96.7863 0.00477371 0 0 0 0 0 0
0 375 98.0328 0.00669914 21.2606 0.00540458 97.438 0.00756944 0 0 0 0 0 0
0 376 98.6486 0.00934154 21.3671 0.00374677 98.0596 0.00505576 0 0 0 0 0 0
0 377 98.9137 0.00595355 21.6069 0.00632732 98.6662 0.00701787 0 0 0 0 0 0
0 378 99.27 0.00735001 21.7768 0.00501983 99.3205 0.00502947 0 0 0 0 0 0
0 379 99.5772 0.00799067 21.9286 0.00396388 99.9695 0.0121935 0 0 0 0 0 0
0 380 99.9691 0.00990165 22.1247 0.00295181 100.59 0.00986712 0 0 0 0 0 0
0 381 100.353 0.0177644 22.357 0.00604035 101.091 0.013356 0 0 0 0 0 0
0 382 100.689 0.0204555 22.5324 0.00820985 101.686 0.0141889 0 0 0 0 0 0
0 383 100.96 0.0307742 22.6982 0.0056496 102.397 0.0206348 0 0 0 0 0 0
0 384 101.502 0.0171468 22.9296 0.00485552 103.082 0.0169693 0 0 0 0 0 0
0 385 101.876 0.0199101 23.1004 0.00933681 103.713 0.0157784 0 0 0 0 0 0
0 386 102.271 0.0260231 23.2613 0.00573383 104.4 0.016821 0 0 0 0 0 0
0 387 102.541 0.0255166 23.361 0.00903502 104.931 0.0177262 0 0 0 0 0 0
0 388 103.037 0.0195223 23.571 0.00684065 105.653 0.014383 0 0 0 0 0 0
0 389 103.583 0.0188155 23.8403 0.00853913 106.209 0.0248355 0 0 0 0 0 0
0 390 104.094 0.0166735 24.1115 0.0125327 106.812 0.0186361 0 0 0 0 0 0
0 391 104.564 0.0154912 24.4144 0.0120582 107.414 0.0193846 0 0 0 0 0 0
0 392 104.863 0.0225276 24.6252 0.0057486 108.01 0.0187466 0 0 0 0 0 0
0 393 105.377 0.0171158 24.8292 0.00429516 108.746 0.0127367 0 0 0 0 0 0
0 394 105.918 0.0199204 25.0246 0.00621361 109.291 0.015748 0 0 0 0 0 0
0 395 106.338 0.0156269 25.3351 0.00355646 109.836 0.0140607 0 0 0 0 0 0
0 396 106.898 0.0186865 25.4907 0.00387123 110.536 0.0162137 0 0 0 0 0 0
0 397 107.342 0.0144986 25.8001 0.00870903 111.112 0.00867193 0 0 0 0 0 0
0 398 107.825 0.0195562 26.0791 0.0117114 111.763 0.0150502 0 0 0 0 0 0
0 399 108.447 0.0300865 26.1873 0.00841579 112.427 0.0113109 0 0 0 0 0 0
0 400 108.921 0.0418748 26.4314 0.00988147 113.01 0.00977492 0 0 0 0 0 0
0 401 109.4 0.0411966 26.7028 0.0059042 113.537 0.0148798 0 0 0 0 0 0
0 402 110.048 0.0374812 26.9071 0.00256164 114.144 0.0110386 0 0 0 0 0 0
0 403 110.464 0.0328334 27.2311 0.0031284 114.656 0.013812 0 0 0 0 0 0
0 404 111.039 0.0426038 27.4899 0.00506228 115.218 0.00981709 0 0 0 0 0 0
0 405 111.58 0.0503173 27.7056 0.00552854 115.783 0.0168716 0 0 0 0 0 0
0 406 112.15 0.03182 28.0069 0.00260271 116.37 0.00972681 0 0 0 0 0 0
0 407 112.738 0.0269831 28.2893 0.00335417 117.021 0.0127985 0 0 0 0 0 0
0 408 113.333 0.031357 28.5254 0.00239017 117.551 0.0146837 0 0 0 0 0 0
0 409 113.836 0.0287931 28.8668 0.00484542 118.263 0.009625 0 0 0 0 0 0
0 410 114.456 0.0403878 29.0701 0.0100417 118.768 0.0237474 0 0 0 0 0 0
0 411 115.2 0.0348153 29.294 0.00714039 119.408 0.0100375 0 0 0 0 0 0
0 412 115.637 0.0282358 29.6464 0.00828792 119.971 0.0121583 0 0 0 0 0 0
0 413 116.411 0.0264619 29.8702 0.00775872 120.602 0.00916463 0 0 0 0 0 0
0 414 117.068 0.0232479 30.132 0.00392315 121.277 0.0125335 0 0 0 0 0 0
0 415 117.75 0.0309685 30.3843 0.00180799 121.86 0.0138995 0 0 0 0 0 0
0 416 118.553 0.0323499 30.5925 0.00503711 122.446 0.0128313 0 0 0 0 0 0
0 417 119.117 0.0330851 30.8085 0.00574993 123.081 0.0164938 0 0 0 0 0 0
0 418 119.809 0.0288458 31.1321 0.00481912 123.614 0.0204827 0 0 0 0 0 0
0 419 120.391 0.0147066 31.4164 0.00482893 124.266 0.0141958 0 0 0 0 0 0
0 420 121.08 0.0282097 31.6973 0.00543087 124.916 0.0195089 0 0 0 0 0 0
0 421 121.779 0.0235828 31.9761 0.00573557 125.43 0.0175456 0 0 0 0 0 0
0 422 122.573 0.0326029 32.2773 0.00456832 126.158 0.0154924 0 0 0 0 0 0
0 423 123.283 0.0161066 32.496 0.00520691 126.74 0.0148736 0 0 0 0 0 0
0 424 123.996 0.0229437 32.7135 0.00574186 127.286 0.0155359 0 0 0 0 0 0
0 425 124.664 0.0189964 32.9473 0.00437114 127.884 0.00730516 0 0 0 0 0 0
0 426 125.429 0.013918 33.2283 0.0037591 128.51 0.0148541 0 0 0 0 0 0
0 427 126.201 0.0206404 33.4273 0.00478752 129.019 0.011737 0 0 0 0 0 0
0 428 126.922 0.0160781 33.6974 0.00539803 129.734 0.0140483 0 0 0 0 0 0
0 429 127.662 0.0173728 34.0077 0.00370639 130.223 0.0135604 0 0 0 0 0 0
0 430 128.421 0.0148259 34.3068 0.00944863 130.83 0.0171924 0 0 0 0 0 0
0 431 129.139 0.0133186 34.5823 0.00589814 131.597 0.0144323 0 0 0 0 0 0
0 432 129.845 0.0107691 34.9717 0.0077968 132.179 0.0145852 0 0 0 0 0 0
0 433 130.591 0.0112093 35.3139 0.00496271 132.907 0.0131388 0 0 0 0 0 0
0 434 131.499 0.0103694 35.3732 0.00629678 133.506 0.00842013 0 0 0 0 0 0
0 435 132.317 0.011603 35.5612 0.00382973 134.097 0.010023 0 0 0 0 0 0
0 436 133.106 0.00762905 35.7646 0.00298188 134.81 0.0175625 0 0 0 0 0 0
0 437 133.882 0.0139617 36.0599 0.0058044 135.313 0.00659779 0 0 0 0 0 0
0 438 134.7 0.0290933 36.2361 0.00836907 135.965 0.014758 0 0 0 0 0 0
0 439 135.379 0.0187813 36.4687 0.0104766 136.58 0.0164367 0 0 0 0 0 0
0 440 136.325 0.0173292 36.6285 0.00672358 137.188 0.00830306 0 0 0 0 0 0
0 441 137.108 0.037285 36.8204 0.0050817 137.898 0.0117517 0 0 0 0 0 0
0 442 137.968 0.0347664 37.036 0.00412067 138.475 0.014435 0 0 0 0 0 0
0 443 138.771 0.0329562 37.1814 0.00795912 139.084 0.0106586 0 0 0 0 0 0
0 444 139.625 0.0323753 37.4023 0.00872654 139.761 0.0156917 0 0 0 0 0 0
0 445 140.54 0.0251955 37.6242 0.0116308 140.45 0.0113398 0 0 0 0 0 0
0 446 141.297 0.0248376 37.8397 0.00853917 141.124 0.0171062 0 0 0 0 0 0
0 447 142.271 0.0279572 37.986 0.0078058 141.804 0.0111306 0 0 0 0 0 0
0 448 143.039 0.0237727 38.1478 0.00571361 142.592 0.012342 0 0 0 0 0 0
0 449 143.851 0.0181224 38.3925 0.00836098 143.071 0.00592744 0 0 0 0 0 0
0 450 144.568 0.0147445 38.5702 0.00853547 143.778 0.00717392 0 0 0 0 0 0
0 451 145.461 0.020482 38.6761 0.0135511 144.293 0.00840272 0 0 0 0 0 0
0 452 146.177 0.016129 38.8699 0.0107943 145.015 0.010723 0 0 0 0 0 0
0 453 147.121 0.0232036 39.1073 0.0116495 145.73 0.00571868 0 0 0 0 0 0
0 454 147.945 0.0159392 39.28 0.0117612 146.442 0.0107031 0 0 0 0 0 0
0 455 148.775 0.00673716 39.429 0.0104564 147.054 0.0133507 0 0 0 0 0 0
0 456 149.676 0.00347203 39.5417 0.00344385 147.815 0.00782229 0 0 0 0 0 0
0 457 150.546 0.00465475 39.6647 0.00350436 148.479 0.0117984 0 0 0 0 0 0
0 458 151.343 0.00745881 39.7384 0.00608467 149.276 0.00904169 0 0 0 0 0 0
0 459 152.232 0.00565233 39.8235 0.00803399 149.829 0.0142066 0 0 0 0 0 0
0 460 153.019 0.0112857 40.009 0.00959686 150.645 0.0173396 0 0 0 0 0 0
0 461 153.787 0.0126658 40.1342 0.00343235 151.255 0.00997297 0 0 0 0 0 0
0 462 154.601 0.0150293 40.0756 0.00962296 151.944 0.0187499 0 0 0 0 0 0
0 463 155.326 0.0217738 40.2789 0.00913616 152.633 0.0200848 0 0 0 0 0 0
0 464 156.294 0.0131824 40.4086 0.0105713 153.247 0.00985085 0 0 0 0 0 0
0 465 157.078 0.0145035 40.6261 0.00805429 153.89 0.0194382 0 0 0 0 0 0
0 466 157.778 0.013283 40.7754 0.00849651 154.647 0.0140761 0 0 0 0 0 0
0 467 158.624 0.0106536 40.9254 0.00517926 155.28 0.0104902 0 0 0 0 0 0
0 468 159.572 0.0144386 40.9362 0.00515512 155.928 0.0115699 0 0 0 0 0 0
0 469 160.434 0.010665 41.1456 0.0088329 156.593 0.0122974 0 0 0 0 0 0
0 470 161.001 0.00733391 41.2188 0.00838817 157.238 0.00984321 0 0 0 0 0 0
0 471 161.766 0.0100317 41.3187 0.0170583 158.041 0.0178267 0 0 0 0 0 0
0 472 162.702 0.0157941 41.3889 0.0134383 158.744 0.0220913 0 0 0 0 0 0
0 473 163.489 0.0193572 41.3442 0.0114174 159.607 0.0212079 0 0 0 0 0 0
0 474 164.266 0.0156519 41.4927 0.00797215 160.247 0.0250618 0 0 0 0 0 0
0 475 164.968 0.0139305 41.6673 0.00584113 160.937 0.0150031 0 0 0 0 0 0
0 476 165.839 0.0270016 41.74 0.00892446 161.642 0.0133914 0 0 0 0 0 0
0 477 166.551 0.018164 41.7885 0.00763322 162.397 0.0249645 0 0 0 0 0 0
0 478 167.291 0.0315139 41.9358 0.00621019 163 0.021472 0 0 0 0 0 0
0 479 167.953 0.0352472 42.0626 0.00350548 163.894 0.0243477 0 0 0 0 0 0
0 480 168.69 0.0447717 42.082 0.00394147 164.607 0.0165888 0 0 0 0 0 0
0 481 169.467 0.0225807 42.3269 0.00801963 165.26 0.0198809 0 0 0 0 0 0
0 482 170.143 0.0155597 42.4087 0.00515724 165.981 0.0185441 0 0 0 0 0 0
0 483 170.866 0.0175363 42.4774 0.00653173 166.711 0.0158175 0 0 0 0 0 0
0 484 171.606 0.0201213 42.5641 0.0069286 167.56 0.0140726 0 0 0 0 0 0
0 485 172.207 0.0102516 42.6215 0.00739995 168.259 0.00802718 0 0 0 0 0 0
0 486 172.956 0.0159466 42.7158 0.0071895 168.858 0.0115469 0 0 0 0 0 0
0 487 173.554 0.0244281 42.7797 0.00502149 169.752 0.0116535 0 0 0 0 0 0
0 488 174.271 0.0276299 42.9773 0.0100309 170.49 0.00875596 0 0 0 0 0 0
0 489 174.97 0.0314836 43.039 0.0143899 171.258 0.0127187 0 0 0 0 0 0
0 490 175.711 0.0225454 43.1361 0.0124525 172.031 0.0115379 0 0 0 0 0 0
0 491 176.275 0.0291343 43.2801 0.00861357 172.723 0.0131463 0 0 0 0 0 0
0 492 177.015 0.0303405 43.33 0.00752165 173.457 0.0138217 0 0 0 0 0 0
0 493 177.61 0.0306903 43.4467 0.00800372 174.198 0.0131768 0 0 0 0 0 0
0 494 178.326 0.0259794 43.6293 0.00346501 174.876 0.0175316 0 0 0 0 0 0
0 495 178.926 0.0135645 43.7467 0.00673958 175.692 0.014459 0 0 0 0 0 0
0 496 179.445 0.0163373 43.8906 0.00586456 176.525 0.022847 0 0 0 0 0 0
0 497 180.326 0.0271344 43.9103 0.00951305 177.279 0.0360741 0 0 0 0 0 0
0 498 180.938 0.0171609 44.0641 0.00324041 178.107 0.0211759 0 0 0 0 0 0
0 499 181.616 0.0175453 44.1691 0.00313 178.966 0.0271548 0 0 0 0 0 0


